

Microchip MPLAB XC8 Assembler V2.20 build 20200408173844 
                                                                                               Tue May 23 16:07:01 2023

Microchip MPLAB XC8 C Compiler v2.20 (Free license) build 20200408173844 Og1 
     1                           	processor	16F877A
     2                           	pagewidth 120
     3                           	opt	flic
     4                           	psect	idataCOMMON,global,class=CODE,delta=2,noexec
     5                           	psect	cinit,global,class=CODE,merge=1,delta=2
     6                           	psect	bssCOMMON,global,class=COMMON,space=1,delta=1,noexec
     7                           	psect	dataCOMMON,global,class=COMMON,space=1,delta=1,noexec
     8                           	psect	cstackCOMMON,global,class=COMMON,space=1,delta=1,noexec
     9                           	psect	maintext,global,class=CODE,split=1,delta=2
    10                           	psect	text1,local,class=CODE,merge=1,delta=2
    11                           	psect	text2,local,class=CODE,merge=1,delta=2
    12                           	psect	text3,local,class=CODE,merge=1,delta=2
    13                           	psect	text4,local,class=CODE,merge=1,delta=2
    14                           	psect	text5,local,class=CODE,merge=1,delta=2
    15                           	psect	text6,local,class=CODE,merge=1,delta=2
    16                           	psect	intentry,global,class=CODE,delta=2
    17                           	psect	config,global,abs,ovrld,class=CONFIG,space=4,delta=2,noexec
    18                           	dabs	1,0x7E,2
    19  0000                     
    20                           ; Version 2.20
    21                           ; Generated 12/02/2020 GMT
    22                           ; 
    23                           ; Copyright © 2020, Microchip Technology Inc. and its subsidiaries ("Microchip")
    24                           ; All rights reserved.
    25                           ; 
    26                           ; This software is developed by Microchip Technology Inc. and its subsidiaries ("Microch
      +                          ip").
    27                           ; 
    28                           ; Redistribution and use in source and binary forms, with or without modification, are
    29                           ; permitted provided that the following conditions are met:
    30                           ; 
    31                           ;     1. Redistributions of source code must retain the above copyright notice, this lis
      +                          t of
    32                           ;        conditions and the following disclaimer.
    33                           ; 
    34                           ;     2. Redistributions in binary form must reproduce the above copyright notice, this 
      +                          list
    35                           ;        of conditions and the following disclaimer in the documentation and/or other
    36                           ;        materials provided with the distribution.
    37                           ; 
    38                           ;     3. Microchip's name may not be used to endorse or promote products derived from th
      +                          is
    39                           ;        software without specific prior written permission.
    40                           ; 
    41                           ; THIS SOFTWARE IS PROVIDED BY MICROCHIP "AS IS" AND ANY EXPRESS OR IMPLIED WARRANTIES,
    42                           ; INCLUDING, BUT NOT LIMITED TO, THE IMPLIED WARRANTIES OF MERCHANTABILITY AND FITNESS F
      +                          OR
    43                           ; PURPOSE ARE DISCLAIMED.  IN NO EVENT SHALL MICROCHIP BE LIABLE FOR ANY DIRECT, INDIREC
      +                          T,
    44                           ; INCIDENTAL, SPECIAL, EXEMPLARY, OR CONSEQUENTIAL DAMAGES (INCLUDING BUT NOT LIMITED TO
    45                           ; PROCUREMENT OF SUBSTITUTE GOODS OR SERVICES; LOSS OF USE, DATA OR PROFITS; OR BUSINESS
    46                           ; INTERRUPTION) HOWSOEVER CAUSED AND ON ANY THEORY OF LIABILITY, WHETHER IN CONTRACT, ST
      +                          RICT
    47                           ; LIABILITY, OR TORT (INCLUDING NEGLIGENCE OR OTHERWISE) ARISING IN ANY WAY OUT OF THE U
      +                          SE OF
    48                           ; THIS SOFTWARE, EVEN IF ADVISED OF THE POSSIBILITY OF SUCH DAMAGE.
    49                           ; 
    50                           ; 
    51                           ; Code-generator required, PIC16F877A Definitions
    52                           ; 
    53                           ; SFR Addresses
    54  0000                     	;# 
    55  0001                     	;# 
    56  0002                     	;# 
    57  0003                     	;# 
    58  0004                     	;# 
    59  0005                     	;# 
    60  0006                     	;# 
    61  0007                     	;# 
    62  0008                     	;# 
    63  0009                     	;# 
    64  000A                     	;# 
    65  000B                     	;# 
    66  000C                     	;# 
    67  000D                     	;# 
    68  000E                     	;# 
    69  000E                     	;# 
    70  000F                     	;# 
    71  0010                     	;# 
    72  0011                     	;# 
    73  0012                     	;# 
    74  0013                     	;# 
    75  0014                     	;# 
    76  0015                     	;# 
    77  0015                     	;# 
    78  0016                     	;# 
    79  0017                     	;# 
    80  0018                     	;# 
    81  0019                     	;# 
    82  001A                     	;# 
    83  001B                     	;# 
    84  001B                     	;# 
    85  001C                     	;# 
    86  001D                     	;# 
    87  001E                     	;# 
    88  001F                     	;# 
    89  0081                     	;# 
    90  0085                     	;# 
    91  0086                     	;# 
    92  0087                     	;# 
    93  0088                     	;# 
    94  0089                     	;# 
    95  008C                     	;# 
    96  008D                     	;# 
    97  008E                     	;# 
    98  0091                     	;# 
    99  0092                     	;# 
   100  0093                     	;# 
   101  0094                     	;# 
   102  0098                     	;# 
   103  0099                     	;# 
   104  009C                     	;# 
   105  009D                     	;# 
   106  009E                     	;# 
   107  009F                     	;# 
   108  010C                     	;# 
   109  010D                     	;# 
   110  010E                     	;# 
   111  010F                     	;# 
   112  018C                     	;# 
   113  018D                     	;# 
   114  0000                     	;# 
   115  0001                     	;# 
   116  0002                     	;# 
   117  0003                     	;# 
   118  0004                     	;# 
   119  0005                     	;# 
   120  0006                     	;# 
   121  0007                     	;# 
   122  0008                     	;# 
   123  0009                     	;# 
   124  000A                     	;# 
   125  000B                     	;# 
   126  000C                     	;# 
   127  000D                     	;# 
   128  000E                     	;# 
   129  000E                     	;# 
   130  000F                     	;# 
   131  0010                     	;# 
   132  0011                     	;# 
   133  0012                     	;# 
   134  0013                     	;# 
   135  0014                     	;# 
   136  0015                     	;# 
   137  0015                     	;# 
   138  0016                     	;# 
   139  0017                     	;# 
   140  0018                     	;# 
   141  0019                     	;# 
   142  001A                     	;# 
   143  001B                     	;# 
   144  001B                     	;# 
   145  001C                     	;# 
   146  001D                     	;# 
   147  001E                     	;# 
   148  001F                     	;# 
   149  0081                     	;# 
   150  0085                     	;# 
   151  0086                     	;# 
   152  0087                     	;# 
   153  0088                     	;# 
   154  0089                     	;# 
   155  008C                     	;# 
   156  008D                     	;# 
   157  008E                     	;# 
   158  0091                     	;# 
   159  0092                     	;# 
   160  0093                     	;# 
   161  0094                     	;# 
   162  0098                     	;# 
   163  0099                     	;# 
   164  009C                     	;# 
   165  009D                     	;# 
   166  009E                     	;# 
   167  009F                     	;# 
   168  010C                     	;# 
   169  010D                     	;# 
   170  010E                     	;# 
   171  010F                     	;# 
   172  018C                     	;# 
   173  018D                     	;# 
   174  0000                     	;# 
   175  0001                     	;# 
   176  0002                     	;# 
   177  0003                     	;# 
   178  0004                     	;# 
   179  0005                     	;# 
   180  0006                     	;# 
   181  0007                     	;# 
   182  0008                     	;# 
   183  0009                     	;# 
   184  000A                     	;# 
   185  000B                     	;# 
   186  000C                     	;# 
   187  000D                     	;# 
   188  000E                     	;# 
   189  000E                     	;# 
   190  000F                     	;# 
   191  0010                     	;# 
   192  0011                     	;# 
   193  0012                     	;# 
   194  0013                     	;# 
   195  0014                     	;# 
   196  0015                     	;# 
   197  0015                     	;# 
   198  0016                     	;# 
   199  0017                     	;# 
   200  0018                     	;# 
   201  0019                     	;# 
   202  001A                     	;# 
   203  001B                     	;# 
   204  001B                     	;# 
   205  001C                     	;# 
   206  001D                     	;# 
   207  001E                     	;# 
   208  001F                     	;# 
   209  0081                     	;# 
   210  0085                     	;# 
   211  0086                     	;# 
   212  0087                     	;# 
   213  0088                     	;# 
   214  0089                     	;# 
   215  008C                     	;# 
   216  008D                     	;# 
   217  008E                     	;# 
   218  0091                     	;# 
   219  0092                     	;# 
   220  0093                     	;# 
   221  0094                     	;# 
   222  0098                     	;# 
   223  0099                     	;# 
   224  009C                     	;# 
   225  009D                     	;# 
   226  009E                     	;# 
   227  009F                     	;# 
   228  010C                     	;# 
   229  010D                     	;# 
   230  010E                     	;# 
   231  010F                     	;# 
   232  018C                     	;# 
   233  018D                     	;# 
   234  0000                     	;# 
   235  0001                     	;# 
   236  0002                     	;# 
   237  0003                     	;# 
   238  0004                     	;# 
   239  0005                     	;# 
   240  0006                     	;# 
   241  0007                     	;# 
   242  0008                     	;# 
   243  0009                     	;# 
   244  000A                     	;# 
   245  000B                     	;# 
   246  000C                     	;# 
   247  000D                     	;# 
   248  000E                     	;# 
   249  000E                     	;# 
   250  000F                     	;# 
   251  0010                     	;# 
   252  0011                     	;# 
   253  0012                     	;# 
   254  0013                     	;# 
   255  0014                     	;# 
   256  0015                     	;# 
   257  0015                     	;# 
   258  0016                     	;# 
   259  0017                     	;# 
   260  0018                     	;# 
   261  0019                     	;# 
   262  001A                     	;# 
   263  001B                     	;# 
   264  001B                     	;# 
   265  001C                     	;# 
   266  001D                     	;# 
   267  001E                     	;# 
   268  001F                     	;# 
   269  0081                     	;# 
   270  0085                     	;# 
   271  0086                     	;# 
   272  0087                     	;# 
   273  0088                     	;# 
   274  0089                     	;# 
   275  008C                     	;# 
   276  008D                     	;# 
   277  008E                     	;# 
   278  0091                     	;# 
   279  0092                     	;# 
   280  0093                     	;# 
   281  0094                     	;# 
   282  0098                     	;# 
   283  0099                     	;# 
   284  009C                     	;# 
   285  009D                     	;# 
   286  009E                     	;# 
   287  009F                     	;# 
   288  010C                     	;# 
   289  010D                     	;# 
   290  010E                     	;# 
   291  010F                     	;# 
   292  018C                     	;# 
   293  018D                     	;# 
   294  0000                     	;# 
   295  0001                     	;# 
   296  0002                     	;# 
   297  0003                     	;# 
   298  0004                     	;# 
   299  0005                     	;# 
   300  0006                     	;# 
   301  0007                     	;# 
   302  0008                     	;# 
   303  0009                     	;# 
   304  000A                     	;# 
   305  000B                     	;# 
   306  000C                     	;# 
   307  000D                     	;# 
   308  000E                     	;# 
   309  000E                     	;# 
   310  000F                     	;# 
   311  0010                     	;# 
   312  0011                     	;# 
   313  0012                     	;# 
   314  0013                     	;# 
   315  0014                     	;# 
   316  0015                     	;# 
   317  0015                     	;# 
   318  0016                     	;# 
   319  0017                     	;# 
   320  0018                     	;# 
   321  0019                     	;# 
   322  001A                     	;# 
   323  001B                     	;# 
   324  001B                     	;# 
   325  001C                     	;# 
   326  001D                     	;# 
   327  001E                     	;# 
   328  001F                     	;# 
   329  0081                     	;# 
   330  0085                     	;# 
   331  0086                     	;# 
   332  0087                     	;# 
   333  0088                     	;# 
   334  0089                     	;# 
   335  008C                     	;# 
   336  008D                     	;# 
   337  008E                     	;# 
   338  0091                     	;# 
   339  0092                     	;# 
   340  0093                     	;# 
   341  0094                     	;# 
   342  0098                     	;# 
   343  0099                     	;# 
   344  009C                     	;# 
   345  009D                     	;# 
   346  009E                     	;# 
   347  009F                     	;# 
   348  010C                     	;# 
   349  010D                     	;# 
   350  010E                     	;# 
   351  010F                     	;# 
   352  018C                     	;# 
   353  018D                     	;# 
   354                           
   355                           	psect	idataCOMMON
   356  00CC                     __pidataCOMMON:
   357                           
   358                           ;initializer for read_digital_keypad@once
   359  00CC  3401               	retlw	1
   360  000E                     _TMR1L	set	14
   361  000F                     _TMR1H	set	15
   362  0001                     _TMR0	set	1
   363  0008                     _PORTD	set	8
   364  0006                     _PORTB	set	6
   365  0092                     _TMR2ON	set	146
   366  0091                     _T2CKPS1	set	145
   367  0090                     _T2CKPS0	set	144
   368  0080                     _TMR1ON	set	128
   369  0081                     _TMR1CS	set	129
   370  0084                     _T1CKPS0	set	132
   371  0085                     _T1CKPS1	set	133
   372  005D                     _TMR0IE	set	93
   373  0042                     _RD2	set	66
   374  0061                     _TMR2IF	set	97
   375  0041                     _RD1	set	65
   376  0060                     _TMR1IF	set	96
   377  0040                     _RD0	set	64
   378  005A                     _TMR0IF	set	90
   379  005F                     _GIE	set	95
   380  005E                     _PEIE	set	94
   381  0092                     _PR2	set	146
   382  0088                     _TRISD	set	136
   383  0086                     _TRISB	set	134
   384  0461                     _TMR2IE	set	1121
   385  0460                     _TMR1IE	set	1120
   386  040B                     _PSA	set	1035
   387  040D                     _T0CS	set	1037
   388                           
   389                           	psect	cinit
   390  000F                     start_initialization:	
   391                           ; #config settings
   392                           
   393  000F                     __initialization:
   394                           
   395                           ; Initialize objects allocated to COMMON
   396  000F  120A  118A  20CC  120A  118A  	fcall	__pidataCOMMON	;fetch initializer
   397  0014  00F8               	movwf	__pdataCOMMON& (0+127)
   398                           
   399                           ; Clear objects allocated to COMMON
   400  0015  01F0               	clrf	__pbssCOMMON& (0+127)
   401  0016  01F1               	clrf	(__pbssCOMMON+1)& (0+127)
   402  0017  01F2               	clrf	(__pbssCOMMON+2)& (0+127)
   403  0018  01F3               	clrf	(__pbssCOMMON+3)& (0+127)
   404  0019  01F4               	clrf	(__pbssCOMMON+4)& (0+127)
   405  001A  01F5               	clrf	(__pbssCOMMON+5)& (0+127)
   406  001B                     end_of_initialization:	
   407                           ;End of C runtime variable initialization code
   408                           
   409  001B                     __end_of__initialization:
   410  001B  0183               	clrf	3
   411  001C  120A  118A  28BD   	ljmp	_main	;jump to C main() function
   412                           
   413                           	psect	bssCOMMON
   414  0070                     __pbssCOMMON:
   415  0070                     isr@count3:
   416  0070                     	ds	2
   417  0072                     isr@count2:
   418  0072                     	ds	2
   419  0074                     isr@count1:
   420  0074                     	ds	2
   421                           
   422                           	psect	dataCOMMON
   423  0078                     __pdataCOMMON:
   424  0078                     read_digital_keypad@once:
   425  0078                     	ds	1
   426                           
   427                           	psect	cstackCOMMON
   428  0076                     __pcstackCOMMON:
   429  0076                     ?_init_timer0:
   430  0076                     ?_init_timer1:	
   431                           ; 1 bytes @ 0x0
   432                           
   433  0076                     ?_init_timer2:	
   434                           ; 1 bytes @ 0x0
   435                           
   436  0076                     ?_init_digital_keypad:	
   437                           ; 1 bytes @ 0x0
   438                           
   439  0076                     ?_init_config:	
   440                           ; 1 bytes @ 0x0
   441                           
   442  0076                     ?_main:	
   443                           ; 1 bytes @ 0x0
   444                           
   445  0076                     ?_isr:	
   446                           ; 1 bytes @ 0x0
   447                           
   448  0076                     ??_isr:	
   449                           ; 1 bytes @ 0x0
   450                           
   451                           
   452                           ; 1 bytes @ 0x0
   453  0076                     	ds	2
   454  0078                     ??_init_timer0:
   455  0078                     ??_init_timer1:	
   456                           ; 1 bytes @ 0x2
   457                           
   458  0078                     ??_init_timer2:	
   459                           ; 1 bytes @ 0x2
   460                           
   461  0078                     ??_init_digital_keypad:	
   462                           ; 1 bytes @ 0x2
   463                           
   464  0078                     ??_init_config:	
   465                           ; 1 bytes @ 0x2
   466                           
   467  0078                     ??_main:	
   468                           ; 1 bytes @ 0x2
   469                           
   470                           
   471                           	psect	maintext
   472  00BD                     __pmaintext:	
   473                           ; 1 bytes @ 0x2
   474 ;;
   475 ;;Main: autosize = 0, tempsize = 0, incstack = 0, save=0
   476 ;;
   477 ;; *************** function _main *****************
   478 ;; Defined at:
   479 ;;		line 34 in file "main.c"
   480 ;; Parameters:    Size  Location     Type
   481 ;;		None
   482 ;; Auto vars:     Size  Location     Type
   483 ;;		None
   484 ;; Return value:  Size  Location     Type
   485 ;;                  1    wreg      void 
   486 ;; Registers used:
   487 ;;		wreg, status,2, status,0, pclath, cstack
   488 ;; Tracked objects:
   489 ;;		On entry : B00/0
   490 ;;		On exit  : 0/0
   491 ;;		Unchanged: 0/0
   492 ;; Data sizes:     COMMON   BANK0   BANK1   BANK3   BANK2
   493 ;;      Params:         0       0       0       0       0
   494 ;;      Locals:         0       0       0       0       0
   495 ;;      Temps:          0       0       0       0       0
   496 ;;      Totals:         0       0       0       0       0
   497 ;;Total ram usage:        0 bytes
   498 ;; Hardware stack levels required when called:    3
   499 ;; This function calls:
   500 ;;		_init_config
   501 ;; This function is called by:
   502 ;;		Startup code after reset
   503 ;; This function uses a non-reentrant model
   504 ;;
   505                           
   506                           
   507                           ;psect for function _main
   508  00BD                     _main:
   509  00BD                     l776:	
   510                           ;incstack = 0
   511                           ; Regs used in _main: [wreg+status,2+status,0+pclath+cstack]
   512                           
   513  00BD  120A  118A  2079  120A  118A  	fcall	_init_config
   514  00C2                     l41:
   515  00C2                     l42:
   516  00C2  28C2               	goto	l41
   517  00C3  120A  118A  280C   	ljmp	start
   518  00C6                     __end_of_main:
   519                           
   520                           	psect	text1
   521  0079                     __ptext1:	
   522 ;; *************** function _init_config *****************
   523 ;; Defined at:
   524 ;;		line 17 in file "main.c"
   525 ;; Parameters:    Size  Location     Type
   526 ;;		None
   527 ;; Auto vars:     Size  Location     Type
   528 ;;		None
   529 ;; Return value:  Size  Location     Type
   530 ;;                  1    wreg      void 
   531 ;; Registers used:
   532 ;;		wreg, status,2, status,0, pclath, cstack
   533 ;; Tracked objects:
   534 ;;		On entry : 0/0
   535 ;;		On exit  : 0/0
   536 ;;		Unchanged: 0/0
   537 ;; Data sizes:     COMMON   BANK0   BANK1   BANK3   BANK2
   538 ;;      Params:         0       0       0       0       0
   539 ;;      Locals:         0       0       0       0       0
   540 ;;      Temps:          0       0       0       0       0
   541 ;;      Totals:         0       0       0       0       0
   542 ;;Total ram usage:        0 bytes
   543 ;; Hardware stack levels used:    1
   544 ;; Hardware stack levels required when called:    2
   545 ;; This function calls:
   546 ;;		_init_digital_keypad
   547 ;;		_init_timer0
   548 ;;		_init_timer1
   549 ;;		_init_timer2
   550 ;; This function is called by:
   551 ;;		_main
   552 ;; This function uses a non-reentrant model
   553 ;;
   554                           
   555                           
   556                           ;psect for function _init_config
   557  0079                     _init_config:
   558  0079                     l738:	
   559                           ;incstack = 0
   560                           ; Regs used in _init_config: [wreg+status,2+status,0+pclath+cstack]
   561                           
   562                           
   563                           ;main.c: 18: void main(void) {
   564  0079  1283               	bcf	3,5	;RP0=0, select bank0
   565  007A  1303               	bcf	3,6	;RP1=0, select bank0
   566  007B  0188               	clrf	8	;volatile
   567                           
   568                           ;main.c: 19: 
   569  007C  1683               	bsf	3,5	;RP0=1, select bank1
   570  007D  1303               	bcf	3,6	;RP1=0, select bank1
   571  007E  0188               	clrf	8	;volatile
   572  007F                     l740:
   573                           
   574                           ;main.c: 21: 
   575  007F  120A  118A  20C6  120A  118A  	fcall	_init_digital_keypad
   576  0084                     l742:
   577                           
   578                           ;main.c: 22: 
   579  0084  120A  118A  20B3  120A  118A  	fcall	_init_timer0
   580  0089                     l744:
   581                           
   582                           ;main.c: 23:     while (1)
   583  0089  120A  118A  2096  120A  118A  	fcall	_init_timer1
   584  008E                     l746:
   585                           
   586                           ;main.c: 24:     {
   587  008E  120A  118A  20A6  120A  118A  	fcall	_init_timer2
   588  0093                     l748:
   589                           
   590                           ;main.c: 27:     return;
   591  0093  170B               	bsf	11,6	;volatile
   592  0094                     l750:
   593  0094  178B               	bsf	11,7	;volatile
   594  0095                     l36:
   595  0095  0008               	return
   596  0096                     __end_of_init_config:
   597                           
   598                           	psect	text2
   599  00A6                     __ptext2:	
   600 ;; *************** function _init_timer2 *****************
   601 ;; Defined at:
   602 ;;		line 43 in file "timers.c"
   603 ;; Parameters:    Size  Location     Type
   604 ;;		None
   605 ;; Auto vars:     Size  Location     Type
   606 ;;		None
   607 ;; Return value:  Size  Location     Type
   608 ;;                  1    wreg      void 
   609 ;; Registers used:
   610 ;;		wreg
   611 ;; Tracked objects:
   612 ;;		On entry : 0/0
   613 ;;		On exit  : 0/0
   614 ;;		Unchanged: 0/0
   615 ;; Data sizes:     COMMON   BANK0   BANK1   BANK3   BANK2
   616 ;;      Params:         0       0       0       0       0
   617 ;;      Locals:         0       0       0       0       0
   618 ;;      Temps:          0       0       0       0       0
   619 ;;      Totals:         0       0       0       0       0
   620 ;;Total ram usage:        0 bytes
   621 ;; Hardware stack levels used:    1
   622 ;; Hardware stack levels required when called:    1
   623 ;; This function calls:
   624 ;;		Nothing
   625 ;; This function is called by:
   626 ;;		_init_config
   627 ;; This function uses a non-reentrant model
   628 ;;
   629                           
   630                           
   631                           ;psect for function _init_timer2
   632  00A6                     _init_timer2:
   633  00A6                     l730:	
   634                           ;incstack = 0
   635                           ; Regs used in _init_timer2: [wreg]
   636                           
   637                           
   638                           ;timers.c: 46:     T2CKPS0 = 1;
   639  00A6  1283               	bcf	3,5	;RP0=0, select bank0
   640  00A7  1303               	bcf	3,6	;RP1=0, select bank0
   641  00A8  1412               	bsf	18,0	;volatile
   642                           
   643                           ;timers.c: 47:     T2CKPS1 = 1;
   644  00A9  1492               	bsf	18,1	;volatile
   645  00AA                     l732:
   646                           
   647                           ;timers.c: 50:     PR2 = 250;
   648  00AA  30FA               	movlw	250
   649  00AB  1683               	bsf	3,5	;RP0=1, select bank1
   650  00AC  1303               	bcf	3,6	;RP1=0, select bank1
   651  00AD  0092               	movwf	18	;volatile
   652  00AE                     l734:
   653                           
   654                           ;timers.c: 52:     TMR2IE = 1;
   655  00AE  148C               	bsf	12,1	;volatile
   656  00AF                     l736:
   657                           
   658                           ;timers.c: 55:     TMR2ON = 1;
   659  00AF  1283               	bcf	3,5	;RP0=0, select bank0
   660  00B0  1303               	bcf	3,6	;RP1=0, select bank0
   661  00B1  1512               	bsf	18,2	;volatile
   662  00B2                     l120:
   663  00B2  0008               	return
   664  00B3                     __end_of_init_timer2:
   665                           
   666                           	psect	text3
   667  0096                     __ptext3:	
   668 ;; *************** function _init_timer1 *****************
   669 ;; Defined at:
   670 ;;		line 25 in file "timers.c"
   671 ;; Parameters:    Size  Location     Type
   672 ;;		None
   673 ;; Auto vars:     Size  Location     Type
   674 ;;		None
   675 ;; Return value:  Size  Location     Type
   676 ;;                  1    wreg      void 
   677 ;; Registers used:
   678 ;;		wreg
   679 ;; Tracked objects:
   680 ;;		On entry : 0/0
   681 ;;		On exit  : 0/0
   682 ;;		Unchanged: 0/0
   683 ;; Data sizes:     COMMON   BANK0   BANK1   BANK3   BANK2
   684 ;;      Params:         0       0       0       0       0
   685 ;;      Locals:         0       0       0       0       0
   686 ;;      Temps:          0       0       0       0       0
   687 ;;      Totals:         0       0       0       0       0
   688 ;;Total ram usage:        0 bytes
   689 ;; Hardware stack levels used:    1
   690 ;; Hardware stack levels required when called:    1
   691 ;; This function calls:
   692 ;;		Nothing
   693 ;; This function is called by:
   694 ;;		_init_config
   695 ;; This function uses a non-reentrant model
   696 ;;
   697                           
   698                           
   699                           ;psect for function _init_timer1
   700  0096                     _init_timer1:
   701  0096                     l720:	
   702                           ;incstack = 0
   703                           ; Regs used in _init_timer1: [wreg]
   704                           
   705                           
   706                           ;timers.c: 28:     T1CKPS1 = 1;
   707  0096  1283               	bcf	3,5	;RP0=0, select bank0
   708  0097  1303               	bcf	3,6	;RP1=0, select bank0
   709  0098  1690               	bsf	16,5	;volatile
   710                           
   711                           ;timers.c: 29:     T1CKPS0 = 1;
   712  0099  1610               	bsf	16,4	;volatile
   713  009A                     l722:
   714                           
   715                           ;timers.c: 31:     TMR1H = 0XFE;
   716  009A  30FE               	movlw	254
   717  009B  008F               	movwf	15	;volatile
   718                           
   719                           ;timers.c: 32:     TMR1L = 0X0C;
   720  009C  300C               	movlw	12
   721  009D  008E               	movwf	14	;volatile
   722  009E                     l724:
   723                           
   724                           ;timers.c: 35:     TMR1IE = 1;
   725  009E  1683               	bsf	3,5	;RP0=1, select bank1
   726  009F  1303               	bcf	3,6	;RP1=0, select bank1
   727  00A0  140C               	bsf	12,0	;volatile
   728  00A1                     l726:
   729                           
   730                           ;timers.c: 38:     TMR1CS = 0;
   731  00A1  1283               	bcf	3,5	;RP0=0, select bank0
   732  00A2  1303               	bcf	3,6	;RP1=0, select bank0
   733  00A3  1090               	bcf	16,1	;volatile
   734  00A4                     l728:
   735                           
   736                           ;timers.c: 41:     TMR1ON = 1;
   737  00A4  1410               	bsf	16,0	;volatile
   738  00A5                     l117:
   739  00A5  0008               	return
   740  00A6                     __end_of_init_timer1:
   741                           
   742                           	psect	text4
   743  00B3                     __ptext4:	
   744 ;; *************** function _init_timer0 *****************
   745 ;; Defined at:
   746 ;;		line 12 in file "timers.c"
   747 ;; Parameters:    Size  Location     Type
   748 ;;		None
   749 ;; Auto vars:     Size  Location     Type
   750 ;;		None
   751 ;; Return value:  Size  Location     Type
   752 ;;                  1    wreg      void 
   753 ;; Registers used:
   754 ;;		wreg
   755 ;; Tracked objects:
   756 ;;		On entry : 0/0
   757 ;;		On exit  : 0/0
   758 ;;		Unchanged: 0/0
   759 ;; Data sizes:     COMMON   BANK0   BANK1   BANK3   BANK2
   760 ;;      Params:         0       0       0       0       0
   761 ;;      Locals:         0       0       0       0       0
   762 ;;      Temps:          0       0       0       0       0
   763 ;;      Totals:         0       0       0       0       0
   764 ;;Total ram usage:        0 bytes
   765 ;; Hardware stack levels used:    1
   766 ;; Hardware stack levels required when called:    1
   767 ;; This function calls:
   768 ;;		Nothing
   769 ;; This function is called by:
   770 ;;		_init_config
   771 ;; This function uses a non-reentrant model
   772 ;;
   773                           
   774                           
   775                           ;psect for function _init_timer0
   776  00B3                     _init_timer0:
   777  00B3                     l714:	
   778                           ;incstack = 0
   779                           ; Regs used in _init_timer0: [wreg]
   780                           
   781                           
   782                           ;timers.c: 15:     T0CS = 0;
   783  00B3  1683               	bsf	3,5	;RP0=1, select bank1
   784  00B4  1303               	bcf	3,6	;RP1=0, select bank1
   785  00B5  1281               	bcf	1,5	;volatile
   786                           
   787                           ;timers.c: 18:     PSA = 1;
   788  00B6  1581               	bsf	1,3	;volatile
   789  00B7                     l716:
   790                           
   791                           ;timers.c: 20:     TMR0 = 6;
   792  00B7  3006               	movlw	6
   793  00B8  1283               	bcf	3,5	;RP0=0, select bank0
   794  00B9  1303               	bcf	3,6	;RP1=0, select bank0
   795  00BA  0081               	movwf	1	;volatile
   796  00BB                     l718:
   797                           
   798                           ;timers.c: 22:     TMR0IE = 1;
   799  00BB  168B               	bsf	11,5	;volatile
   800  00BC                     l114:
   801  00BC  0008               	return
   802  00BD                     __end_of_init_timer0:
   803                           
   804                           	psect	text5
   805  00C6                     __ptext5:	
   806 ;; *************** function _init_digital_keypad *****************
   807 ;; Defined at:
   808 ;;		line 12 in file "digital_keypad.c"
   809 ;; Parameters:    Size  Location     Type
   810 ;;		None
   811 ;; Auto vars:     Size  Location     Type
   812 ;;		None
   813 ;; Return value:  Size  Location     Type
   814 ;;                  1    wreg      void 
   815 ;; Registers used:
   816 ;;		wreg, status,2
   817 ;; Tracked objects:
   818 ;;		On entry : 0/0
   819 ;;		On exit  : 0/0
   820 ;;		Unchanged: 0/0
   821 ;; Data sizes:     COMMON   BANK0   BANK1   BANK3   BANK2
   822 ;;      Params:         0       0       0       0       0
   823 ;;      Locals:         0       0       0       0       0
   824 ;;      Temps:          0       0       0       0       0
   825 ;;      Totals:         0       0       0       0       0
   826 ;;Total ram usage:        0 bytes
   827 ;; Hardware stack levels used:    1
   828 ;; Hardware stack levels required when called:    1
   829 ;; This function calls:
   830 ;;		Nothing
   831 ;; This function is called by:
   832 ;;		_init_config
   833 ;; This function uses a non-reentrant model
   834 ;;
   835                           
   836                           
   837                           ;psect for function _init_digital_keypad
   838  00C6                     _init_digital_keypad:
   839  00C6                     l712:	
   840                           ;incstack = 0
   841                           ; Regs used in _init_digital_keypad: [wreg+status,2]
   842                           
   843                           
   844                           ;digital_keypad.c: 15:     TRISB = TRISB | 0x3F;
   845  00C6  1683               	bsf	3,5	;RP0=1, select bank1
   846  00C7  1303               	bcf	3,6	;RP1=0, select bank1
   847  00C8  0806               	movf	6,w	;volatile
   848  00C9  383F               	iorlw	63
   849  00CA  0086               	movwf	6	;volatile
   850  00CB                     l7:
   851  00CB  0008               	return
   852  00CC                     __end_of_init_digital_keypad:
   853                           
   854                           	psect	text6
   855  001F                     __ptext6:	
   856 ;; *************** function _isr *****************
   857 ;; Defined at:
   858 ;;		line 12 in file "isr.c"
   859 ;; Parameters:    Size  Location     Type
   860 ;;		None
   861 ;; Auto vars:     Size  Location     Type
   862 ;;		None
   863 ;; Return value:  Size  Location     Type
   864 ;;                  1    wreg      void 
   865 ;; Registers used:
   866 ;;		wreg, status,2, status,0
   867 ;; Tracked objects:
   868 ;;		On entry : 0/0
   869 ;;		On exit  : 0/0
   870 ;;		Unchanged: 0/0
   871 ;; Data sizes:     COMMON   BANK0   BANK1   BANK3   BANK2
   872 ;;      Params:         0       0       0       0       0
   873 ;;      Locals:         0       0       0       0       0
   874 ;;      Temps:          2       0       0       0       0
   875 ;;      Totals:         2       0       0       0       0
   876 ;;Total ram usage:        2 bytes
   877 ;; Hardware stack levels used:    1
   878 ;; This function calls:
   879 ;;		Nothing
   880 ;; This function is called by:
   881 ;;		Interrupt level 1
   882 ;; This function uses a non-reentrant model
   883 ;;
   884                           
   885                           
   886                           ;psect for function _isr
   887  001F                     _isr:
   888  001F                     i1l778:
   889                           
   890                           ;isr.c: 14:     static unsigned int count1 = 0 ;;isr.c: 15:     static unsigned int coun
      +                          t2 = 0;;isr.c: 16:     static unsigned int count3 = 0 ;;isr.c: 18:     if (TMR0IF == 1)
   891  001F  1D0B               	btfss	11,2	;volatile
   892  0020  2822               	goto	u5_21
   893  0021  2823               	goto	u5_20
   894  0022                     u5_21:
   895  0022  283C               	goto	i1l788
   896  0023                     u5_20:
   897  0023                     i1l780:
   898                           
   899                           ;isr.c: 19:     {;isr.c: 21:         TMR0 = TMR0 + 8;
   900  0023  1283               	bcf	3,5	;RP0=0, select bank0
   901  0024  1303               	bcf	3,6	;RP1=0, select bank0
   902  0025  0801               	movf	1,w	;volatile
   903  0026  3E08               	addlw	8
   904  0027  0081               	movwf	1	;volatile
   905                           
   906                           ;isr.c: 23:         if (++count1 == 20000)
   907  0028  3001               	movlw	1
   908  0029  07F4               	addwf	isr@count1,f
   909  002A  1803               	skipnc
   910  002B  0AF5               	incf	isr@count1+1,f
   911  002C  3000               	movlw	0
   912  002D  07F5               	addwf	isr@count1+1,f
   913  002E  3020               	movlw	32
   914  002F  0674               	xorwf	isr@count1,w
   915  0030  304E               	movlw	78
   916  0031  1903               	skipnz
   917  0032  0675               	xorwf	isr@count1+1,w
   918  0033  1D03               	btfss	3,2
   919  0034  2836               	goto	u6_21
   920  0035  2837               	goto	u6_20
   921  0036                     u6_21:
   922  0036  283B               	goto	i1l786
   923  0037                     u6_20:
   924  0037                     i1l782:
   925                           
   926                           ;isr.c: 24:         {;isr.c: 25:             count1 = 0;
   927  0037  01F4               	clrf	isr@count1
   928  0038  01F5               	clrf	isr@count1+1
   929  0039                     i1l784:
   930                           
   931                           ;isr.c: 26:             RD0 = !RD0;
   932  0039  3001               	movlw	1
   933  003A  0688               	xorwf	8,f
   934  003B                     i1l786:
   935                           
   936                           ;isr.c: 28:         TMR0IF = 0;
   937  003B  110B               	bcf	11,2	;volatile
   938  003C                     i1l788:
   939                           
   940                           ;isr.c: 30:     if(TMR1IF == 1)
   941  003C  1283               	bcf	3,5	;RP0=0, select bank0
   942  003D  1303               	bcf	3,6	;RP1=0, select bank0
   943  003E  1C0C               	btfss	12,0	;volatile
   944  003F  2841               	goto	u7_21
   945  0040  2842               	goto	u7_20
   946  0041                     u7_21:
   947  0041  285A               	goto	i1l800
   948  0042                     u7_20:
   949  0042                     i1l790:
   950                           
   951                           ;isr.c: 31:     {;isr.c: 32:         TMR1H = 0XFE;
   952  0042  30FE               	movlw	254
   953  0043  008F               	movwf	15	;volatile
   954                           
   955                           ;isr.c: 33:         TMR1L = 0X0C;
   956  0044  300C               	movlw	12
   957  0045  008E               	movwf	14	;volatile
   958  0046                     i1l792:
   959                           
   960                           ;isr.c: 35:         if (++count2 == 1240)
   961  0046  3001               	movlw	1
   962  0047  07F2               	addwf	isr@count2,f
   963  0048  1803               	skipnc
   964  0049  0AF3               	incf	isr@count2+1,f
   965  004A  3000               	movlw	0
   966  004B  07F3               	addwf	isr@count2+1,f
   967  004C  30D8               	movlw	216
   968  004D  0672               	xorwf	isr@count2,w
   969  004E  3004               	movlw	4
   970  004F  1903               	skipnz
   971  0050  0673               	xorwf	isr@count2+1,w
   972  0051  1D03               	btfss	3,2
   973  0052  2854               	goto	u8_21
   974  0053  2855               	goto	u8_20
   975  0054                     u8_21:
   976  0054  2859               	goto	i1l798
   977  0055                     u8_20:
   978  0055                     i1l794:
   979                           
   980                           ;isr.c: 36:         {;isr.c: 37:             count2 = 0;
   981  0055  01F2               	clrf	isr@count2
   982  0056  01F3               	clrf	isr@count2+1
   983  0057                     i1l796:
   984                           
   985                           ;isr.c: 38:             RD1 = !RD1;
   986  0057  3002               	movlw	2
   987  0058  0688               	xorwf	8,f
   988  0059                     i1l798:
   989                           
   990                           ;isr.c: 40:         TMR1IF =0;
   991  0059  100C               	bcf	12,0	;volatile
   992  005A                     i1l800:
   993                           
   994                           ;isr.c: 42:     if (TMR2IF == 1)
   995  005A  1C8C               	btfss	12,1	;volatile
   996  005B  285D               	goto	u9_21
   997  005C  285E               	goto	u9_20
   998  005D                     u9_21:
   999  005D  2872               	goto	i1l79
  1000  005E                     u9_20:
  1001  005E                     i1l802:
  1002                           
  1003                           ;isr.c: 43:     {;isr.c: 44:         if (++count3 == 1250)
  1004  005E  3001               	movlw	1
  1005  005F  07F0               	addwf	isr@count3,f
  1006  0060  1803               	skipnc
  1007  0061  0AF1               	incf	isr@count3+1,f
  1008  0062  3000               	movlw	0
  1009  0063  07F1               	addwf	isr@count3+1,f
  1010  0064  30E2               	movlw	226
  1011  0065  0670               	xorwf	isr@count3,w
  1012  0066  3004               	movlw	4
  1013  0067  1903               	skipnz
  1014  0068  0671               	xorwf	isr@count3+1,w
  1015  0069  1D03               	btfss	3,2
  1016  006A  286C               	goto	u10_21
  1017  006B  286D               	goto	u10_20
  1018  006C                     u10_21:
  1019  006C  2871               	goto	i1l808
  1020  006D                     u10_20:
  1021  006D                     i1l804:
  1022                           
  1023                           ;isr.c: 45:         {;isr.c: 46:             count3 = 0;
  1024  006D  01F0               	clrf	isr@count3
  1025  006E  01F1               	clrf	isr@count3+1
  1026  006F                     i1l806:
  1027                           
  1028                           ;isr.c: 48:             RD2 = !RD2;
  1029  006F  3004               	movlw	4
  1030  0070  0688               	xorwf	8,f
  1031  0071                     i1l808:
  1032                           
  1033                           ;isr.c: 50:         TMR2IF = 0;
  1034  0071  108C               	bcf	12,1	;volatile
  1035  0072                     i1l79:
  1036  0072  0877               	movf	??_isr+1,w
  1037  0073  008A               	movwf	10
  1038  0074  0E76               	swapf	??_isr^(0+4294967168),w
  1039  0075  0083               	movwf	3
  1040  0076  0EFE               	swapf	btemp,f
  1041  0077  0E7E               	swapf	btemp,w
  1042  0078  0009               	retfie
  1043  0079                     __end_of_isr:
  1044  007E                     btemp	set	126	;btemp
  1045  007E                     wtemp0	set	126
  1046                           
  1047                           	psect	intentry
  1048  0004                     __pintentry:	
  1049                           ;incstack = 0
  1050                           ; Regs used in _isr: [wreg+status,2+status,0]
  1051                           
  1052  0004                     interrupt_function:
  1053  007E                     saved_w	set	btemp
  1054  0004  00FE               	movwf	btemp
  1055  0005  0E03               	swapf	3,w
  1056  0006  00F6               	movwf	??_isr
  1057  0007  080A               	movf	10,w
  1058  0008  00F7               	movwf	??_isr+1
  1059  0009  120A  118A  281F   	ljmp	_isr
  1060                           
  1061                           	psect	config
  1062                           
  1063                           ;Config register CONFIG @ 0x2007
  1064                           ;	Oscillator Selection bits
  1065                           ;	FOSC = 0x3, unprogrammed default
  1066                           ;	Watchdog Timer Enable bit
  1067                           ;	WDTE = OFF, WDT disabled
  1068                           ;	Power-up Timer Enable bit
  1069                           ;	PWRTE = 0x1, unprogrammed default
  1070                           ;	Brown-out Reset Enable bit
  1071                           ;	BOREN = 0x1, unprogrammed default
  1072                           ;	Low-Voltage (Single-Supply) In-Circuit Serial Programming Enable bit
  1073                           ;	LVP = 0x1, unprogrammed default
  1074                           ;	Data EEPROM Memory Code Protection bit
  1075                           ;	CPD = 0x1, unprogrammed default
  1076                           ;	Flash Program Memory Write Enable bits
  1077                           ;	WRT = 0x3, unprogrammed default
  1078                           ;	In-Circuit Debugger Mode bit
  1079                           ;	DEBUG = 0x1, unprogrammed default
  1080                           ;	Flash Program Memory Code Protection bit
  1081                           ;	CP = 0x1, unprogrammed default
  1082  2007                     	org	8199
  1083  2007  3FFB               	dw	16379

Data Sizes:
    Strings     0
    Constant    0
    Data        1
    BSS         6
    Persistent  0
    Stack       0

Auto Spaces:
    Space          Size  Autos    Used
    COMMON           14      2       9
    BANK0            80      0       0
    BANK1            80      0       0
    BANK3            96      0       0
    BANK2            96      0       0

Pointer List with Targets:

    None.

Critical Paths under _main in COMMON

    None.

Critical Paths under _isr in COMMON

    None.

Critical Paths under _main in BANK0

    None.

Critical Paths under _isr in BANK0

    None.

Critical Paths under _main in BANK1

    None.

Critical Paths under _isr in BANK1

    None.

Critical Paths under _main in BANK3

    None.

Critical Paths under _isr in BANK3

    None.

Critical Paths under _main in BANK2

    None.

Critical Paths under _isr in BANK2

    None.

Call Graph Tables:

 ---------------------------------------------------------------------------------
 (Depth) Function   	        Calls       Base Space   Used Autos Params    Refs
 ---------------------------------------------------------------------------------
 (0) _main                                                 0     0      0       0
                        _init_config
 ---------------------------------------------------------------------------------
 (1) _init_config                                          0     0      0       0
                _init_digital_keypad
                        _init_timer0
                        _init_timer1
                        _init_timer2
 ---------------------------------------------------------------------------------
 (2) _init_timer2                                          0     0      0       0
 ---------------------------------------------------------------------------------
 (2) _init_timer1                                          0     0      0       0
 ---------------------------------------------------------------------------------
 (2) _init_timer0                                          0     0      0       0
 ---------------------------------------------------------------------------------
 (2) _init_digital_keypad                                  0     0      0       0
 ---------------------------------------------------------------------------------
 Estimated maximum stack depth 2
 ---------------------------------------------------------------------------------
 (Depth) Function   	        Calls       Base Space   Used Autos Params    Refs
 ---------------------------------------------------------------------------------
 (3) _isr                                                  2     2      0       0
                                              0 COMMON     2     2      0
 ---------------------------------------------------------------------------------
 Estimated maximum stack depth 3
 ---------------------------------------------------------------------------------

 Call Graph Graphs:

 _main (ROOT)
   _init_config
     _init_digital_keypad
     _init_timer0
     _init_timer1
     _init_timer2

 _isr (ROOT)

 Address spaces:
Name               Size   Autos  Total    Cost      Usage
BANK3               60      0       0       9        0.0%
BITBANK3            60      0       0       8        0.0%
SFR3                 0      0       0       4        0.0%
BITSFR3              0      0       0       4        0.0%
BANK2               60      0       0      11        0.0%
BITBANK2            60      0       0      10        0.0%
SFR2                 0      0       0       5        0.0%
BITSFR2              0      0       0       5        0.0%
BANK1               50      0       0       7        0.0%
BITBANK1            50      0       0       6        0.0%
SFR1                 0      0       0       2        0.0%
BITSFR1              0      0       0       2        0.0%
BANK0               50      0       0       5        0.0%
BITBANK0            50      0       0       4        0.0%
SFR0                 0      0       0       1        0.0%
BITSFR0              0      0       0       1        0.0%
COMMON               E      2       9       1       64.3%
BITCOMMON            E      0       0       0        0.0%
CODE                 0      0       0       0        0.0%
DATA                 0      0       9      12        0.0%
ABS                  0      0       9       3        0.0%
NULL                 0      0       0       0        0.0%
STACK                0      0       0       2        0.0%
EEDATA             100      0       0       0        0.0%


Microchip Technology PIC Macro Assembler V2.20 build 20200408173844 
Symbol Table                                                                                   Tue May 23 16:07:01 2023

                           l7 00CB                            l41 00C2                            l42 00C2  
                          l36 0095                           l120 00B2                           l114 00BC  
                         l117 00A5                           l712 00C6                           l720 0096  
                         l714 00B3                           l722 009A                           l730 00A6  
                         l716 00B7                           l724 009E                           l732 00AA  
                         l740 007F                           l718 00BB                           l726 00A1  
                         l734 00AE                           l750 0094                           l742 0084  
                         l728 00A4                           l736 00AF                           l744 0089  
                         l746 008E                           l738 0079                           l748 0093  
                         l776 00BD                           _GIE 005F                           _RD0 0040  
                         _RD1 0041                           _RD2 0042                           _PR2 0092  
                         _PSA 040B                           _isr 001F                          ?_isr 0076  
                        _T0CS 040D                          _PEIE 005E                          i1l79 0072  
                        _TMR0 0001                          u5_20 0023                          u5_21 0022  
                        u6_20 0037                          u6_21 0036                          u7_20 0042  
                        u7_21 0041                          u8_20 0055                          u8_21 0054  
                        u9_20 005E                          u9_21 005D                          _main 00BD  
                        btemp 007E                          start 000C                         ??_isr 0076  
                       ?_main 0076                         i1l800 005A                         i1l802 005E  
                ?_init_config 0076                         i1l804 006D                         i1l806 006F  
                       i1l808 0071                         i1l780 0023                         i1l790 0042  
                       i1l782 0037                         i1l792 0046                         i1l784 0039  
                       i1l794 0055                         i1l786 003B                         i1l778 001F  
                       i1l796 0057                         i1l788 003C                         i1l798 0059  
                       u10_20 006D                         u10_21 006C                         _TMR1H 000F  
                       _TMR1L 000E                         _PORTB 0006                         _PORTD 0008  
                       _TRISB 0086                         _TRISD 0088                  ?_init_timer0 0076  
                ?_init_timer1 0076                  ?_init_timer2 0076                         pclath 000A  
                       status 0003                         wtemp0 007E               __initialization 000F  
                __end_of_main 00C6                        ??_main 0078                        _TMR0IE 005D  
                      _TMR0IF 005A                        _TMR1IE 0460                        _TMR1IF 0060  
                      _TMR1CS 0081                        _TMR2IE 0461                        _TMR2IF 0061  
                      _TMR1ON 0080                        _TMR2ON 0092   __end_of_init_digital_keypad 00CC  
                __pdataCOMMON 0078                        saved_w 007E       __end_of__initialization 001B  
              __pcstackCOMMON 0076          __size_of_init_config 001D          __size_of_init_timer0 000A  
        __size_of_init_timer1 0010          __size_of_init_timer2 000D                    __pmaintext 00BD  
                  __pintentry 0004                       _T1CKPS0 0084                       _T1CKPS1 0085  
                     _T2CKPS0 0090                       _T2CKPS1 0091                       __ptext1 0079  
                     __ptext2 00A6                       __ptext3 0096                       __ptext4 00B3  
                     __ptext5 00C6                       __ptext6 001F                  __size_of_isr 005A  
        end_of_initialization 001B  __size_of_init_digital_keypad 0006                 __pidataCOMMON 00CC  
         start_initialization 000F                   __end_of_isr 0079                 ??_init_config 0078  
               ??_init_timer0 0078                 ??_init_timer1 0078                 ??_init_timer2 0078  
                 __pbssCOMMON 0070                     ___latbits 0002           __end_of_init_config 0096  
         __end_of_init_timer0 00BD           __end_of_init_timer1 00A6           __end_of_init_timer2 00B3  
           interrupt_function 0004           _init_digital_keypad 00C6                     isr@count1 0074  
                   isr@count2 0072                     isr@count3 0070          ?_init_digital_keypad 0076  
                 _init_config 0079                   _init_timer0 00B3                   _init_timer1 0096  
                 _init_timer2 00A6                 __size_of_main 0009       read_digital_keypad@once 0078  
       ??_init_digital_keypad 0078                      intlevel1 0000  
