

Microchip MPLAB XC8 Assembler V2.20 build 20200408173844 
                                                                                               Wed May 24 14:25:56 2023

Microchip MPLAB XC8 C Compiler v2.20 (Free license) build 20200408173844 Og1 
     1                           	processor	16F877A
     2                           	pagewidth 120
     3                           	opt	flic
     4                           	psect	idataCOMMON,global,class=CODE,delta=2,noexec
     5                           	psect	cinit,global,class=CODE,merge=1,delta=2
     6                           	psect	bssCOMMON,global,class=COMMON,space=1,delta=1,noexec
     7                           	psect	dataCOMMON,global,class=COMMON,space=1,delta=1,noexec
     8                           	psect	bssBANK0,global,class=BANK0,space=1,delta=1,noexec
     9                           	psect	inittext,global,class=CODE,delta=2
    10                           	psect	cstackCOMMON,global,class=COMMON,space=1,delta=1,noexec
    11                           	psect	cstackBANK0,global,class=BANK0,space=1,delta=1,noexec
    12                           	psect	maintext,global,class=CODE,split=1,delta=2
    13                           	psect	text1,local,class=CODE,merge=1,delta=2
    14                           	psect	text2,local,class=CODE,merge=1,delta=2
    15                           	psect	text3,local,class=CODE,merge=1,delta=2
    16                           	psect	text4,local,class=CODE,merge=1,delta=2
    17                           	psect	text5,local,class=CODE,merge=1,delta=2
    18                           	psect	intentry,global,class=CODE,delta=2
    19                           	psect	config,global,abs,ovrld,class=CONFIG,space=4,delta=2,noexec
    20                           	dabs	1,0x7E,2
    21  0000                     
    22                           ; Version 2.20
    23                           ; Generated 12/02/2020 GMT
    24                           ; 
    25                           ; Copyright © 2020, Microchip Technology Inc. and its subsidiaries ("Microchip")
    26                           ; All rights reserved.
    27                           ; 
    28                           ; This software is developed by Microchip Technology Inc. and its subsidiaries ("Microch
      +                          ip").
    29                           ; 
    30                           ; Redistribution and use in source and binary forms, with or without modification, are
    31                           ; permitted provided that the following conditions are met:
    32                           ; 
    33                           ;     1. Redistributions of source code must retain the above copyright notice, this lis
      +                          t of
    34                           ;        conditions and the following disclaimer.
    35                           ; 
    36                           ;     2. Redistributions in binary form must reproduce the above copyright notice, this 
      +                          list
    37                           ;        of conditions and the following disclaimer in the documentation and/or other
    38                           ;        materials provided with the distribution.
    39                           ; 
    40                           ;     3. Microchip's name may not be used to endorse or promote products derived from th
      +                          is
    41                           ;        software without specific prior written permission.
    42                           ; 
    43                           ; THIS SOFTWARE IS PROVIDED BY MICROCHIP "AS IS" AND ANY EXPRESS OR IMPLIED WARRANTIES,
    44                           ; INCLUDING, BUT NOT LIMITED TO, THE IMPLIED WARRANTIES OF MERCHANTABILITY AND FITNESS F
      +                          OR
    45                           ; PURPOSE ARE DISCLAIMED.  IN NO EVENT SHALL MICROCHIP BE LIABLE FOR ANY DIRECT, INDIREC
      +                          T,
    46                           ; INCIDENTAL, SPECIAL, EXEMPLARY, OR CONSEQUENTIAL DAMAGES (INCLUDING BUT NOT LIMITED TO
    47                           ; PROCUREMENT OF SUBSTITUTE GOODS OR SERVICES; LOSS OF USE, DATA OR PROFITS; OR BUSINESS
    48                           ; INTERRUPTION) HOWSOEVER CAUSED AND ON ANY THEORY OF LIABILITY, WHETHER IN CONTRACT, ST
      +                          RICT
    49                           ; LIABILITY, OR TORT (INCLUDING NEGLIGENCE OR OTHERWISE) ARISING IN ANY WAY OUT OF THE U
      +                          SE OF
    50                           ; THIS SOFTWARE, EVEN IF ADVISED OF THE POSSIBILITY OF SUCH DAMAGE.
    51                           ; 
    52                           ; 
    53                           ; Code-generator required, PIC16F877A Definitions
    54                           ; 
    55                           ; SFR Addresses
    56  0000                     	;# 
    57  0001                     	;# 
    58  0002                     	;# 
    59  0003                     	;# 
    60  0004                     	;# 
    61  0005                     	;# 
    62  0006                     	;# 
    63  0007                     	;# 
    64  0008                     	;# 
    65  0009                     	;# 
    66  000A                     	;# 
    67  000B                     	;# 
    68  000C                     	;# 
    69  000D                     	;# 
    70  000E                     	;# 
    71  000E                     	;# 
    72  000F                     	;# 
    73  0010                     	;# 
    74  0011                     	;# 
    75  0012                     	;# 
    76  0013                     	;# 
    77  0014                     	;# 
    78  0015                     	;# 
    79  0015                     	;# 
    80  0016                     	;# 
    81  0017                     	;# 
    82  0018                     	;# 
    83  0019                     	;# 
    84  001A                     	;# 
    85  001B                     	;# 
    86  001B                     	;# 
    87  001C                     	;# 
    88  001D                     	;# 
    89  001E                     	;# 
    90  001F                     	;# 
    91  0081                     	;# 
    92  0085                     	;# 
    93  0086                     	;# 
    94  0087                     	;# 
    95  0088                     	;# 
    96  0089                     	;# 
    97  008C                     	;# 
    98  008D                     	;# 
    99  008E                     	;# 
   100  0091                     	;# 
   101  0092                     	;# 
   102  0093                     	;# 
   103  0094                     	;# 
   104  0098                     	;# 
   105  0099                     	;# 
   106  009C                     	;# 
   107  009D                     	;# 
   108  009E                     	;# 
   109  009F                     	;# 
   110  010C                     	;# 
   111  010D                     	;# 
   112  010E                     	;# 
   113  010F                     	;# 
   114  018C                     	;# 
   115  018D                     	;# 
   116  0000                     	;# 
   117  0001                     	;# 
   118  0002                     	;# 
   119  0003                     	;# 
   120  0004                     	;# 
   121  0005                     	;# 
   122  0006                     	;# 
   123  0007                     	;# 
   124  0008                     	;# 
   125  0009                     	;# 
   126  000A                     	;# 
   127  000B                     	;# 
   128  000C                     	;# 
   129  000D                     	;# 
   130  000E                     	;# 
   131  000E                     	;# 
   132  000F                     	;# 
   133  0010                     	;# 
   134  0011                     	;# 
   135  0012                     	;# 
   136  0013                     	;# 
   137  0014                     	;# 
   138  0015                     	;# 
   139  0015                     	;# 
   140  0016                     	;# 
   141  0017                     	;# 
   142  0018                     	;# 
   143  0019                     	;# 
   144  001A                     	;# 
   145  001B                     	;# 
   146  001B                     	;# 
   147  001C                     	;# 
   148  001D                     	;# 
   149  001E                     	;# 
   150  001F                     	;# 
   151  0081                     	;# 
   152  0085                     	;# 
   153  0086                     	;# 
   154  0087                     	;# 
   155  0088                     	;# 
   156  0089                     	;# 
   157  008C                     	;# 
   158  008D                     	;# 
   159  008E                     	;# 
   160  0091                     	;# 
   161  0092                     	;# 
   162  0093                     	;# 
   163  0094                     	;# 
   164  0098                     	;# 
   165  0099                     	;# 
   166  009C                     	;# 
   167  009D                     	;# 
   168  009E                     	;# 
   169  009F                     	;# 
   170  010C                     	;# 
   171  010D                     	;# 
   172  010E                     	;# 
   173  010F                     	;# 
   174  018C                     	;# 
   175  018D                     	;# 
   176  0000                     	;# 
   177  0001                     	;# 
   178  0002                     	;# 
   179  0003                     	;# 
   180  0004                     	;# 
   181  0005                     	;# 
   182  0006                     	;# 
   183  0007                     	;# 
   184  0008                     	;# 
   185  0009                     	;# 
   186  000A                     	;# 
   187  000B                     	;# 
   188  000C                     	;# 
   189  000D                     	;# 
   190  000E                     	;# 
   191  000E                     	;# 
   192  000F                     	;# 
   193  0010                     	;# 
   194  0011                     	;# 
   195  0012                     	;# 
   196  0013                     	;# 
   197  0014                     	;# 
   198  0015                     	;# 
   199  0015                     	;# 
   200  0016                     	;# 
   201  0017                     	;# 
   202  0018                     	;# 
   203  0019                     	;# 
   204  001A                     	;# 
   205  001B                     	;# 
   206  001B                     	;# 
   207  001C                     	;# 
   208  001D                     	;# 
   209  001E                     	;# 
   210  001F                     	;# 
   211  0081                     	;# 
   212  0085                     	;# 
   213  0086                     	;# 
   214  0087                     	;# 
   215  0088                     	;# 
   216  0089                     	;# 
   217  008C                     	;# 
   218  008D                     	;# 
   219  008E                     	;# 
   220  0091                     	;# 
   221  0092                     	;# 
   222  0093                     	;# 
   223  0094                     	;# 
   224  0098                     	;# 
   225  0099                     	;# 
   226  009C                     	;# 
   227  009D                     	;# 
   228  009E                     	;# 
   229  009F                     	;# 
   230  010C                     	;# 
   231  010D                     	;# 
   232  010E                     	;# 
   233  010F                     	;# 
   234  018C                     	;# 
   235  018D                     	;# 
   236  0000                     	;# 
   237  0001                     	;# 
   238  0002                     	;# 
   239  0003                     	;# 
   240  0004                     	;# 
   241  0005                     	;# 
   242  0006                     	;# 
   243  0007                     	;# 
   244  0008                     	;# 
   245  0009                     	;# 
   246  000A                     	;# 
   247  000B                     	;# 
   248  000C                     	;# 
   249  000D                     	;# 
   250  000E                     	;# 
   251  000E                     	;# 
   252  000F                     	;# 
   253  0010                     	;# 
   254  0011                     	;# 
   255  0012                     	;# 
   256  0013                     	;# 
   257  0014                     	;# 
   258  0015                     	;# 
   259  0015                     	;# 
   260  0016                     	;# 
   261  0017                     	;# 
   262  0018                     	;# 
   263  0019                     	;# 
   264  001A                     	;# 
   265  001B                     	;# 
   266  001B                     	;# 
   267  001C                     	;# 
   268  001D                     	;# 
   269  001E                     	;# 
   270  001F                     	;# 
   271  0081                     	;# 
   272  0085                     	;# 
   273  0086                     	;# 
   274  0087                     	;# 
   275  0088                     	;# 
   276  0089                     	;# 
   277  008C                     	;# 
   278  008D                     	;# 
   279  008E                     	;# 
   280  0091                     	;# 
   281  0092                     	;# 
   282  0093                     	;# 
   283  0094                     	;# 
   284  0098                     	;# 
   285  0099                     	;# 
   286  009C                     	;# 
   287  009D                     	;# 
   288  009E                     	;# 
   289  009F                     	;# 
   290  010C                     	;# 
   291  010D                     	;# 
   292  010E                     	;# 
   293  010F                     	;# 
   294  018C                     	;# 
   295  018D                     	;# 
   296  0000                     	;# 
   297  0001                     	;# 
   298  0002                     	;# 
   299  0003                     	;# 
   300  0004                     	;# 
   301  0005                     	;# 
   302  0006                     	;# 
   303  0007                     	;# 
   304  0008                     	;# 
   305  0009                     	;# 
   306  000A                     	;# 
   307  000B                     	;# 
   308  000C                     	;# 
   309  000D                     	;# 
   310  000E                     	;# 
   311  000E                     	;# 
   312  000F                     	;# 
   313  0010                     	;# 
   314  0011                     	;# 
   315  0012                     	;# 
   316  0013                     	;# 
   317  0014                     	;# 
   318  0015                     	;# 
   319  0015                     	;# 
   320  0016                     	;# 
   321  0017                     	;# 
   322  0018                     	;# 
   323  0019                     	;# 
   324  001A                     	;# 
   325  001B                     	;# 
   326  001B                     	;# 
   327  001C                     	;# 
   328  001D                     	;# 
   329  001E                     	;# 
   330  001F                     	;# 
   331  0081                     	;# 
   332  0085                     	;# 
   333  0086                     	;# 
   334  0087                     	;# 
   335  0088                     	;# 
   336  0089                     	;# 
   337  008C                     	;# 
   338  008D                     	;# 
   339  008E                     	;# 
   340  0091                     	;# 
   341  0092                     	;# 
   342  0093                     	;# 
   343  0094                     	;# 
   344  0098                     	;# 
   345  0099                     	;# 
   346  009C                     	;# 
   347  009D                     	;# 
   348  009E                     	;# 
   349  009F                     	;# 
   350  010C                     	;# 
   351  010D                     	;# 
   352  010E                     	;# 
   353  010F                     	;# 
   354  018C                     	;# 
   355  018D                     	;# 
   356                           
   357                           	psect	idataCOMMON
   358  0115                     __pidataCOMMON:
   359                           
   360                           ;initializer for _req_time
   361  0115  34A0               	retlw	160
   362  0116  3486               	retlw	134
   363  0117  3401               	retlw	1
   364  0118  3400               	retlw	0
   365                           
   366                           ;initializer for _duty_cycle
   367  0119  3432               	retlw	50
   368  011A  3400               	retlw	0
   369                           
   370                           ;initializer for read_digital_keypad@once
   371  011B  3401               	retlw	1
   372  0006                     _PORTB	set	6
   373  0008                     _PORTD	set	8
   374  0001                     _TMR0	set	1
   375  005A                     _TMR0IF	set	90
   376  0040                     _RD0	set	64
   377  005F                     _GIE	set	95
   378  005D                     _TMR0IE	set	93
   379  0086                     _TRISB	set	134
   380  0088                     _TRISD	set	136
   381  040B                     _PSA	set	1035
   382  040D                     _T0CS	set	1037
   383                           
   384                           	psect	cinit
   385  000F                     start_initialization:	
   386                           ; #config settings
   387                           
   388  000F                     __initialization:
   389                           
   390                           ; Initialize objects allocated to COMMON
   391  000F  120A  118A  2115  120A  118A  	fcall	__pidataCOMMON	;fetch initializer
   392  0014  00F0               	movwf	__pdataCOMMON& (0+127)
   393  0015  120A  118A  2116  120A  118A  	fcall	__pidataCOMMON+1	;fetch initializer
   394  001A  00F1               	movwf	(__pdataCOMMON+1)& (0+127)
   395  001B  120A  118A  2117  120A  118A  	fcall	__pidataCOMMON+2	;fetch initializer
   396  0020  00F2               	movwf	(__pdataCOMMON+2)& (0+127)
   397  0021  120A  118A  2118  120A  118A  	fcall	__pidataCOMMON+3	;fetch initializer
   398  0026  00F3               	movwf	(__pdataCOMMON+3)& (0+127)
   399  0027  120A  118A  2119  120A  118A  	fcall	__pidataCOMMON+4	;fetch initializer
   400  002C  00F4               	movwf	(__pdataCOMMON+4)& (0+127)
   401  002D  120A  118A  211A  120A  118A  	fcall	__pidataCOMMON+5	;fetch initializer
   402  0032  00F5               	movwf	(__pdataCOMMON+5)& (0+127)
   403  0033  120A  118A  211B  120A  118A  	fcall	__pidataCOMMON+6	;fetch initializer
   404  0038  00F6               	movwf	(__pdataCOMMON+6)& (0+127)
   405                           
   406                           ; Clear objects allocated to BANK0
   407  0039  01A0               	clrf	__pbssBANK0& (0+127)
   408  003A  01A1               	clrf	(__pbssBANK0+1)& (0+127)
   409  003B  01A2               	clrf	(__pbssBANK0+2)& (0+127)
   410  003C  01A3               	clrf	(__pbssBANK0+3)& (0+127)
   411                           
   412                           ; Clear objects allocated to COMMON
   413  003D  01FA               	clrf	__pbssCOMMON& (0+127)
   414  003E  01FB               	clrf	(__pbssCOMMON+1)& (0+127)
   415  003F                     end_of_initialization:	
   416                           ;End of C runtime variable initialization code
   417                           
   418  003F                     __end_of__initialization:
   419  003F  0183               	clrf	3
   420  0040  120A  118A  28C6   	ljmp	_main	;jump to C main() function
   421                           
   422                           	psect	bssCOMMON
   423  007A                     __pbssCOMMON:
   424  007A                     _loop_counter:
   425  007A                     	ds	2
   426                           
   427                           	psect	dataCOMMON
   428  0070                     __pdataCOMMON:
   429  0070                     _req_time:
   430  0070                     	ds	4
   431  0074                     _duty_cycle:
   432  0074                     	ds	2
   433  0076                     read_digital_keypad@once:
   434  0076                     	ds	1
   435                           
   436                           	psect	bssBANK0
   437  0020                     __pbssBANK0:
   438  0020                     isr@count:
   439  0020                     	ds	4
   440                           
   441                           	psect	inittext
   442  00E6                     init_fetch0:	
   443                           ;	Called with low address in FSR and high address in W
   444                           
   445  00E6  087E               	movf	btemp,w
   446  00E7  008A               	movwf	10
   447  00E8  087F               	movf	btemp+1,w
   448  00E9  0082               	movwf	2
   449  00EA                     init_ram0:	
   450                           ;Called with:
   451                           ;	high address of idata address in btemp 
   452                           ;	low address of idata address in btemp+1 
   453                           ;	low address of data in FSR
   454                           ;	high address + 1 of data in btemp-1
   455                           
   456  00EA  120A  118A  20E6  120A  118A  	fcall	init_fetch0
   457  00EF  0080               	movwf	0
   458  00F0  0A84               	incf	4,f
   459  00F1  0804               	movf	4,w
   460  00F2  067D               	xorwf	btemp+-1,w
   461  00F3  1903               	btfsc	3,2
   462  00F4  3400               	retlw	0
   463  00F5  0AFF               	incf	btemp+1,f
   464  00F6  1903               	btfsc	3,2
   465  00F7  0AFE               	incf	btemp,f
   466  00F8  28EA               	goto	init_ram0
   467                           
   468                           	psect	cstackCOMMON
   469  0077                     __pcstackCOMMON:
   470  0077                     ?_init_digital_keypad:
   471  0077                     ?_read_digital_keypad:	
   472                           ; 1 bytes @ 0x0
   473                           
   474  0077                     ?_init_timer0:	
   475                           ; 1 bytes @ 0x0
   476                           
   477  0077                     ?_init_config:	
   478                           ; 1 bytes @ 0x0
   479                           
   480  0077                     ?_main:	
   481                           ; 1 bytes @ 0x0
   482                           
   483  0077                     ?_isr:	
   484                           ; 1 bytes @ 0x0
   485                           
   486  0077                     ??_isr:	
   487                           ; 1 bytes @ 0x0
   488                           
   489                           
   490                           ; 1 bytes @ 0x0
   491  0077                     	ds	2
   492  0079                     ??_init_digital_keypad:
   493  0079                     ??_read_digital_keypad:	
   494                           ; 1 bytes @ 0x2
   495                           
   496  0079                     ??_init_timer0:	
   497                           ; 1 bytes @ 0x2
   498                           
   499  0079                     ??_init_config:	
   500                           ; 1 bytes @ 0x2
   501                           
   502                           
   503                           ; 1 bytes @ 0x2
   504  0079                     	ds	1
   505  007A                     ??_main:
   506                           
   507                           	psect	cstackBANK0
   508  0024                     __pcstackBANK0:	
   509                           ; 1 bytes @ 0x3
   510                           
   511  0024                     read_digital_keypad@mode:
   512                           
   513                           ; 1 bytes @ 0x0
   514  0024                     	ds	1
   515  0025                     main@key:
   516                           
   517                           ; 1 bytes @ 0x1
   518  0025                     	ds	1
   519                           
   520                           	psect	maintext
   521  00C6                     __pmaintext:	
   522 ;;
   523 ;;Main: autosize = 0, tempsize = 0, incstack = 0, save=0
   524 ;;
   525 ;; *************** function _main *****************
   526 ;; Defined at:
   527 ;;		line 30 in file "main.c"
   528 ;; Parameters:    Size  Location     Type
   529 ;;		None
   530 ;; Auto vars:     Size  Location     Type
   531 ;;  key             1    1[BANK0 ] unsigned char 
   532 ;; Return value:  Size  Location     Type
   533 ;;                  1    wreg      void 
   534 ;; Registers used:
   535 ;;		wreg, status,2, status,0, btemp+1, pclath, cstack
   536 ;; Tracked objects:
   537 ;;		On entry : B00/0
   538 ;;		On exit  : 0/0
   539 ;;		Unchanged: 0/0
   540 ;; Data sizes:     COMMON   BANK0   BANK1   BANK3   BANK2
   541 ;;      Params:         0       0       0       0       0
   542 ;;      Locals:         0       1       0       0       0
   543 ;;      Temps:          0       0       0       0       0
   544 ;;      Totals:         0       1       0       0       0
   545 ;;Total ram usage:        1 bytes
   546 ;; Hardware stack levels required when called:    3
   547 ;; This function calls:
   548 ;;		_init_config
   549 ;;		_read_digital_keypad
   550 ;; This function is called by:
   551 ;;		Startup code after reset
   552 ;; This function uses a non-reentrant model
   553 ;;
   554                           
   555                           
   556                           ;psect for function _main
   557  00C6                     _main:
   558  00C6                     l814:	
   559                           ;incstack = 0
   560                           ; Regs used in _main: [wreg+status,2+status,0+btemp+1+pclath+cstack]
   561                           
   562                           
   563                           ;main.c: 31: ;main.c: 33:     return;
   564  00C6  120A  118A  20F9  120A  118A  	fcall	_init_config
   565  00CB                     l816:
   566  00CB  3001               	movlw	1
   567  00CC  120A  118A  209E  120A  118A  	fcall	_read_digital_keypad
   568  00D1  00FF               	movwf	btemp+1
   569  00D2  087F               	movf	btemp+1,w
   570  00D3  1283               	bcf	3,5	;RP0=0, select bank0
   571  00D4  1303               	bcf	3,6	;RP1=0, select bank0
   572  00D5  00A5               	movwf	main@key
   573  00D6                     l818:
   574  00D6  303E               	movlw	62
   575  00D7  0625               	xorwf	main@key,w
   576  00D8  1D03               	btfss	3,2
   577  00D9  28DB               	goto	u181
   578  00DA  28DC               	goto	u180
   579  00DB                     u181:
   580  00DB  28CB               	goto	l816
   581  00DC                     u180:
   582  00DC                     l820:
   583  00DC  3064               	movlw	100
   584  00DD  00F4               	movwf	_duty_cycle
   585  00DE  3000               	movlw	0
   586  00DF  00F5               	movwf	_duty_cycle+1
   587  00E0  3001               	movlw	1
   588  00E1  0081               	movwf	1	;volatile
   589  00E2  28CB               	goto	l816
   590  00E3  120A  118A  280C   	ljmp	start
   591  00E6                     __end_of_main:
   592                           
   593                           	psect	text1
   594  009E                     __ptext1:	
   595 ;; *************** function _read_digital_keypad *****************
   596 ;; Defined at:
   597 ;;		line 18 in file "digital_keypad.c"
   598 ;; Parameters:    Size  Location     Type
   599 ;;  mode            1    wreg     unsigned char 
   600 ;; Auto vars:     Size  Location     Type
   601 ;;  mode            1    0[BANK0 ] unsigned char 
   602 ;; Return value:  Size  Location     Type
   603 ;;                  1    wreg      unsigned char 
   604 ;; Registers used:
   605 ;;		wreg, status,2, status,0
   606 ;; Tracked objects:
   607 ;;		On entry : 0/0
   608 ;;		On exit  : 0/0
   609 ;;		Unchanged: 0/0
   610 ;; Data sizes:     COMMON   BANK0   BANK1   BANK3   BANK2
   611 ;;      Params:         0       0       0       0       0
   612 ;;      Locals:         0       1       0       0       0
   613 ;;      Temps:          1       0       0       0       0
   614 ;;      Totals:         1       1       0       0       0
   615 ;;Total ram usage:        2 bytes
   616 ;; Hardware stack levels used:    1
   617 ;; Hardware stack levels required when called:    1
   618 ;; This function calls:
   619 ;;		Nothing
   620 ;; This function is called by:
   621 ;;		_main
   622 ;; This function uses a non-reentrant model
   623 ;;
   624                           
   625                           
   626                           ;psect for function _read_digital_keypad
   627  009E                     _read_digital_keypad:
   628                           
   629                           ;incstack = 0
   630                           ; Regs used in _read_digital_keypad: [wreg+status,2+status,0]
   631                           ;read_digital_keypad@mode stored from wreg
   632  009E  1283               	bcf	3,5	;RP0=0, select bank0
   633  009F  1303               	bcf	3,6	;RP1=0, select bank0
   634  00A0  00A4               	movwf	read_digital_keypad@mode
   635  00A1                     l786:
   636                           
   637                           ;digital_keypad.c: 18: unsigned char read_digital_keypad(unsigned char mode);digital_key
      +                          pad.c: 19: {;digital_keypad.c: 20:     static unsigned char once = 1;;digital_keypad.c: 
      +                          22:     if (mode == 0)
   638  00A1  0824               	movf	read_digital_keypad@mode,w
   639  00A2  1D03               	btfss	3,2
   640  00A3  28A5               	goto	u141
   641  00A4  28A6               	goto	u140
   642  00A5                     u141:
   643  00A5  28A9               	goto	l794
   644  00A6                     u140:
   645  00A6                     l788:
   646                           
   647                           ;digital_keypad.c: 23:     {;digital_keypad.c: 24:         return PORTB & 0x3F;
   648  00A6  0806               	movf	6,w	;volatile
   649  00A7  393F               	andlw	63
   650  00A8  28C5               	goto	l82
   651  00A9                     l794:
   652                           
   653                           ;digital_keypad.c: 27:     {;digital_keypad.c: 28:         if (((PORTB & 0x3F) != 0x3F) 
      +                          && once)
   654  00A9  303F               	movlw	63
   655  00AA  0506               	andwf	6,w	;volatile
   656  00AB  00F9               	movwf	??_read_digital_keypad
   657  00AC  303F               	movlw	63
   658  00AD  0679               	xorwf	??_read_digital_keypad,w
   659  00AE  1903               	btfsc	3,2
   660  00AF  28B1               	goto	u151
   661  00B0  28B2               	goto	u150
   662  00B1                     u151:
   663  00B1  28B9               	goto	l806
   664  00B2                     u150:
   665  00B2                     l796:
   666  00B2  0876               	movf	read_digital_keypad@once,w
   667  00B3  1903               	btfsc	3,2
   668  00B4  28B6               	goto	u161
   669  00B5  28B7               	goto	u160
   670  00B6                     u161:
   671  00B6  28B9               	goto	l806
   672  00B7                     u160:
   673  00B7                     l798:
   674                           
   675                           ;digital_keypad.c: 29:         {;digital_keypad.c: 30:             once = 0;
   676  00B7  01F6               	clrf	read_digital_keypad@once
   677  00B8  28A6               	goto	l788
   678  00B9                     l806:
   679  00B9  303F               	movlw	63
   680  00BA  0506               	andwf	6,w	;volatile
   681  00BB  00F9               	movwf	??_read_digital_keypad
   682  00BC  303F               	movlw	63
   683  00BD  0679               	xorwf	??_read_digital_keypad,w
   684  00BE  1D03               	btfss	3,2
   685  00BF  28C1               	goto	u171
   686  00C0  28C2               	goto	u170
   687  00C1                     u171:
   688  00C1  28C4               	goto	l810
   689  00C2                     u170:
   690  00C2                     l808:
   691                           
   692                           ;digital_keypad.c: 35:         {;digital_keypad.c: 36:             once = 1;
   693  00C2  01F6               	clrf	read_digital_keypad@once
   694  00C3  0AF6               	incf	read_digital_keypad@once,f
   695  00C4                     l810:
   696                           
   697                           ;digital_keypad.c: 40:     return 0x3F;
   698  00C4  303F               	movlw	63
   699  00C5                     l82:
   700  00C5  0008               	return
   701  00C6                     __end_of_read_digital_keypad:
   702                           
   703                           	psect	text2
   704  00F9                     __ptext2:	
   705 ;; *************** function _init_config *****************
   706 ;; Defined at:
   707 ;;		line 19 in file "main.c"
   708 ;; Parameters:    Size  Location     Type
   709 ;;		None
   710 ;; Auto vars:     Size  Location     Type
   711 ;;		None
   712 ;; Return value:  Size  Location     Type
   713 ;;                  1    wreg      void 
   714 ;; Registers used:
   715 ;;		wreg, status,2, status,0, pclath, cstack
   716 ;; Tracked objects:
   717 ;;		On entry : 0/0
   718 ;;		On exit  : 0/0
   719 ;;		Unchanged: 0/0
   720 ;; Data sizes:     COMMON   BANK0   BANK1   BANK3   BANK2
   721 ;;      Params:         0       0       0       0       0
   722 ;;      Locals:         0       0       0       0       0
   723 ;;      Temps:          0       0       0       0       0
   724 ;;      Totals:         0       0       0       0       0
   725 ;;Total ram usage:        0 bytes
   726 ;; Hardware stack levels used:    1
   727 ;; Hardware stack levels required when called:    2
   728 ;; This function calls:
   729 ;;		_init_digital_keypad
   730 ;;		_init_timer0
   731 ;; This function is called by:
   732 ;;		_main
   733 ;; This function uses a non-reentrant model
   734 ;;
   735                           
   736                           
   737                           ;psect for function _init_config
   738  00F9                     _init_config:
   739  00F9                     l778:	
   740                           ;incstack = 0
   741                           ; Regs used in _init_config: [wreg+status,2+status,0+pclath+cstack]
   742                           
   743                           
   744                           ;main.c: 20: 
   745  00F9  1283               	bcf	3,5	;RP0=0, select bank0
   746  00FA  1303               	bcf	3,6	;RP1=0, select bank0
   747  00FB  0188               	clrf	8	;volatile
   748                           
   749                           ;main.c: 21: 
   750  00FC  1683               	bsf	3,5	;RP0=1, select bank1
   751  00FD  1303               	bcf	3,6	;RP1=0, select bank1
   752  00FE  0188               	clrf	8	;volatile
   753  00FF                     l780:
   754                           
   755                           ;main.c: 23: 
   756  00FF  120A  118A  211C  120A  118A  	fcall	_init_digital_keypad
   757  0104                     l782:
   758                           
   759                           ;main.c: 24:         if (key == 0x3E)
   760  0104  120A  118A  210B  120A  118A  	fcall	_init_timer0
   761  0109                     l784:
   762                           
   763                           ;main.c: 27:              duty_cycle = 100;
   764  0109  178B               	bsf	11,7	;volatile
   765  010A                     l34:
   766  010A  0008               	return
   767  010B                     __end_of_init_config:
   768                           
   769                           	psect	text3
   770  010B                     __ptext3:	
   771 ;; *************** function _init_timer0 *****************
   772 ;; Defined at:
   773 ;;		line 10 in file "timers.c"
   774 ;; Parameters:    Size  Location     Type
   775 ;;		None
   776 ;; Auto vars:     Size  Location     Type
   777 ;;		None
   778 ;; Return value:  Size  Location     Type
   779 ;;                  1    wreg      void 
   780 ;; Registers used:
   781 ;;		wreg
   782 ;; Tracked objects:
   783 ;;		On entry : 0/0
   784 ;;		On exit  : 0/0
   785 ;;		Unchanged: 0/0
   786 ;; Data sizes:     COMMON   BANK0   BANK1   BANK3   BANK2
   787 ;;      Params:         0       0       0       0       0
   788 ;;      Locals:         0       0       0       0       0
   789 ;;      Temps:          0       0       0       0       0
   790 ;;      Totals:         0       0       0       0       0
   791 ;;Total ram usage:        0 bytes
   792 ;; Hardware stack levels used:    1
   793 ;; Hardware stack levels required when called:    1
   794 ;; This function calls:
   795 ;;		Nothing
   796 ;; This function is called by:
   797 ;;		_init_config
   798 ;; This function uses a non-reentrant model
   799 ;;
   800                           
   801                           
   802                           ;psect for function _init_timer0
   803  010B                     _init_timer0:
   804  010B                     l770:	
   805                           ;incstack = 0
   806                           ; Regs used in _init_timer0: [wreg]
   807                           
   808                           
   809                           ;timers.c: 13:     T0CS = 0;
   810  010B  1683               	bsf	3,5	;RP0=1, select bank1
   811  010C  1303               	bcf	3,6	;RP1=0, select bank1
   812  010D  1281               	bcf	1,5	;volatile
   813                           
   814                           ;timers.c: 16:     PSA = 1;
   815  010E  1581               	bsf	1,3	;volatile
   816  010F                     l772:
   817                           
   818                           ;timers.c: 18:     TMR0 = 6;
   819  010F  3006               	movlw	6
   820  0110  1283               	bcf	3,5	;RP0=0, select bank0
   821  0111  1303               	bcf	3,6	;RP1=0, select bank0
   822  0112  0081               	movwf	1	;volatile
   823  0113                     l774:
   824                           
   825                           ;timers.c: 21:     TMR0IE = 1;
   826  0113  168B               	bsf	11,5	;volatile
   827  0114                     l11:
   828  0114  0008               	return
   829  0115                     __end_of_init_timer0:
   830                           
   831                           	psect	text4
   832  011C                     __ptext4:	
   833 ;; *************** function _init_digital_keypad *****************
   834 ;; Defined at:
   835 ;;		line 12 in file "digital_keypad.c"
   836 ;; Parameters:    Size  Location     Type
   837 ;;		None
   838 ;; Auto vars:     Size  Location     Type
   839 ;;		None
   840 ;; Return value:  Size  Location     Type
   841 ;;                  1    wreg      void 
   842 ;; Registers used:
   843 ;;		wreg, status,2
   844 ;; Tracked objects:
   845 ;;		On entry : 0/0
   846 ;;		On exit  : 0/0
   847 ;;		Unchanged: 0/0
   848 ;; Data sizes:     COMMON   BANK0   BANK1   BANK3   BANK2
   849 ;;      Params:         0       0       0       0       0
   850 ;;      Locals:         0       0       0       0       0
   851 ;;      Temps:          0       0       0       0       0
   852 ;;      Totals:         0       0       0       0       0
   853 ;;Total ram usage:        0 bytes
   854 ;; Hardware stack levels used:    1
   855 ;; Hardware stack levels required when called:    1
   856 ;; This function calls:
   857 ;;		Nothing
   858 ;; This function is called by:
   859 ;;		_init_config
   860 ;; This function uses a non-reentrant model
   861 ;;
   862                           
   863                           
   864                           ;psect for function _init_digital_keypad
   865  011C                     _init_digital_keypad:
   866  011C                     l776:	
   867                           ;incstack = 0
   868                           ; Regs used in _init_digital_keypad: [wreg+status,2]
   869                           
   870                           
   871                           ;digital_keypad.c: 15:     TRISB = TRISB | 0x3F;
   872  011C  1683               	bsf	3,5	;RP0=1, select bank1
   873  011D  1303               	bcf	3,6	;RP1=0, select bank1
   874  011E  0806               	movf	6,w	;volatile
   875  011F  383F               	iorlw	63
   876  0120  0086               	movwf	6	;volatile
   877  0121                     l76:
   878  0121  0008               	return
   879  0122                     __end_of_init_digital_keypad:
   880                           
   881                           	psect	text5
   882  0043                     __ptext5:	
   883 ;; *************** function _isr *****************
   884 ;; Defined at:
   885 ;;		line 15 in file "isr.c"
   886 ;; Parameters:    Size  Location     Type
   887 ;;		None
   888 ;; Auto vars:     Size  Location     Type
   889 ;;		None
   890 ;; Return value:  Size  Location     Type
   891 ;;                  1    wreg      void 
   892 ;; Registers used:
   893 ;;		wreg, status,2, status,0
   894 ;; Tracked objects:
   895 ;;		On entry : 0/0
   896 ;;		On exit  : 0/0
   897 ;;		Unchanged: 0/0
   898 ;; Data sizes:     COMMON   BANK0   BANK1   BANK3   BANK2
   899 ;;      Params:         0       0       0       0       0
   900 ;;      Locals:         0       0       0       0       0
   901 ;;      Temps:          2       0       0       0       0
   902 ;;      Totals:         2       0       0       0       0
   903 ;;Total ram usage:        2 bytes
   904 ;; Hardware stack levels used:    1
   905 ;; This function calls:
   906 ;;		Nothing
   907 ;; This function is called by:
   908 ;;		Interrupt level 1
   909 ;; This function uses a non-reentrant model
   910 ;;
   911                           
   912                           
   913                           ;psect for function _isr
   914  0043                     _isr:
   915  0043                     i1l750:
   916                           
   917                           ;isr.c: 17:     static unsigned long int count = 0;;isr.c: 20:     if (loop_counter <= d
      +                          uty_cycle)
   918  0043  087B               	movf	_loop_counter+1,w
   919  0044  0275               	subwf	_duty_cycle+1,w
   920  0045  1D03               	skipz
   921  0046  2849               	goto	u10_25
   922  0047  087A               	movf	_loop_counter,w
   923  0048  0274               	subwf	_duty_cycle,w
   924  0049                     u10_25:
   925  0049  1C03               	skipc
   926  004A  284C               	goto	u10_21
   927  004B  284D               	goto	u10_20
   928  004C                     u10_21:
   929  004C  2851               	goto	i1l64
   930  004D                     u10_20:
   931  004D                     i1l752:
   932                           
   933                           ;isr.c: 21:     {;isr.c: 22:         RD0 = 1;
   934  004D  1283               	bcf	3,5	;RP0=0, select bank0
   935  004E  1303               	bcf	3,6	;RP1=0, select bank0
   936  004F  1408               	bsf	8,0	;volatile
   937                           
   938                           ;isr.c: 23:     }
   939  0050  2854               	goto	i1l754
   940  0051                     i1l64:	
   941                           ;isr.c: 24:     else
   942                           
   943                           
   944                           ;isr.c: 25:     {;isr.c: 26:         RD0 = 0;
   945  0051  1283               	bcf	3,5	;RP0=0, select bank0
   946  0052  1303               	bcf	3,6	;RP1=0, select bank0
   947  0053  1008               	bcf	8,0	;volatile
   948  0054                     i1l754:
   949                           
   950                           ;isr.c: 28:     if (loop_counter == 100)
   951  0054  3064               	movlw	100
   952  0055  067A               	xorwf	_loop_counter,w
   953  0056  047B               	iorwf	_loop_counter+1,w
   954  0057  1D03               	btfss	3,2
   955  0058  285A               	goto	u11_21
   956  0059  285B               	goto	u11_20
   957  005A                     u11_21:
   958  005A  285D               	goto	i1l758
   959  005B                     u11_20:
   960  005B                     i1l756:
   961                           
   962                           ;isr.c: 29:     {;isr.c: 30:         loop_counter = 0;
   963  005B  01FA               	clrf	_loop_counter
   964  005C  01FB               	clrf	_loop_counter+1
   965  005D                     i1l758:
   966                           
   967                           ;isr.c: 32:     loop_counter++;
   968  005D  3001               	movlw	1
   969  005E  07FA               	addwf	_loop_counter,f
   970  005F  1803               	skipnc
   971  0060  0AFB               	incf	_loop_counter+1,f
   972  0061  3000               	movlw	0
   973  0062  07FB               	addwf	_loop_counter+1,f
   974  0063                     i1l760:
   975                           
   976                           ;isr.c: 35:     if (TMR0IF == 1)
   977  0063  1D0B               	btfss	11,2	;volatile
   978  0064  2866               	goto	u12_21
   979  0065  2867               	goto	u12_20
   980  0066                     u12_21:
   981  0066  2897               	goto	i1l69
   982  0067                     u12_20:
   983  0067                     i1l762:
   984                           
   985                           ;isr.c: 36:     {;isr.c: 38:         TMR0 = TMR0 + 6 + 2;
   986  0067  0801               	movf	1,w	;volatile
   987  0068  3E08               	addlw	8
   988  0069  0081               	movwf	1	;volatile
   989  006A                     i1l764:
   990                           
   991                           ;isr.c: 40:         if (++count == req_time)
   992  006A  3001               	movlw	1
   993  006B  07A0               	addwf	isr@count,f
   994  006C  3000               	movlw	0
   995  006D  1803               	skipnc
   996  006E  3001               	movlw	1
   997  006F  07A1               	addwf	isr@count+1,f
   998  0070  3000               	movlw	0
   999  0071  1803               	skipnc
  1000  0072  3001               	movlw	1
  1001  0073  07A2               	addwf	isr@count+2,f
  1002  0074  3000               	movlw	0
  1003  0075  1803               	skipnc
  1004  0076  3001               	movlw	1
  1005  0077  07A3               	addwf	isr@count+3,f
  1006  0078  0873               	movf	_req_time+3,w
  1007  0079  0623               	xorwf	isr@count+3,w
  1008  007A  1D03               	skipz
  1009  007B  2886               	goto	u13_25
  1010  007C  0872               	movf	_req_time+2,w
  1011  007D  0622               	xorwf	isr@count+2,w
  1012  007E  1D03               	skipz
  1013  007F  2886               	goto	u13_25
  1014  0080  0871               	movf	_req_time+1,w
  1015  0081  0621               	xorwf	isr@count+1,w
  1016  0082  1D03               	skipz
  1017  0083  2886               	goto	u13_25
  1018  0084  0870               	movf	_req_time,w
  1019  0085  0620               	xorwf	isr@count,w
  1020  0086                     u13_25:
  1021  0086  1D03               	skipz
  1022  0087  2889               	goto	u13_21
  1023  0088  288A               	goto	u13_20
  1024  0089                     u13_21:
  1025  0089  2896               	goto	i1l768
  1026  008A                     u13_20:
  1027  008A                     i1l766:
  1028                           
  1029                           ;isr.c: 41:         {;isr.c: 43:             duty_cycle = 10;
  1030  008A  300A               	movlw	10
  1031  008B  00F4               	movwf	_duty_cycle
  1032  008C  3000               	movlw	0
  1033  008D  00F5               	movwf	_duty_cycle+1
  1034                           
  1035                           ;isr.c: 45:             count = 0;
  1036  008E  3000               	movlw	0
  1037  008F  00A3               	movwf	isr@count+3
  1038  0090  3000               	movlw	0
  1039  0091  00A2               	movwf	isr@count+2
  1040  0092  3000               	movlw	0
  1041  0093  00A1               	movwf	isr@count+1
  1042  0094  3000               	movlw	0
  1043  0095  00A0               	movwf	isr@count
  1044  0096                     i1l768:
  1045                           
  1046                           ;isr.c: 47:         TMR0IF = 0;
  1047  0096  110B               	bcf	11,2	;volatile
  1048  0097                     i1l69:
  1049  0097  0878               	movf	??_isr+1,w
  1050  0098  008A               	movwf	10
  1051  0099  0E77               	swapf	??_isr^(0+4294967168),w
  1052  009A  0083               	movwf	3
  1053  009B  0EFE               	swapf	btemp,f
  1054  009C  0E7E               	swapf	btemp,w
  1055  009D  0009               	retfie
  1056  009E                     __end_of_isr:
  1057  007E                     btemp	set	126	;btemp
  1058  007E                     wtemp0	set	126
  1059                           
  1060                           	psect	intentry
  1061  0004                     __pintentry:	
  1062                           ;incstack = 0
  1063                           ; Regs used in _isr: [wreg+status,2+status,0]
  1064                           
  1065  0004                     interrupt_function:
  1066  007E                     saved_w	set	btemp
  1067  0004  00FE               	movwf	btemp
  1068  0005  0E03               	swapf	3,w
  1069  0006  00F7               	movwf	??_isr
  1070  0007  080A               	movf	10,w
  1071  0008  00F8               	movwf	??_isr+1
  1072  0009  120A  118A  2843   	ljmp	_isr
  1073                           
  1074                           	psect	config
  1075                           
  1076                           ;Config register CONFIG @ 0x2007
  1077                           ;	Oscillator Selection bits
  1078                           ;	FOSC = 0x3, unprogrammed default
  1079                           ;	Watchdog Timer Enable bit
  1080                           ;	WDTE = OFF, WDT disabled
  1081                           ;	Power-up Timer Enable bit
  1082                           ;	PWRTE = 0x1, unprogrammed default
  1083                           ;	Brown-out Reset Enable bit
  1084                           ;	BOREN = 0x1, unprogrammed default
  1085                           ;	Low-Voltage (Single-Supply) In-Circuit Serial Programming Enable bit
  1086                           ;	LVP = 0x1, unprogrammed default
  1087                           ;	Data EEPROM Memory Code Protection bit
  1088                           ;	CPD = 0x1, unprogrammed default
  1089                           ;	Flash Program Memory Write Enable bits
  1090                           ;	WRT = 0x3, unprogrammed default
  1091                           ;	In-Circuit Debugger Mode bit
  1092                           ;	DEBUG = 0x1, unprogrammed default
  1093                           ;	Flash Program Memory Code Protection bit
  1094                           ;	CP = 0x1, unprogrammed default
  1095  2007                     	org	8199
  1096  2007  3FFB               	dw	16379

Data Sizes:
    Strings     0
    Constant    0
    Data        7
    BSS         6
    Persistent  0
    Stack       0

Auto Spaces:
    Space          Size  Autos    Used
    COMMON           14      3      12
    BANK0            80      2       6
    BANK1            80      0       0
    BANK3            96      0       0
    BANK2            96      0       0

Pointer List with Targets:

    None.

Critical Paths under _main in COMMON

    _main->_read_digital_keypad

Critical Paths under _isr in COMMON

    None.

Critical Paths under _main in BANK0

    _main->_read_digital_keypad

Critical Paths under _isr in BANK0

    None.

Critical Paths under _main in BANK1

    None.

Critical Paths under _isr in BANK1

    None.

Critical Paths under _main in BANK3

    None.

Critical Paths under _isr in BANK3

    None.

Critical Paths under _main in BANK2

    None.

Critical Paths under _isr in BANK2

    None.

Call Graph Tables:

 ---------------------------------------------------------------------------------
 (Depth) Function   	        Calls       Base Space   Used Autos Params    Refs
 ---------------------------------------------------------------------------------
 (0) _main                                                 1     1      0      45
                                              1 BANK0      1     1      0
                        _init_config
                _read_digital_keypad
 ---------------------------------------------------------------------------------
 (1) _read_digital_keypad                                  2     2      0      22
                                              2 COMMON     1     1      0
                                              0 BANK0      1     1      0
 ---------------------------------------------------------------------------------
 (1) _init_config                                          0     0      0       0
                _init_digital_keypad
                        _init_timer0
 ---------------------------------------------------------------------------------
 (2) _init_timer0                                          0     0      0       0
 ---------------------------------------------------------------------------------
 (2) _init_digital_keypad                                  0     0      0       0
 ---------------------------------------------------------------------------------
 Estimated maximum stack depth 2
 ---------------------------------------------------------------------------------
 (Depth) Function   	        Calls       Base Space   Used Autos Params    Refs
 ---------------------------------------------------------------------------------
 (3) _isr                                                  2     2      0       0
                                              0 COMMON     2     2      0
 ---------------------------------------------------------------------------------
 Estimated maximum stack depth 3
 ---------------------------------------------------------------------------------

 Call Graph Graphs:

 _main (ROOT)
   _init_config
     _init_digital_keypad
     _init_timer0
   _read_digital_keypad

 _isr (ROOT)

 Address spaces:
Name               Size   Autos  Total    Cost      Usage
BANK3               60      0       0       9        0.0%
BITBANK3            60      0       0       8        0.0%
SFR3                 0      0       0       4        0.0%
BITSFR3              0      0       0       4        0.0%
BANK2               60      0       0      11        0.0%
BITBANK2            60      0       0      10        0.0%
SFR2                 0      0       0       5        0.0%
BITSFR2              0      0       0       5        0.0%
BANK1               50      0       0       7        0.0%
BITBANK1            50      0       0       6        0.0%
SFR1                 0      0       0       2        0.0%
BITSFR1              0      0       0       2        0.0%
BANK0               50      2       6       5        7.5%
BITBANK0            50      0       0       4        0.0%
SFR0                 0      0       0       1        0.0%
BITSFR0              0      0       0       1        0.0%
COMMON               E      3       C       1       85.7%
BITCOMMON            E      0       0       0        0.0%
CODE                 0      0       0       0        0.0%
DATA                 0      0      12      12        0.0%
ABS                  0      0      12       3        0.0%
NULL                 0      0       0       0        0.0%
STACK                0      0       0       2        0.0%
EEDATA             100      0       0       0        0.0%


Microchip Technology PIC Macro Assembler V2.20 build 20200408173844 
Symbol Table                                                                                   Wed May 24 14:25:56 2023

                           pc 0002                            l11 0114                            l34 010A  
                          l82 00C5                            l76 0121                            fsr 0004  
                         l810 00C4                           l820 00DC                           l806 00B9  
                         l814 00C6                           l808 00C2                           l816 00CB  
                         l770 010B                           l818 00D6                           l772 010F  
                         l780 00FF                           l774 0113                           l782 0104  
                         l776 011C                           l784 0109                           l778 00F9  
                         l794 00A9                           l786 00A1                           l796 00B2  
                         l788 00A6                           l798 00B7                           _GIE 005F  
                         _RD0 0040                           u140 00A6                           u141 00A5  
                         u150 00B2                           u151 00B1                           u160 00B7  
                         u161 00B6                           u170 00C2                           u171 00C1  
                         u180 00DC                           u181 00DB                           _PSA 040B  
                         _isr 0043                           indf 0000         ??_read_digital_keypad 0079  
                        ?_isr 0077                          _T0CS 040D                          i1l64 0051  
                        i1l69 0097                          _TMR0 0001                          _main 00C6  
                        btemp 007E                          start 000C                         ??_isr 0077  
                       ?_main 0077                  ?_init_config 0077                         i1l750 0043  
                       i1l760 0063                         i1l752 004D                         i1l762 0067  
                       i1l754 0054                         i1l764 006A                         i1l756 005B  
                       i1l766 008A                         i1l758 005D                         i1l768 0096  
                       u10_20 004D                         u10_21 004C                         u10_25 0049  
                       u11_20 005B                         u11_21 005A                         u12_20 0067  
                       u12_21 0066                         u13_20 008A                         u13_21 0089  
                       u13_25 0086                         _PORTB 0006                         _PORTD 0008  
                       _TRISB 0086                         _TRISD 0088                  ?_init_timer0 0077  
                       pclath 000A                         status 0003                         wtemp0 007E  
             __initialization 000F                  __end_of_main 00E6                        ??_main 007A  
                      _TMR0IE 005D                        _TMR0IF 005A   __end_of_init_digital_keypad 0122  
                __pdataCOMMON 0070                        saved_w 007E       __end_of__initialization 003F  
              __pcstackCOMMON 0077          __size_of_init_config 0012          __size_of_init_timer0 000A  
                  __pbssBANK0 0020                    __pmaintext 00C6                    __pintentry 0004  
 __end_of_read_digital_keypad 00C6                       __ptext1 009E                       __ptext2 00F9  
                     __ptext3 010B                       __ptext4 011C                       __ptext5 0043  
                __size_of_isr 005B                    _duty_cycle 0074                       main@key 0025  
        end_of_initialization 003F  __size_of_init_digital_keypad 0006                 __pidataCOMMON 0115  
         start_initialization 000F                   __end_of_isr 009E                    init_fetch0 00E6  
               ??_init_config 0079                 ??_init_timer0 0079                   __pbssCOMMON 007A  
                   ___latbits 0002                 __pcstackBANK0 0024           __end_of_init_config 010B  
__size_of_read_digital_keypad 0028           __end_of_init_timer0 0115             interrupt_function 0004  
         _init_digital_keypad 011C                  _loop_counter 007A          ?_init_digital_keypad 0077  
                 _init_config 00F9                   _init_timer0 010B                 __size_of_main 0020  
     read_digital_keypad@mode 0024       read_digital_keypad@once 0076                      _req_time 0070  
       ??_init_digital_keypad 0079                      isr@count 0020                      init_ram0 00EA  
                    intlevel1 0000           _read_digital_keypad 009E          ?_read_digital_keypad 0077  
