

Microchip MPLAB XC8 Assembler V2.20 build 20200408173844 
                                                                                               Fri May 26 22:41:01 2023

Microchip MPLAB XC8 C Compiler v2.20 (Free license) build 20200408173844 Og1 
     1                           	processor	16F877A
     2                           	pagewidth 120
     3                           	opt	flic
     4                           	psect	idataCOMMON,global,class=CODE,delta=2,noexec
     5                           	psect	idataBANK0,global,class=CODE,delta=2,noexec
     6                           	psect	cinit,global,class=CODE,merge=1,delta=2
     7                           	psect	dataCOMMON,global,class=COMMON,space=1,delta=1,noexec
     8                           	psect	bssBANK0,global,class=BANK0,space=1,delta=1,noexec
     9                           	psect	dataBANK0,global,class=BANK0,space=1,delta=1,noexec
    10                           	psect	inittext,global,class=CODE,delta=2
    11                           	psect	cstackCOMMON,global,class=COMMON,space=1,delta=1,noexec
    12                           	psect	cstackBANK0,global,class=BANK0,space=1,delta=1,noexec
    13                           	psect	maintext,global,class=CODE,split=1,delta=2
    14                           	psect	text1,local,class=CODE,merge=1,delta=2
    15                           	psect	text2,local,class=CODE,merge=1,delta=2
    16                           	psect	text3,local,class=CODE,merge=1,delta=2
    17                           	psect	text4,local,class=CODE,merge=1,delta=2
    18                           	psect	text5,local,class=CODE,merge=1,delta=2
    19                           	psect	text6,local,class=CODE,merge=1,delta=2,group=1
    20                           	psect	text7,local,class=CODE,merge=1,delta=2,group=1
    21                           	psect	config,global,abs,ovrld,class=CONFIG,space=4,delta=2,noexec
    22                           	dabs	1,0x7E,2
    23  0000                     
    24                           ; Version 2.20
    25                           ; Generated 12/02/2020 GMT
    26                           ; 
    27                           ; Copyright © 2020, Microchip Technology Inc. and its subsidiaries ("Microchip")
    28                           ; All rights reserved.
    29                           ; 
    30                           ; This software is developed by Microchip Technology Inc. and its subsidiaries ("Microch
      +                          ip").
    31                           ; 
    32                           ; Redistribution and use in source and binary forms, with or without modification, are
    33                           ; permitted provided that the following conditions are met:
    34                           ; 
    35                           ;     1. Redistributions of source code must retain the above copyright notice, this lis
      +                          t of
    36                           ;        conditions and the following disclaimer.
    37                           ; 
    38                           ;     2. Redistributions in binary form must reproduce the above copyright notice, this 
      +                          list
    39                           ;        of conditions and the following disclaimer in the documentation and/or other
    40                           ;        materials provided with the distribution.
    41                           ; 
    42                           ;     3. Microchip's name may not be used to endorse or promote products derived from th
      +                          is
    43                           ;        software without specific prior written permission.
    44                           ; 
    45                           ; THIS SOFTWARE IS PROVIDED BY MICROCHIP "AS IS" AND ANY EXPRESS OR IMPLIED WARRANTIES,
    46                           ; INCLUDING, BUT NOT LIMITED TO, THE IMPLIED WARRANTIES OF MERCHANTABILITY AND FITNESS F
      +                          OR
    47                           ; PURPOSE ARE DISCLAIMED.  IN NO EVENT SHALL MICROCHIP BE LIABLE FOR ANY DIRECT, INDIREC
      +                          T,
    48                           ; INCIDENTAL, SPECIAL, EXEMPLARY, OR CONSEQUENTIAL DAMAGES (INCLUDING BUT NOT LIMITED TO
    49                           ; PROCUREMENT OF SUBSTITUTE GOODS OR SERVICES; LOSS OF USE, DATA OR PROFITS; OR BUSINESS
    50                           ; INTERRUPTION) HOWSOEVER CAUSED AND ON ANY THEORY OF LIABILITY, WHETHER IN CONTRACT, ST
      +                          RICT
    51                           ; LIABILITY, OR TORT (INCLUDING NEGLIGENCE OR OTHERWISE) ARISING IN ANY WAY OUT OF THE U
      +                          SE OF
    52                           ; THIS SOFTWARE, EVEN IF ADVISED OF THE POSSIBILITY OF SUCH DAMAGE.
    53                           ; 
    54                           ; 
    55                           ; Code-generator required, PIC16F877A Definitions
    56                           ; 
    57                           ; SFR Addresses
    58  0000                     	;# 
    59  0001                     	;# 
    60  0002                     	;# 
    61  0003                     	;# 
    62  0004                     	;# 
    63  0005                     	;# 
    64  0006                     	;# 
    65  0007                     	;# 
    66  0008                     	;# 
    67  0009                     	;# 
    68  000A                     	;# 
    69  000B                     	;# 
    70  000C                     	;# 
    71  000D                     	;# 
    72  000E                     	;# 
    73  000E                     	;# 
    74  000F                     	;# 
    75  0010                     	;# 
    76  0011                     	;# 
    77  0012                     	;# 
    78  0013                     	;# 
    79  0014                     	;# 
    80  0015                     	;# 
    81  0015                     	;# 
    82  0016                     	;# 
    83  0017                     	;# 
    84  0018                     	;# 
    85  0019                     	;# 
    86  001A                     	;# 
    87  001B                     	;# 
    88  001B                     	;# 
    89  001C                     	;# 
    90  001D                     	;# 
    91  001E                     	;# 
    92  001F                     	;# 
    93  0081                     	;# 
    94  0085                     	;# 
    95  0086                     	;# 
    96  0087                     	;# 
    97  0088                     	;# 
    98  0089                     	;# 
    99  008C                     	;# 
   100  008D                     	;# 
   101  008E                     	;# 
   102  0091                     	;# 
   103  0092                     	;# 
   104  0093                     	;# 
   105  0094                     	;# 
   106  0098                     	;# 
   107  0099                     	;# 
   108  009C                     	;# 
   109  009D                     	;# 
   110  009E                     	;# 
   111  009F                     	;# 
   112  010C                     	;# 
   113  010D                     	;# 
   114  010E                     	;# 
   115  010F                     	;# 
   116  018C                     	;# 
   117  018D                     	;# 
   118  0000                     	;# 
   119  0001                     	;# 
   120  0002                     	;# 
   121  0003                     	;# 
   122  0004                     	;# 
   123  0005                     	;# 
   124  0006                     	;# 
   125  0007                     	;# 
   126  0008                     	;# 
   127  0009                     	;# 
   128  000A                     	;# 
   129  000B                     	;# 
   130  000C                     	;# 
   131  000D                     	;# 
   132  000E                     	;# 
   133  000E                     	;# 
   134  000F                     	;# 
   135  0010                     	;# 
   136  0011                     	;# 
   137  0012                     	;# 
   138  0013                     	;# 
   139  0014                     	;# 
   140  0015                     	;# 
   141  0015                     	;# 
   142  0016                     	;# 
   143  0017                     	;# 
   144  0018                     	;# 
   145  0019                     	;# 
   146  001A                     	;# 
   147  001B                     	;# 
   148  001B                     	;# 
   149  001C                     	;# 
   150  001D                     	;# 
   151  001E                     	;# 
   152  001F                     	;# 
   153  0081                     	;# 
   154  0085                     	;# 
   155  0086                     	;# 
   156  0087                     	;# 
   157  0088                     	;# 
   158  0089                     	;# 
   159  008C                     	;# 
   160  008D                     	;# 
   161  008E                     	;# 
   162  0091                     	;# 
   163  0092                     	;# 
   164  0093                     	;# 
   165  0094                     	;# 
   166  0098                     	;# 
   167  0099                     	;# 
   168  009C                     	;# 
   169  009D                     	;# 
   170  009E                     	;# 
   171  009F                     	;# 
   172  010C                     	;# 
   173  010D                     	;# 
   174  010E                     	;# 
   175  010F                     	;# 
   176  018C                     	;# 
   177  018D                     	;# 
   178  0000                     	;# 
   179  0001                     	;# 
   180  0002                     	;# 
   181  0003                     	;# 
   182  0004                     	;# 
   183  0005                     	;# 
   184  0006                     	;# 
   185  0007                     	;# 
   186  0008                     	;# 
   187  0009                     	;# 
   188  000A                     	;# 
   189  000B                     	;# 
   190  000C                     	;# 
   191  000D                     	;# 
   192  000E                     	;# 
   193  000E                     	;# 
   194  000F                     	;# 
   195  0010                     	;# 
   196  0011                     	;# 
   197  0012                     	;# 
   198  0013                     	;# 
   199  0014                     	;# 
   200  0015                     	;# 
   201  0015                     	;# 
   202  0016                     	;# 
   203  0017                     	;# 
   204  0018                     	;# 
   205  0019                     	;# 
   206  001A                     	;# 
   207  001B                     	;# 
   208  001B                     	;# 
   209  001C                     	;# 
   210  001D                     	;# 
   211  001E                     	;# 
   212  001F                     	;# 
   213  0081                     	;# 
   214  0085                     	;# 
   215  0086                     	;# 
   216  0087                     	;# 
   217  0088                     	;# 
   218  0089                     	;# 
   219  008C                     	;# 
   220  008D                     	;# 
   221  008E                     	;# 
   222  0091                     	;# 
   223  0092                     	;# 
   224  0093                     	;# 
   225  0094                     	;# 
   226  0098                     	;# 
   227  0099                     	;# 
   228  009C                     	;# 
   229  009D                     	;# 
   230  009E                     	;# 
   231  009F                     	;# 
   232  010C                     	;# 
   233  010D                     	;# 
   234  010E                     	;# 
   235  010F                     	;# 
   236  018C                     	;# 
   237  018D                     	;# 
   238  0000                     	;# 
   239  0001                     	;# 
   240  0002                     	;# 
   241  0003                     	;# 
   242  0004                     	;# 
   243  0005                     	;# 
   244  0006                     	;# 
   245  0007                     	;# 
   246  0008                     	;# 
   247  0009                     	;# 
   248  000A                     	;# 
   249  000B                     	;# 
   250  000C                     	;# 
   251  000D                     	;# 
   252  000E                     	;# 
   253  000E                     	;# 
   254  000F                     	;# 
   255  0010                     	;# 
   256  0011                     	;# 
   257  0012                     	;# 
   258  0013                     	;# 
   259  0014                     	;# 
   260  0015                     	;# 
   261  0015                     	;# 
   262  0016                     	;# 
   263  0017                     	;# 
   264  0018                     	;# 
   265  0019                     	;# 
   266  001A                     	;# 
   267  001B                     	;# 
   268  001B                     	;# 
   269  001C                     	;# 
   270  001D                     	;# 
   271  001E                     	;# 
   272  001F                     	;# 
   273  0081                     	;# 
   274  0085                     	;# 
   275  0086                     	;# 
   276  0087                     	;# 
   277  0088                     	;# 
   278  0089                     	;# 
   279  008C                     	;# 
   280  008D                     	;# 
   281  008E                     	;# 
   282  0091                     	;# 
   283  0092                     	;# 
   284  0093                     	;# 
   285  0094                     	;# 
   286  0098                     	;# 
   287  0099                     	;# 
   288  009C                     	;# 
   289  009D                     	;# 
   290  009E                     	;# 
   291  009F                     	;# 
   292  010C                     	;# 
   293  010D                     	;# 
   294  010E                     	;# 
   295  010F                     	;# 
   296  018C                     	;# 
   297  018D                     	;# 
   298                           
   299                           	psect	idataCOMMON
   300  05AE                     __pidataCOMMON:
   301                           
   302                           ;initializer for read_digital_keypad@once
   303  05AE  3401               	retlw	1
   304                           
   305                           	psect	idataBANK0
   306  05CC                     __pidataBANK0:
   307                           
   308                           ;initializer for main@F860
   309  05CC  343F               	retlw	63
   310  05CD  3406               	retlw	6
   311  05CE  345B               	retlw	91
   312  05CF  344F               	retlw	79
   313  05D0  3466               	retlw	102
   314  05D1  346D               	retlw	109
   315  05D2  347D               	retlw	125
   316  05D3  3407               	retlw	7
   317  05D4  347F               	retlw	127
   318  05D5  346F               	retlw	111
   319                           
   320                           ;initializer for main@F858
   321  05D6  343F               	retlw	63
   322  05D7  343F               	retlw	63
   323  05D8  343F               	retlw	63
   324  05D9  343F               	retlw	63
   325                           
   326                           ;initializer for main@flag
   327  05DA  3401               	retlw	1
   328  05DB  3400               	retlw	0
   329  0006                     _PORTB	set	6
   330  0008                     _PORTD	set	8
   331  0005                     _PORTA	set	5
   332  0086                     _TRISB	set	134
   333  0085                     _TRISA	set	133
   334  0088                     _TRISD	set	136
   335                           
   336                           	psect	cinit
   337  07E2                     start_initialization:	
   338                           ; #config settings
   339                           
   340  07E2                     __initialization:
   341                           
   342                           ; Initialize objects allocated to BANK0
   343  07E2  1383               	bcf	3,7	;select IRP bank0
   344  07E3  3043               	movlw	low (__pdataBANK0+16)
   345  07E4  00FD               	movwf	btemp+-1
   346  07E5  3005               	movlw	high __pidataBANK0
   347  07E6  00FE               	movwf	btemp
   348  07E7  30CC               	movlw	low __pidataBANK0
   349  07E8  00FF               	movwf	btemp+1
   350  07E9  3033               	movlw	low __pdataBANK0
   351  07EA  0084               	movwf	4
   352  07EB  120A  118A  25E0  120A  118A  	fcall	init_ram0
   353                           
   354                           ; Initialize objects allocated to COMMON
   355  07F0  120A  118A  25AE  120A  118A  	fcall	__pidataCOMMON	;fetch initializer
   356  07F5  00FC               	movwf	__pdataCOMMON& (0+127)
   357                           
   358                           ; Clear objects allocated to BANK0
   359  07F6  01C3               	clrf	__pbssBANK0& (0+127)
   360  07F7  01C4               	clrf	(__pbssBANK0+1)& (0+127)
   361  07F8  01C5               	clrf	(__pbssBANK0+2)& (0+127)
   362  07F9  01C6               	clrf	(__pbssBANK0+3)& (0+127)
   363  07FA  01C7               	clrf	(__pbssBANK0+4)& (0+127)
   364  07FB  01C8               	clrf	(__pbssBANK0+5)& (0+127)
   365  07FC                     end_of_initialization:	
   366                           ;End of C runtime variable initialization code
   367                           
   368  07FC                     __end_of__initialization:
   369  07FC  0183               	clrf	3
   370  07FD  120A  118A  2EED   	ljmp	_main	;jump to C main() function
   371                           
   372                           	psect	dataCOMMON
   373  007C                     __pdataCOMMON:
   374  007C                     read_digital_keypad@once:
   375  007C                     	ds	1
   376                           
   377                           	psect	bssBANK0
   378  0043                     __pbssBANK0:
   379  0043                     main@sw_count:
   380  0043                     	ds	2
   381  0045                     main@wait:
   382  0045                     	ds	2
   383  0047                     main@count:
   384  0047                     	ds	2
   385                           
   386                           	psect	dataBANK0
   387  0033                     __pdataBANK0:
   388  0033                     main@F860:
   389  0033                     	ds	10
   390  003D                     main@F858:
   391  003D                     	ds	4
   392  0041                     main@flag:
   393  0041                     	ds	2
   394                           
   395                           	psect	inittext
   396  05DC                     init_fetch0:	
   397                           ;	Called with low address in FSR and high address in W
   398                           
   399  05DC  087E               	movf	btemp,w
   400  05DD  008A               	movwf	10
   401  05DE  087F               	movf	btemp+1,w
   402  05DF  0082               	movwf	2
   403  05E0                     init_ram0:	
   404                           ;Called with:
   405                           ;	high address of idata address in btemp 
   406                           ;	low address of idata address in btemp+1 
   407                           ;	low address of data in FSR
   408                           ;	high address + 1 of data in btemp-1
   409                           
   410  05E0  120A  118A  25DC  120A  118A  	fcall	init_fetch0
   411  05E5  0080               	movwf	0
   412  05E6  0A84               	incf	4,f
   413  05E7  0804               	movf	4,w
   414  05E8  067D               	xorwf	btemp+-1,w
   415  05E9  1903               	btfsc	3,2
   416  05EA  3400               	retlw	0
   417  05EB  0AFF               	incf	btemp+1,f
   418  05EC  1903               	btfsc	3,2
   419  05ED  0AFE               	incf	btemp,f
   420  05EE  2DE0               	goto	init_ram0
   421                           
   422                           	psect	cstackCOMMON
   423  0070                     __pcstackCOMMON:
   424  0070                     ?_init_digital_keypad:
   425  0070                     ??_init_digital_keypad:	
   426                           ; 1 bytes @ 0x0
   427                           
   428  0070                     ?_init_ssd:	
   429                           ; 1 bytes @ 0x0
   430                           
   431  0070                     ??_init_ssd:	
   432                           ; 1 bytes @ 0x0
   433                           
   434  0070                     ?_read_digital_keypad:	
   435                           ; 1 bytes @ 0x0
   436                           
   437  0070                     ??_read_digital_keypad:	
   438                           ; 1 bytes @ 0x0
   439                           
   440  0070                     ?_display:	
   441                           ; 1 bytes @ 0x0
   442                           
   443  0070                     ??_display:	
   444                           ; 1 bytes @ 0x0
   445                           
   446  0070                     ?_init_config:	
   447                           ; 1 bytes @ 0x0
   448                           
   449  0070                     ??_init_config:	
   450                           ; 1 bytes @ 0x0
   451                           
   452  0070                     ?_main:	
   453                           ; 1 bytes @ 0x0
   454                           
   455  0070                     ?___lwmod:	
   456                           ; 1 bytes @ 0x0
   457                           
   458  0070                     ___lwmod@divisor:	
   459                           ; 2 bytes @ 0x0
   460                           
   461                           
   462                           ; 2 bytes @ 0x0
   463  0070                     	ds	1
   464  0071                     read_digital_keypad@mode:
   465                           
   466                           ; 1 bytes @ 0x1
   467  0071                     	ds	1
   468  0072                     ___lwmod@dividend:
   469                           
   470                           ; 2 bytes @ 0x2
   471  0072                     	ds	2
   472  0074                     ??___lwmod:
   473  0074                     ___lwmod@counter:	
   474                           ; 1 bytes @ 0x4
   475                           
   476  0074                     display@wait:	
   477                           ; 1 bytes @ 0x4
   478                           
   479                           
   480                           ; 4 bytes @ 0x4
   481  0074                     	ds	1
   482  0075                     ?___lwdiv:
   483  0075                     ___lwdiv@divisor:	
   484                           ; 2 bytes @ 0x5
   485                           
   486                           
   487                           ; 2 bytes @ 0x5
   488  0075                     	ds	2
   489  0077                     ___lwdiv@dividend:
   490                           
   491                           ; 2 bytes @ 0x7
   492  0077                     	ds	1
   493  0078                     display@data:
   494                           
   495                           ; 1 bytes @ 0x8
   496  0078                     	ds	1
   497  0079                     ??___lwdiv:
   498  0079                     display@digit:	
   499                           ; 1 bytes @ 0x9
   500                           
   501  0079                     ___lwdiv@quotient:	
   502                           ; 1 bytes @ 0x9
   503                           
   504                           
   505                           ; 2 bytes @ 0x9
   506  0079                     	ds	2
   507  007B                     ___lwdiv@counter:
   508                           
   509                           ; 1 bytes @ 0xB
   510  007B                     	ds	1
   511                           
   512                           	psect	cstackBANK0
   513  0020                     __pcstackBANK0:
   514  0020                     ??_main:
   515                           
   516                           ; 1 bytes @ 0x0
   517  0020                     	ds	4
   518  0024                     main@digit:
   519                           
   520                           ; 10 bytes @ 0x4
   521  0024                     	ds	10
   522  002E                     main@ssd:
   523                           
   524                           ; 4 bytes @ 0xE
   525  002E                     	ds	4
   526  0032                     main@key:
   527                           
   528                           ; 1 bytes @ 0x12
   529  0032                     	ds	1
   530                           
   531                           	psect	maintext
   532  06ED                     __pmaintext:	
   533 ;;
   534 ;;Main: autosize = 0, tempsize = 4, incstack = 0, save=0
   535 ;;
   536 ;; *************** function _main *****************
   537 ;; Defined at:
   538 ;;		line 20 in file "main.c"
   539 ;; Parameters:    Size  Location     Type
   540 ;;		None
   541 ;; Auto vars:     Size  Location     Type
   542 ;;  digit          10    4[BANK0 ] unsigned char [10]
   543 ;;  ssd             4   14[BANK0 ] unsigned char [4]
   544 ;;  key             1   18[BANK0 ] unsigned char 
   545 ;; Return value:  Size  Location     Type
   546 ;;                  1    wreg      void 
   547 ;; Registers used:
   548 ;;		wreg, fsr0l, fsr0h, status,2, status,0, btemp+1, pclath, cstack
   549 ;; Tracked objects:
   550 ;;		On entry : B00/0
   551 ;;		On exit  : 0/0
   552 ;;		Unchanged: 0/0
   553 ;; Data sizes:     COMMON   BANK0   BANK1   BANK3   BANK2
   554 ;;      Params:         0       0       0       0       0
   555 ;;      Locals:         0      15       0       0       0
   556 ;;      Temps:          0       4       0       0       0
   557 ;;      Totals:         0      19       0       0       0
   558 ;;Total ram usage:       19 bytes
   559 ;; Hardware stack levels required when called:    2
   560 ;; This function calls:
   561 ;;		___lwdiv
   562 ;;		___lwmod
   563 ;;		_display
   564 ;;		_init_config
   565 ;;		_read_digital_keypad
   566 ;; This function is called by:
   567 ;;		Startup code after reset
   568 ;; This function uses a non-reentrant model
   569 ;;
   570                           
   571                           
   572                           ;psect for function _main
   573  06ED                     _main:
   574  06ED                     l914:	
   575                           ;incstack = 0
   576                           ; Regs used in _main: [wreg-fsr0h+status,2+status,0+btemp+1+pclath+cstack]
   577                           
   578                           
   579                           ;main.c: 21:                     count++;
   580  06ED  1283               	bcf	3,5	;RP0=0, select bank0
   581  06EE  1303               	bcf	3,6	;RP1=0, select bank0
   582  06EF  0840               	movf	main@F858+3,w
   583  06F0  00B1               	movwf	main@ssd+3
   584  06F1  083F               	movf	main@F858+2,w
   585  06F2  00B0               	movwf	main@ssd+2
   586  06F3  083E               	movf	main@F858+1,w
   587  06F4  00AF               	movwf	main@ssd+1
   588  06F5  083D               	movf	main@F858,w
   589  06F6  00AE               	movwf	main@ssd
   590  06F7                     l916:
   591                           
   592                           ;main.c: 22:                     flag = 0;
   593  06F7  3024               	movlw	main@digit& (0+255)
   594  06F8  0084               	movwf	4
   595  06F9  3033               	movlw	low main@F860
   596  06FA  00A0               	movwf	??_main
   597  06FB  0804               	movf	4,w
   598  06FC  00A1               	movwf	??_main+1
   599  06FD  300A               	movlw	10
   600  06FE  00A2               	movwf	??_main+2
   601  06FF                     u490:
   602  06FF  0820               	movf	??_main,w
   603  0700  0084               	movwf	4
   604  0701  1383               	bcf	3,7	;select IRP bank0
   605  0702  0800               	movf	0,w
   606  0703  00A3               	movwf	??_main+3
   607  0704  0AA0               	incf	??_main,f
   608  0705  0821               	movf	??_main+1,w
   609  0706  0084               	movwf	4
   610  0707  0823               	movf	??_main+3,w
   611  0708  0080               	movwf	0
   612  0709  0AA1               	incf	??_main+1,f
   613  070A  0BA2               	decfsz	??_main+2,f
   614  070B  2EFF               	goto	u490
   615  070C                     l918:
   616                           
   617                           ;main.c: 23:                 };main.c: 24:                 else;main.c: 25:             
      +                              {
   618  070C  120A  118A  25B5  120A  118A  	fcall	_init_config
   619  0711                     l920:
   620                           
   621                           ;main.c: 28:             };main.c: 29:             else
   622  0711  3000               	movlw	0
   623  0712  120A  118A  25EF  120A  118A  	fcall	_read_digital_keypad
   624  0717  00FF               	movwf	btemp+1
   625  0718  087F               	movf	btemp+1,w
   626  0719  1283               	bcf	3,5	;RP0=0, select bank0
   627  071A  1303               	bcf	3,6	;RP1=0, select bank0
   628  071B  00B2               	movwf	main@key
   629  071C                     l922:
   630                           
   631                           ;main.c: 31:                 flag = 1;
   632  071C  303E               	movlw	62
   633  071D  0632               	xorwf	main@key,w
   634  071E  1D03               	btfss	3,2
   635  071F  2F21               	goto	u501
   636  0720  2F22               	goto	u500
   637  0721                     u501:
   638  0721  2F38               	goto	l932
   639  0722                     u500:
   640  0722                     l924:
   641                           
   642                           ;main.c: 32:             };main.c: 33:             if(sw_count > 0)
   643  0722  0841               	movf	main@flag,w
   644  0723  0442               	iorwf	main@flag+1,w
   645  0724  1903               	btfsc	3,2
   646  0725  2F27               	goto	u511
   647  0726  2F28               	goto	u510
   648  0727                     u511:
   649  0727  2F31               	goto	l930
   650  0728                     u510:
   651  0728                     l926:
   652                           
   653                           ;main.c: 34:             {;main.c: 35:                 if(wait++ == 25)
   654  0728  3001               	movlw	1
   655  0729  07C7               	addwf	main@count,f
   656  072A  1803               	skipnc
   657  072B  0AC8               	incf	main@count+1,f
   658  072C  3000               	movlw	0
   659  072D  07C8               	addwf	main@count+1,f
   660  072E                     l928:
   661                           
   662                           ;main.c: 36:                 {
   663  072E  01C1               	clrf	main@flag
   664  072F  01C2               	clrf	main@flag+1
   665                           
   666                           ;main.c: 37:                     ssd[3] = digit[(count % 10)];
   667  0730  2F3C               	goto	l934
   668  0731                     l930:
   669                           
   670                           ;main.c: 39:                     ssd[1] = digit[(count % 1000) / 100];;main.c: 40:      
      +                                         ssd[0] = digit[(count / 1000)];
   671  0731  3001               	movlw	1
   672  0732  02C3               	subwf	main@sw_count,f
   673  0733  3000               	movlw	0
   674  0734  1C03               	skipc
   675  0735  03C4               	decf	main@sw_count+1,f
   676  0736  02C4               	subwf	main@sw_count+1,f
   677  0737  2F3C               	goto	l934
   678  0738                     l932:
   679                           
   680                           ;main.c: 44:             };main.c: 45:             else
   681  0738  3001               	movlw	1
   682  0739  00C1               	movwf	main@flag
   683  073A  3000               	movlw	0
   684  073B  00C2               	movwf	main@flag+1
   685  073C                     l934:
   686                           
   687                           ;main.c: 47:                 sw_count = 200;
   688  073C  0843               	movf	main@sw_count,w
   689  073D  0444               	iorwf	main@sw_count+1,w
   690  073E  1903               	btfsc	3,2
   691  073F  2F41               	goto	u521
   692  0740  2F42               	goto	u520
   693  0741                     u521:
   694  0741  2FC8               	goto	l942
   695  0742                     u520:
   696  0742                     l936:
   697                           
   698                           ;main.c: 48:                 count = 0;;main.c: 49:             }
   699  0742  3001               	movlw	1
   700  0743  07C5               	addwf	main@wait,f
   701  0744  1803               	skipnc
   702  0745  0AC6               	incf	main@wait+1,f
   703  0746  3000               	movlw	0
   704  0747  07C6               	addwf	main@wait+1,f
   705  0748  301A               	movlw	26
   706  0749  0645               	xorwf	main@wait,w
   707  074A  0446               	iorwf	main@wait+1,w
   708  074B  1D03               	btfss	3,2
   709  074C  2F4E               	goto	u531
   710  074D  2F4F               	goto	u530
   711  074E                     u531:
   712  074E  2FCE               	goto	l946
   713  074F                     u530:
   714  074F                     l938:
   715                           
   716                           ;main.c: 50:             if( count >= 9999 );main.c: 51:             {
   717  074F  300A               	movlw	10
   718  0750  00F0               	movwf	___lwmod@divisor
   719  0751  3000               	movlw	0
   720  0752  00F1               	movwf	___lwmod@divisor+1
   721  0753  0848               	movf	main@count+1,w
   722  0754  00F3               	movwf	___lwmod@dividend+1
   723  0755  0847               	movf	main@count,w
   724  0756  00F2               	movwf	___lwmod@dividend
   725  0757  120A  118A  2619  120A  118A  	fcall	___lwmod
   726  075C  0870               	movf	?___lwmod,w
   727  075D  3E24               	addlw	(low (main@digit| 0))& (0+255)
   728  075E  0084               	movwf	4
   729  075F  1383               	bcf	3,7	;select IRP bank0
   730  0760  0800               	movf	0,w
   731  0761  00FF               	movwf	btemp+1
   732  0762  087F               	movf	btemp+1,w
   733  0763  1283               	bcf	3,5	;RP0=0, select bank0
   734  0764  1303               	bcf	3,6	;RP1=0, select bank0
   735  0765  00B1               	movwf	main@ssd+3
   736                           
   737                           ;main.c: 52:                 while(1);
   738  0766  300A               	movlw	10
   739  0767  00F5               	movwf	___lwdiv@divisor
   740  0768  3000               	movlw	0
   741  0769  00F6               	movwf	___lwdiv@divisor+1
   742  076A  0848               	movf	main@count+1,w
   743  076B  00F3               	movwf	___lwmod@dividend+1
   744  076C  0847               	movf	main@count,w
   745  076D  00F2               	movwf	___lwmod@dividend
   746  076E  3064               	movlw	100
   747  076F  00F0               	movwf	___lwmod@divisor
   748  0770  3000               	movlw	0
   749  0771  00F1               	movwf	___lwmod@divisor+1
   750  0772  120A  118A  2619  120A  118A  	fcall	___lwmod
   751  0777  0871               	movf	?___lwmod+1,w
   752  0778  00F8               	movwf	___lwdiv@dividend+1
   753  0779  0870               	movf	?___lwmod,w
   754  077A  00F7               	movwf	___lwdiv@dividend
   755  077B  120A  118A  2653  120A  118A  	fcall	___lwdiv
   756  0780  0875               	movf	?___lwdiv,w
   757  0781  3E24               	addlw	(low (main@digit| 0))& (0+255)
   758  0782  0084               	movwf	4
   759  0783  1383               	bcf	3,7	;select IRP bank0
   760  0784  0800               	movf	0,w
   761  0785  00FF               	movwf	btemp+1
   762  0786  087F               	movf	btemp+1,w
   763  0787  1283               	bcf	3,5	;RP0=0, select bank0
   764  0788  1303               	bcf	3,6	;RP1=0, select bank0
   765  0789  00B0               	movwf	main@ssd+2
   766                           
   767                           ;main.c: 53:             }
   768  078A  3064               	movlw	100
   769  078B  00F5               	movwf	___lwdiv@divisor
   770  078C  3000               	movlw	0
   771  078D  00F6               	movwf	___lwdiv@divisor+1
   772  078E  0848               	movf	main@count+1,w
   773  078F  00F3               	movwf	___lwmod@dividend+1
   774  0790  0847               	movf	main@count,w
   775  0791  00F2               	movwf	___lwmod@dividend
   776  0792  30E8               	movlw	232
   777  0793  00F0               	movwf	___lwmod@divisor
   778  0794  3003               	movlw	3
   779  0795  00F1               	movwf	___lwmod@divisor+1
   780  0796  120A  118A  2619  120A  118A  	fcall	___lwmod
   781  079B  0871               	movf	?___lwmod+1,w
   782  079C  00F8               	movwf	___lwdiv@dividend+1
   783  079D  0870               	movf	?___lwmod,w
   784  079E  00F7               	movwf	___lwdiv@dividend
   785  079F  120A  118A  2653  120A  118A  	fcall	___lwdiv
   786  07A4  0875               	movf	?___lwdiv,w
   787  07A5  3E24               	addlw	(low (main@digit| 0))& (0+255)
   788  07A6  0084               	movwf	4
   789  07A7  1383               	bcf	3,7	;select IRP bank0
   790  07A8  0800               	movf	0,w
   791  07A9  00FF               	movwf	btemp+1
   792  07AA  087F               	movf	btemp+1,w
   793  07AB  1283               	bcf	3,5	;RP0=0, select bank0
   794  07AC  1303               	bcf	3,6	;RP1=0, select bank0
   795  07AD  00AF               	movwf	main@ssd+1
   796                           
   797                           ;main.c: 54: 
   798  07AE  30E8               	movlw	232
   799  07AF  00F5               	movwf	___lwdiv@divisor
   800  07B0  3003               	movlw	3
   801  07B1  00F6               	movwf	___lwdiv@divisor+1
   802  07B2  0848               	movf	main@count+1,w
   803  07B3  00F8               	movwf	___lwdiv@dividend+1
   804  07B4  0847               	movf	main@count,w
   805  07B5  00F7               	movwf	___lwdiv@dividend
   806  07B6  120A  118A  2653  120A  118A  	fcall	___lwdiv
   807  07BB  0875               	movf	?___lwdiv,w
   808  07BC  3E24               	addlw	(low (main@digit| 0))& (0+255)
   809  07BD  0084               	movwf	4
   810  07BE  1383               	bcf	3,7	;select IRP bank0
   811  07BF  0800               	movf	0,w
   812  07C0  00FF               	movwf	btemp+1
   813  07C1  087F               	movf	btemp+1,w
   814  07C2  1283               	bcf	3,5	;RP0=0, select bank0
   815  07C3  1303               	bcf	3,6	;RP1=0, select bank0
   816  07C4  00AE               	movwf	main@ssd
   817  07C5                     l940:
   818                           
   819                           ;main.c: 55:        display(ssd);
   820  07C5  01C5               	clrf	main@wait
   821  07C6  01C6               	clrf	main@wait+1
   822  07C7  2FCE               	goto	l946
   823  07C8                     l942:
   824  07C8  30C8               	movlw	200
   825  07C9  00C3               	movwf	main@sw_count
   826  07CA  3000               	movlw	0
   827  07CB  00C4               	movwf	main@sw_count+1
   828  07CC                     l944:
   829  07CC  01C7               	clrf	main@count
   830  07CD  01C8               	clrf	main@count+1
   831  07CE                     l946:
   832  07CE  3027               	movlw	39
   833  07CF  0248               	subwf	main@count+1,w
   834  07D0  300F               	movlw	15
   835  07D1  1903               	skipnz
   836  07D2  0247               	subwf	main@count,w
   837  07D3  1C03               	skipc
   838  07D4  2FD6               	goto	u541
   839  07D5  2FD7               	goto	u540
   840  07D6                     u541:
   841  07D6  2FD8               	goto	l948
   842  07D7                     u540:
   843  07D7                     l37:
   844  07D7                     l38:
   845  07D7  2FD7               	goto	l37
   846  07D8                     l948:
   847  07D8  302E               	movlw	(low (main@ssd| 0))& (0+255)
   848  07D9  120A  118A  2697  120A  118A  	fcall	_display
   849  07DE  2F11               	goto	l920
   850  07DF  120A  118A  2800   	ljmp	start
   851  07E2                     __end_of_main:
   852                           
   853                           	psect	text1
   854  05EF                     __ptext1:	
   855 ;; *************** function _read_digital_keypad *****************
   856 ;; Defined at:
   857 ;;		line 18 in file "digital_keypad.c"
   858 ;; Parameters:    Size  Location     Type
   859 ;;  mode            1    wreg     unsigned char 
   860 ;; Auto vars:     Size  Location     Type
   861 ;;  mode            1    1[COMMON] unsigned char 
   862 ;; Return value:  Size  Location     Type
   863 ;;                  1    wreg      unsigned char 
   864 ;; Registers used:
   865 ;;		wreg, status,2, status,0
   866 ;; Tracked objects:
   867 ;;		On entry : 0/0
   868 ;;		On exit  : 0/0
   869 ;;		Unchanged: 0/0
   870 ;; Data sizes:     COMMON   BANK0   BANK1   BANK3   BANK2
   871 ;;      Params:         0       0       0       0       0
   872 ;;      Locals:         1       0       0       0       0
   873 ;;      Temps:          1       0       0       0       0
   874 ;;      Totals:         2       0       0       0       0
   875 ;;Total ram usage:        2 bytes
   876 ;; Hardware stack levels used:    1
   877 ;; This function calls:
   878 ;;		Nothing
   879 ;; This function is called by:
   880 ;;		_main
   881 ;; This function uses a non-reentrant model
   882 ;;
   883                           
   884                           
   885                           ;psect for function _read_digital_keypad
   886  05EF                     _read_digital_keypad:
   887                           
   888                           ;incstack = 0
   889                           ; Regs used in _read_digital_keypad: [wreg+status,2+status,0]
   890                           ;read_digital_keypad@mode stored from wreg
   891  05EF  00F1               	movwf	read_digital_keypad@mode
   892  05F0                     l820:
   893                           
   894                           ;digital_keypad.c: 18: unsigned char read_digital_keypad(unsigned char mode);digital_key
      +                          pad.c: 19: {;digital_keypad.c: 20:     static unsigned char once = 1;;digital_keypad.c: 
      +                          22:     if (mode == 0)
   895  05F0  0871               	movf	read_digital_keypad@mode,w
   896  05F1  1D03               	btfss	3,2
   897  05F2  2DF4               	goto	u281
   898  05F3  2DF5               	goto	u280
   899  05F4                     u281:
   900  05F4  2DFA               	goto	l828
   901  05F5                     u280:
   902  05F5                     l822:
   903                           
   904                           ;digital_keypad.c: 23:     {;digital_keypad.c: 24:         return PORTB & 0x3F;
   905  05F5  1283               	bcf	3,5	;RP0=0, select bank0
   906  05F6  1303               	bcf	3,6	;RP1=0, select bank0
   907  05F7  0806               	movf	6,w	;volatile
   908  05F8  393F               	andlw	63
   909  05F9  2E18               	goto	l74
   910  05FA                     l828:
   911                           
   912                           ;digital_keypad.c: 27:     {;digital_keypad.c: 28:         if (((PORTB & 0x3F) != 0x3F) 
      +                          && once)
   913  05FA  303F               	movlw	63
   914  05FB  1283               	bcf	3,5	;RP0=0, select bank0
   915  05FC  1303               	bcf	3,6	;RP1=0, select bank0
   916  05FD  0506               	andwf	6,w	;volatile
   917  05FE  00F0               	movwf	??_read_digital_keypad
   918  05FF  303F               	movlw	63
   919  0600  0670               	xorwf	??_read_digital_keypad,w
   920  0601  1903               	btfsc	3,2
   921  0602  2E04               	goto	u291
   922  0603  2E05               	goto	u290
   923  0604                     u291:
   924  0604  2E0C               	goto	l840
   925  0605                     u290:
   926  0605                     l830:
   927  0605  087C               	movf	read_digital_keypad@once,w
   928  0606  1903               	btfsc	3,2
   929  0607  2E09               	goto	u301
   930  0608  2E0A               	goto	u300
   931  0609                     u301:
   932  0609  2E0C               	goto	l840
   933  060A                     u300:
   934  060A                     l832:
   935                           
   936                           ;digital_keypad.c: 29:         {;digital_keypad.c: 30:             once = 0;
   937  060A  01FC               	clrf	read_digital_keypad@once
   938  060B  2DF5               	goto	l822
   939  060C                     l840:
   940  060C  303F               	movlw	63
   941  060D  0506               	andwf	6,w	;volatile
   942  060E  00F0               	movwf	??_read_digital_keypad
   943  060F  303F               	movlw	63
   944  0610  0670               	xorwf	??_read_digital_keypad,w
   945  0611  1D03               	btfss	3,2
   946  0612  2E14               	goto	u311
   947  0613  2E15               	goto	u310
   948  0614                     u311:
   949  0614  2E17               	goto	l844
   950  0615                     u310:
   951  0615                     l842:
   952                           
   953                           ;digital_keypad.c: 35:         {;digital_keypad.c: 36:             once = 1;
   954  0615  01FC               	clrf	read_digital_keypad@once
   955  0616  0AFC               	incf	read_digital_keypad@once,f
   956  0617                     l844:
   957                           
   958                           ;digital_keypad.c: 39:     return 0x3F;
   959  0617  303F               	movlw	63
   960  0618                     l74:
   961  0618  0008               	return
   962  0619                     __end_of_read_digital_keypad:
   963                           
   964                           	psect	text2
   965  05B5                     __ptext2:	
   966 ;; *************** function _init_config *****************
   967 ;; Defined at:
   968 ;;		line 15 in file "main.c"
   969 ;; Parameters:    Size  Location     Type
   970 ;;		None
   971 ;; Auto vars:     Size  Location     Type
   972 ;;		None
   973 ;; Return value:  Size  Location     Type
   974 ;;                  1    wreg      void 
   975 ;; Registers used:
   976 ;;		wreg, status,2, status,0, pclath, cstack
   977 ;; Tracked objects:
   978 ;;		On entry : 0/0
   979 ;;		On exit  : 0/0
   980 ;;		Unchanged: 0/0
   981 ;; Data sizes:     COMMON   BANK0   BANK1   BANK3   BANK2
   982 ;;      Params:         0       0       0       0       0
   983 ;;      Locals:         0       0       0       0       0
   984 ;;      Temps:          0       0       0       0       0
   985 ;;      Totals:         0       0       0       0       0
   986 ;;Total ram usage:        0 bytes
   987 ;; Hardware stack levels used:    1
   988 ;; Hardware stack levels required when called:    1
   989 ;; This function calls:
   990 ;;		_init_digital_keypad
   991 ;;		_init_ssd
   992 ;; This function is called by:
   993 ;;		_main
   994 ;; This function uses a non-reentrant model
   995 ;;
   996                           
   997                           
   998                           ;psect for function _init_config
   999  05B5                     _init_config:
  1000  05B5                     l818:	
  1001                           ;incstack = 0
  1002                           ; Regs used in _init_config: [wreg+status,2+status,0+pclath+cstack]
  1003                           
  1004                           
  1005                           ;main.c: 17:             if(key == 0x3E)
  1006  05B5  120A  118A  25AF  120A  118A  	fcall	_init_digital_keypad
  1007                           
  1008                           ;main.c: 18:             {
  1009  05BA  120A  118A  25C0  120A  118A  	fcall	_init_ssd
  1010  05BF                     l11:
  1011  05BF  0008               	return
  1012  05C0                     __end_of_init_config:
  1013                           
  1014                           	psect	text3
  1015  05C0                     __ptext3:	
  1016 ;; *************** function _init_ssd *****************
  1017 ;; Defined at:
  1018 ;;		line 12 in file "ssd.c"
  1019 ;; Parameters:    Size  Location     Type
  1020 ;;		None
  1021 ;; Auto vars:     Size  Location     Type
  1022 ;;		None
  1023 ;; Return value:  Size  Location     Type
  1024 ;;                  1    wreg      void 
  1025 ;; Registers used:
  1026 ;;		wreg, status,2
  1027 ;; Tracked objects:
  1028 ;;		On entry : 0/0
  1029 ;;		On exit  : 0/0
  1030 ;;		Unchanged: 0/0
  1031 ;; Data sizes:     COMMON   BANK0   BANK1   BANK3   BANK2
  1032 ;;      Params:         0       0       0       0       0
  1033 ;;      Locals:         0       0       0       0       0
  1034 ;;      Temps:          0       0       0       0       0
  1035 ;;      Totals:         0       0       0       0       0
  1036 ;;Total ram usage:        0 bytes
  1037 ;; Hardware stack levels used:    1
  1038 ;; This function calls:
  1039 ;;		Nothing
  1040 ;; This function is called by:
  1041 ;;		_init_config
  1042 ;; This function uses a non-reentrant model
  1043 ;;
  1044                           
  1045                           
  1046                           ;psect for function _init_ssd
  1047  05C0                     _init_ssd:
  1048  05C0                     l812:	
  1049                           ;incstack = 0
  1050                           ; Regs used in _init_ssd: [wreg+status,2]
  1051                           
  1052                           
  1053                           ;ssd.c: 15:     TRISD = 0x00;
  1054  05C0  1683               	bsf	3,5	;RP0=1, select bank1
  1055  05C1  1303               	bcf	3,6	;RP1=0, select bank1
  1056  05C2  0188               	clrf	8	;volatile
  1057  05C3                     l814:
  1058                           
  1059                           ;ssd.c: 18:     TRISA = TRISA & 0x03;
  1060  05C3  0805               	movf	5,w	;volatile
  1061  05C4  3903               	andlw	3
  1062  05C5  0085               	movwf	5	;volatile
  1063  05C6                     l816:
  1064                           
  1065                           ;ssd.c: 21:     PORTA = PORTA & 0x03;
  1066  05C6  1283               	bcf	3,5	;RP0=0, select bank0
  1067  05C7  1303               	bcf	3,6	;RP1=0, select bank0
  1068  05C8  0805               	movf	5,w	;volatile
  1069  05C9  3903               	andlw	3
  1070  05CA  0085               	movwf	5	;volatile
  1071  05CB                     l53:
  1072  05CB  0008               	return
  1073  05CC                     __end_of_init_ssd:
  1074                           
  1075                           	psect	text4
  1076  05AF                     __ptext4:	
  1077 ;; *************** function _init_digital_keypad *****************
  1078 ;; Defined at:
  1079 ;;		line 12 in file "digital_keypad.c"
  1080 ;; Parameters:    Size  Location     Type
  1081 ;;		None
  1082 ;; Auto vars:     Size  Location     Type
  1083 ;;		None
  1084 ;; Return value:  Size  Location     Type
  1085 ;;                  1    wreg      void 
  1086 ;; Registers used:
  1087 ;;		wreg, status,2
  1088 ;; Tracked objects:
  1089 ;;		On entry : 0/0
  1090 ;;		On exit  : 0/0
  1091 ;;		Unchanged: 0/0
  1092 ;; Data sizes:     COMMON   BANK0   BANK1   BANK3   BANK2
  1093 ;;      Params:         0       0       0       0       0
  1094 ;;      Locals:         0       0       0       0       0
  1095 ;;      Temps:          0       0       0       0       0
  1096 ;;      Totals:         0       0       0       0       0
  1097 ;;Total ram usage:        0 bytes
  1098 ;; Hardware stack levels used:    1
  1099 ;; This function calls:
  1100 ;;		Nothing
  1101 ;; This function is called by:
  1102 ;;		_init_config
  1103 ;; This function uses a non-reentrant model
  1104 ;;
  1105                           
  1106                           
  1107                           ;psect for function _init_digital_keypad
  1108  05AF                     _init_digital_keypad:
  1109  05AF                     l810:	
  1110                           ;incstack = 0
  1111                           ; Regs used in _init_digital_keypad: [wreg+status,2]
  1112                           
  1113                           
  1114                           ;digital_keypad.c: 15:     TRISB = TRISB | 0x3F;
  1115  05AF  1683               	bsf	3,5	;RP0=1, select bank1
  1116  05B0  1303               	bcf	3,6	;RP1=0, select bank1
  1117  05B1  0806               	movf	6,w	;volatile
  1118  05B2  383F               	iorlw	63
  1119  05B3  0086               	movwf	6	;volatile
  1120  05B4                     l68:
  1121  05B4  0008               	return
  1122  05B5                     __end_of_init_digital_keypad:
  1123                           
  1124                           	psect	text5
  1125  0697                     __ptext5:	
  1126 ;; *************** function _display *****************
  1127 ;; Defined at:
  1128 ;;		line 24 in file "ssd.c"
  1129 ;; Parameters:    Size  Location     Type
  1130 ;;  data            1    wreg     PTR unsigned char 
  1131 ;;		 -> main@ssd(4), 
  1132 ;; Auto vars:     Size  Location     Type
  1133 ;;  data            1    8[COMMON] PTR unsigned char 
  1134 ;;		 -> main@ssd(4), 
  1135 ;;  wait            4    4[COMMON] unsigned long 
  1136 ;;  digit           1    9[COMMON] unsigned char 
  1137 ;; Return value:  Size  Location     Type
  1138 ;;                  1    wreg      void 
  1139 ;; Registers used:
  1140 ;;		wreg, fsr0l, fsr0h, status,2, status,0, btemp+1
  1141 ;; Tracked objects:
  1142 ;;		On entry : 0/0
  1143 ;;		On exit  : 0/0
  1144 ;;		Unchanged: 0/0
  1145 ;; Data sizes:     COMMON   BANK0   BANK1   BANK3   BANK2
  1146 ;;      Params:         0       0       0       0       0
  1147 ;;      Locals:         6       0       0       0       0
  1148 ;;      Temps:          4       0       0       0       0
  1149 ;;      Totals:        10       0       0       0       0
  1150 ;;Total ram usage:       10 bytes
  1151 ;; Hardware stack levels used:    1
  1152 ;; This function calls:
  1153 ;;		Nothing
  1154 ;; This function is called by:
  1155 ;;		_main
  1156 ;; This function uses a non-reentrant model
  1157 ;;
  1158                           
  1159                           
  1160                           ;psect for function _display
  1161  0697                     _display:
  1162                           
  1163                           ;incstack = 0
  1164                           ; Regs used in _display: [wreg-fsr0h+status,2+status,0+btemp+1]
  1165                           ;display@data stored from wreg
  1166  0697  00F8               	movwf	display@data
  1167  0698                     l848:
  1168                           
  1169                           ;ssd.c: 24: void display(unsigned char data[]);ssd.c: 25: {;ssd.c: 26:     unsigned char
      +                           digit;;ssd.c: 28:     for (digit = 0; digit < 4 ; digit++)
  1170  0698  01F9               	clrf	display@digit
  1171  0699                     l854:
  1172                           
  1173                           ;ssd.c: 29:     {;ssd.c: 30:         PORTD = data[digit];
  1174  0699  0879               	movf	display@digit,w
  1175  069A  0778               	addwf	display@data,w
  1176  069B  00F0               	movwf	??_display
  1177  069C  0870               	movf	??_display,w
  1178  069D  0084               	movwf	4
  1179  069E  1383               	bcf	3,7	;select IRP bank0
  1180  069F  0800               	movf	0,w
  1181  06A0  1283               	bcf	3,5	;RP0=0, select bank0
  1182  06A1  1303               	bcf	3,6	;RP1=0, select bank0
  1183  06A2  0088               	movwf	8	;volatile
  1184  06A3                     l856:
  1185                           
  1186                           ;ssd.c: 31:         PORTA = (PORTA & 0x03) | (0x04 << digit);
  1187  06A3  3004               	movlw	4
  1188  06A4  00F0               	movwf	??_display
  1189  06A5  0A79               	incf	display@digit,w
  1190  06A6  2EA9               	goto	u324
  1191  06A7                     u325:
  1192  06A7  1003               	clrc
  1193  06A8  0DF0               	rlf	??_display,f
  1194  06A9                     u324:
  1195  06A9  3EFF               	addlw	-1
  1196  06AA  1D03               	skipz
  1197  06AB  2EA7               	goto	u325
  1198  06AC  0805               	movf	5,w	;volatile
  1199  06AD  3903               	andlw	3
  1200  06AE  0470               	iorwf	??_display,w
  1201  06AF  0085               	movwf	5	;volatile
  1202  06B0                     l858:
  1203                           
  1204                           ;ssd.c: 32:       for (unsigned long int wait = 400; wait--;);
  1205  06B0  3000               	movlw	0
  1206  06B1  00F7               	movwf	display@wait+3
  1207  06B2  3000               	movlw	0
  1208  06B3  00F6               	movwf	display@wait+2
  1209  06B4  3001               	movlw	1
  1210  06B5  00F5               	movwf	display@wait+1
  1211  06B6  3090               	movlw	144
  1212  06B7  00F4               	movwf	display@wait
  1213  06B8                     l860:
  1214  06B8  3001               	movlw	1
  1215  06B9  00F0               	movwf	??_display
  1216  06BA  3000               	movlw	0
  1217  06BB  00F1               	movwf	??_display+1
  1218  06BC  3000               	movlw	0
  1219  06BD  00F2               	movwf	??_display+2
  1220  06BE  3000               	movlw	0
  1221  06BF  00F3               	movwf	??_display+3
  1222  06C0  0870               	movf	??_display,w
  1223  06C1  02F4               	subwf	display@wait,f
  1224  06C2  0871               	movf	??_display+1,w
  1225  06C3  1C03               	skipc
  1226  06C4  0F71               	incfsz	??_display+1,w
  1227  06C5  2EC7               	goto	u335
  1228  06C6  2EC8               	goto	u336
  1229  06C7                     u335:
  1230  06C7  02F5               	subwf	display@wait+1,f
  1231  06C8                     u336:
  1232  06C8  0872               	movf	??_display+2,w
  1233  06C9  1C03               	skipc
  1234  06CA  0F72               	incfsz	??_display+2,w
  1235  06CB  2ECD               	goto	u337
  1236  06CC  2ECE               	goto	u338
  1237  06CD                     u337:
  1238  06CD  02F6               	subwf	display@wait+2,f
  1239  06CE                     u338:
  1240  06CE  0873               	movf	??_display+3,w
  1241  06CF  1C03               	skipc
  1242  06D0  0F73               	incfsz	??_display+3,w
  1243  06D1  2ED3               	goto	u339
  1244  06D2  2ED4               	goto	u330
  1245  06D3                     u339:
  1246  06D3  02F7               	subwf	display@wait+3,f
  1247  06D4                     u330:
  1248  06D4  0A74               	incf	display@wait,w
  1249  06D5  1D03               	skipz
  1250  06D6  2EE1               	goto	u341
  1251  06D7  0A75               	incf	display@wait+1,w
  1252  06D8  1D03               	skipz
  1253  06D9  2EE1               	goto	u341
  1254  06DA  0A76               	incf	display@wait+2,w
  1255  06DB  1D03               	skipz
  1256  06DC  2EE1               	goto	u341
  1257  06DD  0A77               	incf	display@wait+3,w
  1258  06DE  1D03               	btfss	3,2
  1259  06DF  2EE1               	goto	u341
  1260  06E0  2EE2               	goto	u340
  1261  06E1                     u341:
  1262  06E1  2EB8               	goto	l860
  1263  06E2                     u340:
  1264  06E2                     l862:
  1265                           
  1266                           ;ssd.c: 33:     }
  1267  06E2  3001               	movlw	1
  1268  06E3  00FF               	movwf	btemp+1
  1269  06E4  087F               	movf	btemp+1,w
  1270  06E5  07F9               	addwf	display@digit,f
  1271  06E6                     l864:
  1272  06E6  3004               	movlw	4
  1273  06E7  0279               	subwf	display@digit,w
  1274  06E8  1C03               	skipc
  1275  06E9  2EEB               	goto	u351
  1276  06EA  2EEC               	goto	u350
  1277  06EB                     u351:
  1278  06EB  2E99               	goto	l854
  1279  06EC                     u350:
  1280  06EC                     l61:
  1281  06EC  0008               	return
  1282  06ED                     __end_of_display:
  1283                           
  1284                           	psect	text6
  1285  0619                     __ptext6:	
  1286 ;; *************** function ___lwmod *****************
  1287 ;; Defined at:
  1288 ;;		line 5 in file "/opt/microchip/xc8/v2.20/pic/sources/c90/common/lwmod.c"
  1289 ;; Parameters:    Size  Location     Type
  1290 ;;  divisor         2    0[COMMON] unsigned int 
  1291 ;;  dividend        2    2[COMMON] unsigned int 
  1292 ;; Auto vars:     Size  Location     Type
  1293 ;;  counter         1    4[COMMON] unsigned char 
  1294 ;; Return value:  Size  Location     Type
  1295 ;;                  2    0[COMMON] unsigned int 
  1296 ;; Registers used:
  1297 ;;		wreg, status,2, status,0, btemp+1
  1298 ;; Tracked objects:
  1299 ;;		On entry : 0/0
  1300 ;;		On exit  : 0/0
  1301 ;;		Unchanged: 0/0
  1302 ;; Data sizes:     COMMON   BANK0   BANK1   BANK3   BANK2
  1303 ;;      Params:         4       0       0       0       0
  1304 ;;      Locals:         1       0       0       0       0
  1305 ;;      Temps:          0       0       0       0       0
  1306 ;;      Totals:         5       0       0       0       0
  1307 ;;Total ram usage:        5 bytes
  1308 ;; Hardware stack levels used:    1
  1309 ;; This function calls:
  1310 ;;		Nothing
  1311 ;; This function is called by:
  1312 ;;		_main
  1313 ;; This function uses a non-reentrant model
  1314 ;;
  1315                           
  1316                           
  1317                           ;psect for function ___lwmod
  1318  0619                     ___lwmod:
  1319  0619                     l892:	
  1320                           ;incstack = 0
  1321                           ; Regs used in ___lwmod: [wreg+status,2+status,0+btemp+1]
  1322                           
  1323  0619  0870               	movf	___lwmod@divisor,w
  1324  061A  0471               	iorwf	___lwmod@divisor+1,w
  1325  061B  1903               	btfsc	3,2
  1326  061C  2E1E               	goto	u431
  1327  061D  2E1F               	goto	u430
  1328  061E                     u431:
  1329  061E  2E4E               	goto	l910
  1330  061F                     u430:
  1331  061F                     l894:
  1332  061F  01F4               	clrf	___lwmod@counter
  1333  0620  0AF4               	incf	___lwmod@counter,f
  1334  0621  2E2D               	goto	l900
  1335  0622                     l896:
  1336  0622  3001               	movlw	1
  1337  0623                     u445:
  1338  0623  1003               	clrc
  1339  0624  0DF0               	rlf	___lwmod@divisor,f
  1340  0625  0DF1               	rlf	___lwmod@divisor+1,f
  1341  0626  3EFF               	addlw	-1
  1342  0627  1D03               	skipz
  1343  0628  2E23               	goto	u445
  1344  0629                     l898:
  1345  0629  3001               	movlw	1
  1346  062A  00FF               	movwf	btemp+1
  1347  062B  087F               	movf	btemp+1,w
  1348  062C  07F4               	addwf	___lwmod@counter,f
  1349  062D                     l900:
  1350  062D  1FF1               	btfss	___lwmod@divisor+1,7
  1351  062E  2E30               	goto	u451
  1352  062F  2E31               	goto	u450
  1353  0630                     u451:
  1354  0630  2E22               	goto	l896
  1355  0631                     u450:
  1356  0631                     l902:
  1357  0631  0871               	movf	___lwmod@divisor+1,w
  1358  0632  0273               	subwf	___lwmod@dividend+1,w
  1359  0633  1D03               	skipz
  1360  0634  2E37               	goto	u465
  1361  0635  0870               	movf	___lwmod@divisor,w
  1362  0636  0272               	subwf	___lwmod@dividend,w
  1363  0637                     u465:
  1364  0637  1C03               	skipc
  1365  0638  2E3A               	goto	u461
  1366  0639  2E3B               	goto	u460
  1367  063A                     u461:
  1368  063A  2E41               	goto	l906
  1369  063B                     u460:
  1370  063B                     l904:
  1371  063B  0870               	movf	___lwmod@divisor,w
  1372  063C  02F2               	subwf	___lwmod@dividend,f
  1373  063D  0871               	movf	___lwmod@divisor+1,w
  1374  063E  1C03               	skipc
  1375  063F  03F3               	decf	___lwmod@dividend+1,f
  1376  0640  02F3               	subwf	___lwmod@dividend+1,f
  1377  0641                     l906:
  1378  0641  3001               	movlw	1
  1379  0642                     u475:
  1380  0642  1003               	clrc
  1381  0643  0CF1               	rrf	___lwmod@divisor+1,f
  1382  0644  0CF0               	rrf	___lwmod@divisor,f
  1383  0645  3EFF               	addlw	-1
  1384  0646  1D03               	skipz
  1385  0647  2E42               	goto	u475
  1386  0648                     l908:
  1387  0648  3001               	movlw	1
  1388  0649  02F4               	subwf	___lwmod@counter,f
  1389  064A  1D03               	btfss	3,2
  1390  064B  2E4D               	goto	u481
  1391  064C  2E4E               	goto	u480
  1392  064D                     u481:
  1393  064D  2E31               	goto	l902
  1394  064E                     u480:
  1395  064E                     l910:
  1396  064E  0873               	movf	___lwmod@dividend+1,w
  1397  064F  00F1               	movwf	?___lwmod+1
  1398  0650  0872               	movf	___lwmod@dividend,w
  1399  0651  00F0               	movwf	?___lwmod
  1400  0652                     l446:
  1401  0652  0008               	return
  1402  0653                     __end_of___lwmod:
  1403                           
  1404                           	psect	text7
  1405  0653                     __ptext7:	
  1406 ;; *************** function ___lwdiv *****************
  1407 ;; Defined at:
  1408 ;;		line 5 in file "/opt/microchip/xc8/v2.20/pic/sources/c90/common/lwdiv.c"
  1409 ;; Parameters:    Size  Location     Type
  1410 ;;  divisor         2    5[COMMON] unsigned int 
  1411 ;;  dividend        2    7[COMMON] unsigned int 
  1412 ;; Auto vars:     Size  Location     Type
  1413 ;;  quotient        2    9[COMMON] unsigned int 
  1414 ;;  counter         1   11[COMMON] unsigned char 
  1415 ;; Return value:  Size  Location     Type
  1416 ;;                  2    5[COMMON] unsigned int 
  1417 ;; Registers used:
  1418 ;;		wreg, status,2, status,0, btemp+1
  1419 ;; Tracked objects:
  1420 ;;		On entry : 0/0
  1421 ;;		On exit  : 0/0
  1422 ;;		Unchanged: 0/0
  1423 ;; Data sizes:     COMMON   BANK0   BANK1   BANK3   BANK2
  1424 ;;      Params:         4       0       0       0       0
  1425 ;;      Locals:         3       0       0       0       0
  1426 ;;      Temps:          0       0       0       0       0
  1427 ;;      Totals:         7       0       0       0       0
  1428 ;;Total ram usage:        7 bytes
  1429 ;; Hardware stack levels used:    1
  1430 ;; This function calls:
  1431 ;;		Nothing
  1432 ;; This function is called by:
  1433 ;;		_main
  1434 ;; This function uses a non-reentrant model
  1435 ;;
  1436                           
  1437                           
  1438                           ;psect for function ___lwdiv
  1439  0653                     ___lwdiv:
  1440  0653                     l866:	
  1441                           ;incstack = 0
  1442                           ; Regs used in ___lwdiv: [wreg+status,2+status,0+btemp+1]
  1443                           
  1444  0653  01F9               	clrf	___lwdiv@quotient
  1445  0654  01FA               	clrf	___lwdiv@quotient+1
  1446  0655                     l868:
  1447  0655  0875               	movf	___lwdiv@divisor,w
  1448  0656  0476               	iorwf	___lwdiv@divisor+1,w
  1449  0657  1903               	btfsc	3,2
  1450  0658  2E5A               	goto	u361
  1451  0659  2E5B               	goto	u360
  1452  065A                     u361:
  1453  065A  2E92               	goto	l888
  1454  065B                     u360:
  1455  065B                     l870:
  1456  065B  01FB               	clrf	___lwdiv@counter
  1457  065C  0AFB               	incf	___lwdiv@counter,f
  1458  065D  2E69               	goto	l876
  1459  065E                     l872:
  1460  065E  3001               	movlw	1
  1461  065F                     u375:
  1462  065F  1003               	clrc
  1463  0660  0DF5               	rlf	___lwdiv@divisor,f
  1464  0661  0DF6               	rlf	___lwdiv@divisor+1,f
  1465  0662  3EFF               	addlw	-1
  1466  0663  1D03               	skipz
  1467  0664  2E5F               	goto	u375
  1468  0665                     l874:
  1469  0665  3001               	movlw	1
  1470  0666  00FF               	movwf	btemp+1
  1471  0667  087F               	movf	btemp+1,w
  1472  0668  07FB               	addwf	___lwdiv@counter,f
  1473  0669                     l876:
  1474  0669  1FF6               	btfss	___lwdiv@divisor+1,7
  1475  066A  2E6C               	goto	u381
  1476  066B  2E6D               	goto	u380
  1477  066C                     u381:
  1478  066C  2E5E               	goto	l872
  1479  066D                     u380:
  1480  066D                     l878:
  1481  066D  3001               	movlw	1
  1482  066E                     u395:
  1483  066E  1003               	clrc
  1484  066F  0DF9               	rlf	___lwdiv@quotient,f
  1485  0670  0DFA               	rlf	___lwdiv@quotient+1,f
  1486  0671  3EFF               	addlw	-1
  1487  0672  1D03               	skipz
  1488  0673  2E6E               	goto	u395
  1489  0674  0876               	movf	___lwdiv@divisor+1,w
  1490  0675  0278               	subwf	___lwdiv@dividend+1,w
  1491  0676  1D03               	skipz
  1492  0677  2E7A               	goto	u405
  1493  0678  0875               	movf	___lwdiv@divisor,w
  1494  0679  0277               	subwf	___lwdiv@dividend,w
  1495  067A                     u405:
  1496  067A  1C03               	skipc
  1497  067B  2E7D               	goto	u401
  1498  067C  2E7E               	goto	u400
  1499  067D                     u401:
  1500  067D  2E85               	goto	l884
  1501  067E                     u400:
  1502  067E                     l880:
  1503  067E  0875               	movf	___lwdiv@divisor,w
  1504  067F  02F7               	subwf	___lwdiv@dividend,f
  1505  0680  0876               	movf	___lwdiv@divisor+1,w
  1506  0681  1C03               	skipc
  1507  0682  03F8               	decf	___lwdiv@dividend+1,f
  1508  0683  02F8               	subwf	___lwdiv@dividend+1,f
  1509  0684                     l882:
  1510  0684  1479               	bsf	___lwdiv@quotient,0
  1511  0685                     l884:
  1512  0685  3001               	movlw	1
  1513  0686                     u415:
  1514  0686  1003               	clrc
  1515  0687  0CF6               	rrf	___lwdiv@divisor+1,f
  1516  0688  0CF5               	rrf	___lwdiv@divisor,f
  1517  0689  3EFF               	addlw	-1
  1518  068A  1D03               	skipz
  1519  068B  2E86               	goto	u415
  1520  068C                     l886:
  1521  068C  3001               	movlw	1
  1522  068D  02FB               	subwf	___lwdiv@counter,f
  1523  068E  1D03               	btfss	3,2
  1524  068F  2E91               	goto	u421
  1525  0690  2E92               	goto	u420
  1526  0691                     u421:
  1527  0691  2E6D               	goto	l878
  1528  0692                     u420:
  1529  0692                     l888:
  1530  0692  087A               	movf	___lwdiv@quotient+1,w
  1531  0693  00F6               	movwf	?___lwdiv+1
  1532  0694  0879               	movf	___lwdiv@quotient,w
  1533  0695  00F5               	movwf	?___lwdiv
  1534  0696                     l436:
  1535  0696  0008               	return
  1536  0697                     __end_of___lwdiv:
  1537  007E                     btemp	set	126	;btemp
  1538  007E                     wtemp0	set	126
  1539                           
  1540                           	psect	config
  1541                           
  1542                           ;Config register CONFIG @ 0x2007
  1543                           ;	Oscillator Selection bits
  1544                           ;	FOSC = 0x3, unprogrammed default
  1545                           ;	Watchdog Timer Enable bit
  1546                           ;	WDTE = OFF, WDT disabled
  1547                           ;	Power-up Timer Enable bit
  1548                           ;	PWRTE = 0x1, unprogrammed default
  1549                           ;	Brown-out Reset Enable bit
  1550                           ;	BOREN = 0x1, unprogrammed default
  1551                           ;	Low-Voltage (Single-Supply) In-Circuit Serial Programming Enable bit
  1552                           ;	LVP = 0x1, unprogrammed default
  1553                           ;	Data EEPROM Memory Code Protection bit
  1554                           ;	CPD = 0x1, unprogrammed default
  1555                           ;	Flash Program Memory Write Enable bits
  1556                           ;	WRT = 0x3, unprogrammed default
  1557                           ;	In-Circuit Debugger Mode bit
  1558                           ;	DEBUG = 0x1, unprogrammed default
  1559                           ;	Flash Program Memory Code Protection bit
  1560                           ;	CP = 0x1, unprogrammed default
  1561  2007                     	org	8199
  1562  2007  3FFB               	dw	16379

Data Sizes:
    Strings     0
    Constant    0
    Data        17
    BSS         6
    Persistent  0
    Stack       0

Auto Spaces:
    Space          Size  Autos    Used
    COMMON           14     12      13
    BANK0            80     19      41
    BANK1            80      0       0
    BANK3            96      0       0
    BANK2            96      0       0

Pointer List with Targets:

    display@data	PTR unsigned char  size(1) Largest target is 4
		 -> main@ssd(BANK0[4]), 


Critical Paths under _main in COMMON

    _main->___lwdiv
    ___lwdiv->___lwmod

Critical Paths under _main in BANK0

    None.

Critical Paths under _main in BANK1

    None.

Critical Paths under _main in BANK3

    None.

Critical Paths under _main in BANK2

    None.

Call Graph Tables:

 ---------------------------------------------------------------------------------
 (Depth) Function   	        Calls       Base Space   Used Autos Params    Refs
 ---------------------------------------------------------------------------------
 (0) _main                                                19    19      0    1636
                                              0 BANK0     19    19      0
                            ___lwdiv
                            ___lwmod
                            _display
                        _init_config
                _read_digital_keypad
 ---------------------------------------------------------------------------------
 (1) _read_digital_keypad                                  2     2      0      22
                                              0 COMMON     2     2      0
 ---------------------------------------------------------------------------------
 (1) _init_config                                          0     0      0       0
                _init_digital_keypad
                           _init_ssd
 ---------------------------------------------------------------------------------
 (2) _init_ssd                                             0     0      0       0
 ---------------------------------------------------------------------------------
 (2) _init_digital_keypad                                  0     0      0       0
 ---------------------------------------------------------------------------------
 (1) _display                                             10    10      0     168
                                              0 COMMON    10    10      0
 ---------------------------------------------------------------------------------
 (1) ___lwmod                                              5     1      4     615
                                              0 COMMON     5     1      4
 ---------------------------------------------------------------------------------
 (1) ___lwdiv                                              7     3      4     618
                                              5 COMMON     7     3      4
                            ___lwmod (ARG)
 ---------------------------------------------------------------------------------
 Estimated maximum stack depth 2
 ---------------------------------------------------------------------------------

 Call Graph Graphs:

 _main (ROOT)
   ___lwdiv
     ___lwmod (ARG)
   ___lwmod
   _display
   _init_config
     _init_digital_keypad
     _init_ssd
   _read_digital_keypad

 Address spaces:
Name               Size   Autos  Total    Cost      Usage
BANK3               60      0       0       9        0.0%
BITBANK3            60      0       0       8        0.0%
SFR3                 0      0       0       4        0.0%
BITSFR3              0      0       0       4        0.0%
BANK2               60      0       0      11        0.0%
BITBANK2            60      0       0      10        0.0%
SFR2                 0      0       0       5        0.0%
BITSFR2              0      0       0       5        0.0%
BANK1               50      0       0       7        0.0%
BITBANK1            50      0       0       6        0.0%
SFR1                 0      0       0       2        0.0%
BITSFR1              0      0       0       2        0.0%
BANK0               50     13      29       5       51.2%
BITBANK0            50      0       0       4        0.0%
SFR0                 0      0       0       1        0.0%
BITSFR0              0      0       0       1        0.0%
COMMON               E      C       D       1       92.9%
BITCOMMON            E      0       0       0        0.0%
CODE                 0      0       0       0        0.0%
DATA                 0      0      36      12        0.0%
ABS                  0      0      36       3        0.0%
NULL                 0      0       0       0        0.0%
STACK                0      0       0       2        0.0%
EEDATA             100      0       0       0        0.0%


Microchip Technology PIC Macro Assembler V2.20 build 20200408173844 
Symbol Table                                                                                   Fri May 26 22:41:01 2023

                           pc 0002                            l11 05BF                            l61 06EC  
                          l53 05CB                            l37 07D7                            l38 07D7  
                          l74 0618                            l68 05B4                            fsr 0004  
                         l436 0696                           l446 0652                           l810 05AF  
                         l900 062D                           l812 05C0                           l820 05F0  
                         l902 0631                           l910 064E                           l814 05C3  
                         l830 0605                           l822 05F5                           l904 063B  
                         l816 05C6                           l832 060A                           l840 060C  
                         l920 0711                           l906 0641                           l818 05B5  
                         l842 0615                           l930 0731                           l922 071C  
                         l914 06ED                           l908 0648                           l860 06B8  
                         l844 0617                           l828 05FA                           l940 07C5  
                         l924 0722                           l932 0738                           l916 06F7  
                         l870 065B                           l862 06E2                           l854 0699  
                         l942 07C8                           l934 073C                           l926 0728  
                         l918 070C                           l880 067E                           l872 065E  
                         l864 06E6                           l856 06A3                           l848 0698  
                         l944 07CC                           l936 0742                           l928 072E  
                         l882 0684                           l874 0665                           l866 0653  
                         l858 06B0                           l938 074F                           l946 07CE  
                         l884 0685                           l876 0669                           l868 0655  
                         l892 0619                           l948 07D8                           l886 068C  
                         l878 066D                           l894 061F                           l888 0692  
                         l896 0622                           l898 0629                           u300 060A  
                         u301 0609                           u310 0615                           u311 0614  
                         u400 067E                           u401 067D                           u330 06D4  
                         u420 0692                           u340 06E2                           u324 06A9  
                         u500 0722                           u421 0691                           u405 067A  
                         u341 06E1                           u325 06A7                           u501 0721  
                         u430 061F                           u350 06EC                           u510 0728  
                         u415 0686                           u431 061E                           u351 06EB  
                         u335 06C7                           u511 0727                           u360 065B  
                         u336 06C8                           u280 05F5                           u520 0742  
                         u361 065A                           u337 06CD                           u281 05F4  
                         u521 0741                           u450 0631                           u338 06CE  
                         u290 0605                           u530 074F                           u451 0630  
                         u339 06D3                           u291 0604                           u531 074E  
                         u380 066D                           u460 063B                           u540 07D7  
                         u381 066C                           u461 063A                           u445 0623  
                         u541 07D6                           u375 065F                           u480 064E  
                         u481 064D                           u465 0637                           u490 06FF  
                         u395 066E                           u475 0642                           fsr0 0004  
                         indf 0000         ??_read_digital_keypad 0070                   display@data 0078  
                 display@wait 0074                          _main 06ED                          btemp 007E  
                        start 0000                         ?_main 0070               __end_of___lwdiv 0697  
             __end_of___lwmod 0653                  ?_init_config 0070                         _PORTA 0005  
                       _PORTB 0006                         _PORTD 0008                         _TRISA 0085  
                       _TRISB 0086                         _TRISD 0088                  display@digit 0079  
             __end_of_display 06ED                         pclath 000A                  main@sw_count 0043  
                       status 0003                         wtemp0 007E               __initialization 07E2  
                __end_of_main 07E2                        ??_main 0020   __end_of_init_digital_keypad 05B5  
                   ??___lwdiv 0079                     ??___lwmod 0074              __end_of_init_ssd 05CC  
                   ??_display 0070                  __pdataCOMMON 007C       __end_of__initialization 07FC  
              __pcstackCOMMON 0070                  __pidataBANK0 05CC          __size_of_init_config 000B  
                  __pbssBANK0 0043                    __pmaintext 06ED   __end_of_read_digital_keypad 0619  
                   ?_init_ssd 0070                       ___lwdiv 0653                       ___lwmod 0619  
                     __ptext1 05EF                       __ptext2 05B5                       __ptext3 05C0  
                     __ptext4 05AF                       __ptext5 0697                       __ptext6 0619  
                     __ptext7 0653                       _display 0697                       main@key 0032  
                     main@ssd 002E          end_of_initialization 07FC                    ??_init_ssd 0070  
__size_of_init_digital_keypad 0006                 __pidataCOMMON 05AE           start_initialization 07E2  
                  init_fetch0 05DC                   __pdataBANK0 0033                 ??_init_config 0070  
                   ___latbits 0002                 __pcstackBANK0 0020             __size_of_init_ssd 000C  
            ___lwdiv@dividend 0077                      ?___lwdiv 0075                      ?___lwmod 0070  
                    ?_display 0070              ___lwdiv@quotient 0079           __end_of_init_config 05C0  
__size_of_read_digital_keypad 002A                     main@digit 0024                     main@count 0047  
         _init_digital_keypad 05AF          ?_init_digital_keypad 0070              __size_of___lwdiv 0044  
            __size_of___lwmod 003A                   _init_config 05B5              __size_of_display 0056  
             ___lwdiv@divisor 0075               ___lwdiv@counter 007B                 __size_of_main 00F5  
                    _init_ssd 05C0       read_digital_keypad@mode 0071       read_digital_keypad@once 007C  
                    main@F860 0033                      main@F858 003D         ??_init_digital_keypad 0070  
                    main@flag 0041                      main@wait 0045                      init_ram0 05E0  
            ___lwmod@dividend 0072           _read_digital_keypad 05EF               ___lwmod@divisor 0070  
             ___lwmod@counter 0074          ?_read_digital_keypad 0070  
