

Microchip MPLAB XC8 Assembler V2.41 build 20230208172133 
                                                                                               Sun Jun 11 22:11:23 2023

Microchip MPLAB XC8 C Compiler v2.41 (Free license) build 20230208172133 Og1 
     1                           	processor	16F877A
     2                           	pagewidth 120
     3                           	opt	flic
     4                           	psect	idataBANK0,global,class=CODE,delta=2,noexec
     5                           	psect	cinit,global,class=CODE,merge=1,delta=2
     6                           	psect	bssCOMMON,global,class=COMMON,space=1,delta=1,noexec
     7                           	psect	bssBANK0,global,class=BANK0,space=1,delta=1,noexec
     8                           	psect	dataBANK0,global,class=BANK0,space=1,delta=1,noexec
     9                           	psect	cstackCOMMON,global,class=COMMON,space=1,delta=1,noexec
    10                           	psect	cstackBANK0,global,class=BANK0,space=1,delta=1,noexec
    11                           	psect	maintext,global,class=CODE,split=1,delta=2
    12                           	psect	text1,local,class=CODE,merge=1,delta=2
    13                           	psect	text2,local,class=CODE,merge=1,delta=2
    14                           	psect	text3,local,class=CODE,merge=1,delta=2
    15                           	psect	text4,local,class=CODE,merge=1,delta=2
    16                           	psect	text5,local,class=CODE,merge=1,delta=2
    17                           	psect	intentry,global,class=CODE,delta=2
    18                           	psect	config,global,abs,ovrld,class=CONFIG,space=4,delta=2,noexec
    19                           	dabs	1,0x7E,2
    20     0000                     
    21                           ; Version 2.20
    22                           ; Generated 12/02/2020 GMT
    23                           ; 
    24                           ; Copyright © 2020, Microchip Technology Inc. and its subsidiaries ("Microchip")
    25                           ; All rights reserved.
    26                           ; 
    27                           ; This software is developed by Microchip Technology Inc. and its subsidiaries ("Microch
      +                          ip").
    28                           ; 
    29                           ; Redistribution and use in source and binary forms, with or without modification, are
    30                           ; permitted provided that the following conditions are met:
    31                           ; 
    32                           ;     1. Redistributions of source code must retain the above copyright notice, this lis
      +                          t of
    33                           ;        conditions and the following disclaimer.
    34                           ; 
    35                           ;     2. Redistributions in binary form must reproduce the above copyright notice, this 
      +                          list
    36                           ;        of conditions and the following disclaimer in the documentation and/or other
    37                           ;        materials provided with the distribution.
    38                           ; 
    39                           ;     3. Microchip's name may not be used to endorse or promote products derived from th
      +                          is
    40                           ;        software without specific prior written permission.
    41                           ; 
    42                           ; THIS SOFTWARE IS PROVIDED BY MICROCHIP "AS IS" AND ANY EXPRESS OR IMPLIED WARRANTIES,
    43                           ; INCLUDING, BUT NOT LIMITED TO, THE IMPLIED WARRANTIES OF MERCHANTABILITY AND FITNESS F
      +                          OR
    44                           ; PURPOSE ARE DISCLAIMED.  IN NO EVENT SHALL MICROCHIP BE LIABLE FOR ANY DIRECT, INDIREC
      +                          T,
    45                           ; INCIDENTAL, SPECIAL, EXEMPLARY, OR CONSEQUENTIAL DAMAGES (INCLUDING BUT NOT LIMITED TO
    46                           ; PROCUREMENT OF SUBSTITUTE GOODS OR SERVICES; LOSS OF USE, DATA OR PROFITS; OR BUSINESS
    47                           ; INTERRUPTION) HOWSOEVER CAUSED AND ON ANY THEORY OF LIABILITY, WHETHER IN CONTRACT, ST
      +                          RICT
    48                           ; LIABILITY, OR TORT (INCLUDING NEGLIGENCE OR OTHERWISE) ARISING IN ANY WAY OUT OF THE U
      +                          SE OF
    49                           ; THIS SOFTWARE, EVEN IF ADVISED OF THE POSSIBILITY OF SUCH DAMAGE.
    50                           ; 
    51                           ; 
    52                           ; Code-generator required, PIC16F877A Definitions
    53                           ; 
    54                           ; SFR Addresses
    55     0000                     	;# 
    56     0001                     	;# 
    57     0002                     	;# 
    58     0003                     	;# 
    59     0004                     	;# 
    60     0005                     	;# 
    61     0006                     	;# 
    62     0007                     	;# 
    63     0008                     	;# 
    64     0009                     	;# 
    65     000A                     	;# 
    66     000B                     	;# 
    67     000C                     	;# 
    68     000D                     	;# 
    69     000E                     	;# 
    70     000E                     	;# 
    71     000F                     	;# 
    72     0010                     	;# 
    73     0011                     	;# 
    74     0012                     	;# 
    75     0013                     	;# 
    76     0014                     	;# 
    77     0015                     	;# 
    78     0015                     	;# 
    79     0016                     	;# 
    80     0017                     	;# 
    81     0018                     	;# 
    82     0019                     	;# 
    83     001A                     	;# 
    84     001B                     	;# 
    85     001B                     	;# 
    86     001C                     	;# 
    87     001D                     	;# 
    88     001E                     	;# 
    89     001F                     	;# 
    90     0081                     	;# 
    91     0085                     	;# 
    92     0086                     	;# 
    93     0087                     	;# 
    94     0088                     	;# 
    95     0089                     	;# 
    96     008C                     	;# 
    97     008D                     	;# 
    98     008E                     	;# 
    99     0091                     	;# 
   100     0092                     	;# 
   101     0093                     	;# 
   102     0094                     	;# 
   103     0098                     	;# 
   104     0099                     	;# 
   105     009C                     	;# 
   106     009D                     	;# 
   107     009E                     	;# 
   108     009F                     	;# 
   109     010C                     	;# 
   110     010D                     	;# 
   111     010E                     	;# 
   112     010F                     	;# 
   113     018C                     	;# 
   114     018D                     	;# 
   115     0000                     	;# 
   116     0001                     	;# 
   117     0002                     	;# 
   118     0003                     	;# 
   119     0004                     	;# 
   120     0005                     	;# 
   121     0006                     	;# 
   122     0007                     	;# 
   123     0008                     	;# 
   124     0009                     	;# 
   125     000A                     	;# 
   126     000B                     	;# 
   127     000C                     	;# 
   128     000D                     	;# 
   129     000E                     	;# 
   130     000E                     	;# 
   131     000F                     	;# 
   132     0010                     	;# 
   133     0011                     	;# 
   134     0012                     	;# 
   135     0013                     	;# 
   136     0014                     	;# 
   137     0015                     	;# 
   138     0015                     	;# 
   139     0016                     	;# 
   140     0017                     	;# 
   141     0018                     	;# 
   142     0019                     	;# 
   143     001A                     	;# 
   144     001B                     	;# 
   145     001B                     	;# 
   146     001C                     	;# 
   147     001D                     	;# 
   148     001E                     	;# 
   149     001F                     	;# 
   150     0081                     	;# 
   151     0085                     	;# 
   152     0086                     	;# 
   153     0087                     	;# 
   154     0088                     	;# 
   155     0089                     	;# 
   156     008C                     	;# 
   157     008D                     	;# 
   158     008E                     	;# 
   159     0091                     	;# 
   160     0092                     	;# 
   161     0093                     	;# 
   162     0094                     	;# 
   163     0098                     	;# 
   164     0099                     	;# 
   165     009C                     	;# 
   166     009D                     	;# 
   167     009E                     	;# 
   168     009F                     	;# 
   169     010C                     	;# 
   170     010D                     	;# 
   171     010E                     	;# 
   172     010F                     	;# 
   173     018C                     	;# 
   174     018D                     	;# 
   175     0000                     	;# 
   176     0001                     	;# 
   177     0002                     	;# 
   178     0003                     	;# 
   179     0004                     	;# 
   180     0005                     	;# 
   181     0006                     	;# 
   182     0007                     	;# 
   183     0008                     	;# 
   184     0009                     	;# 
   185     000A                     	;# 
   186     000B                     	;# 
   187     000C                     	;# 
   188     000D                     	;# 
   189     000E                     	;# 
   190     000E                     	;# 
   191     000F                     	;# 
   192     0010                     	;# 
   193     0011                     	;# 
   194     0012                     	;# 
   195     0013                     	;# 
   196     0014                     	;# 
   197     0015                     	;# 
   198     0015                     	;# 
   199     0016                     	;# 
   200     0017                     	;# 
   201     0018                     	;# 
   202     0019                     	;# 
   203     001A                     	;# 
   204     001B                     	;# 
   205     001B                     	;# 
   206     001C                     	;# 
   207     001D                     	;# 
   208     001E                     	;# 
   209     001F                     	;# 
   210     0081                     	;# 
   211     0085                     	;# 
   212     0086                     	;# 
   213     0087                     	;# 
   214     0088                     	;# 
   215     0089                     	;# 
   216     008C                     	;# 
   217     008D                     	;# 
   218     008E                     	;# 
   219     0091                     	;# 
   220     0092                     	;# 
   221     0093                     	;# 
   222     0094                     	;# 
   223     0098                     	;# 
   224     0099                     	;# 
   225     009C                     	;# 
   226     009D                     	;# 
   227     009E                     	;# 
   228     009F                     	;# 
   229     010C                     	;# 
   230     010D                     	;# 
   231     010E                     	;# 
   232     010F                     	;# 
   233     018C                     	;# 
   234     018D                     	;# 
   235     0000                     	;# 
   236     0001                     	;# 
   237     0002                     	;# 
   238     0003                     	;# 
   239     0004                     	;# 
   240     0005                     	;# 
   241     0006                     	;# 
   242     0007                     	;# 
   243     0008                     	;# 
   244     0009                     	;# 
   245     000A                     	;# 
   246     000B                     	;# 
   247     000C                     	;# 
   248     000D                     	;# 
   249     000E                     	;# 
   250     000E                     	;# 
   251     000F                     	;# 
   252     0010                     	;# 
   253     0011                     	;# 
   254     0012                     	;# 
   255     0013                     	;# 
   256     0014                     	;# 
   257     0015                     	;# 
   258     0015                     	;# 
   259     0016                     	;# 
   260     0017                     	;# 
   261     0018                     	;# 
   262     0019                     	;# 
   263     001A                     	;# 
   264     001B                     	;# 
   265     001B                     	;# 
   266     001C                     	;# 
   267     001D                     	;# 
   268     001E                     	;# 
   269     001F                     	;# 
   270     0081                     	;# 
   271     0085                     	;# 
   272     0086                     	;# 
   273     0087                     	;# 
   274     0088                     	;# 
   275     0089                     	;# 
   276     008C                     	;# 
   277     008D                     	;# 
   278     008E                     	;# 
   279     0091                     	;# 
   280     0092                     	;# 
   281     0093                     	;# 
   282     0094                     	;# 
   283     0098                     	;# 
   284     0099                     	;# 
   285     009C                     	;# 
   286     009D                     	;# 
   287     009E                     	;# 
   288     009F                     	;# 
   289     010C                     	;# 
   290     010D                     	;# 
   291     010E                     	;# 
   292     010F                     	;# 
   293     018C                     	;# 
   294     018D                     	;# 
   295     0000                     	;# 
   296     0001                     	;# 
   297     0002                     	;# 
   298     0003                     	;# 
   299     0004                     	;# 
   300     0005                     	;# 
   301     0006                     	;# 
   302     0007                     	;# 
   303     0008                     	;# 
   304     0009                     	;# 
   305     000A                     	;# 
   306     000B                     	;# 
   307     000C                     	;# 
   308     000D                     	;# 
   309     000E                     	;# 
   310     000E                     	;# 
   311     000F                     	;# 
   312     0010                     	;# 
   313     0011                     	;# 
   314     0012                     	;# 
   315     0013                     	;# 
   316     0014                     	;# 
   317     0015                     	;# 
   318     0015                     	;# 
   319     0016                     	;# 
   320     0017                     	;# 
   321     0018                     	;# 
   322     0019                     	;# 
   323     001A                     	;# 
   324     001B                     	;# 
   325     001B                     	;# 
   326     001C                     	;# 
   327     001D                     	;# 
   328     001E                     	;# 
   329     001F                     	;# 
   330     0081                     	;# 
   331     0085                     	;# 
   332     0086                     	;# 
   333     0087                     	;# 
   334     0088                     	;# 
   335     0089                     	;# 
   336     008C                     	;# 
   337     008D                     	;# 
   338     008E                     	;# 
   339     0091                     	;# 
   340     0092                     	;# 
   341     0093                     	;# 
   342     0094                     	;# 
   343     0098                     	;# 
   344     0099                     	;# 
   345     009C                     	;# 
   346     009D                     	;# 
   347     009E                     	;# 
   348     009F                     	;# 
   349     010C                     	;# 
   350     010D                     	;# 
   351     010E                     	;# 
   352     010F                     	;# 
   353     018C                     	;# 
   354     018D                     	;# 
   355                           
   356                           	psect	idataBANK0
   357     0113                     __pidataBANK0:
   358                           
   359                           ;initializer for main@ssd
   360     0113  3406               	retlw	6
   361     0114  345B               	retlw	91
   362     0115  344F               	retlw	79
   363     0116  3466               	retlw	102
   364     0005                     _PORTA	set	5
   365     0001                     _TMR0	set	1
   366     0008                     _PORTD	set	8
   367     0006                     _PORTB	set	6
   368     0059                     _INTF	set	89
   369     005A                     _TMR0IF	set	90
   370     005D                     _TMR0IE	set	93
   371     005C                     _INTE	set	92
   372     005F                     _GIE	set	95
   373     0037                     _RB7	set	55
   374     0085                     _TRISA	set	133
   375     0088                     _TRISD	set	136
   376     040B                     _PSA	set	1035
   377     040D                     _T0CS	set	1037
   378     0437                     _TRISB7	set	1079
   379                           
   380                           	psect	cinit
   381     000F                     start_initialization:	
   382                           ; #config settings
   383                           
   384     000F                     __initialization:
   385                           
   386                           ; Initialize objects allocated to BANK0
   387     000F  120A  118A  2113  120A  118A  	fcall	__pidataBANK0	;fetch initializer
   388     0014  00A6               	movwf	__pdataBANK0& (0+127)
   389     0015  120A  118A  2114  120A  118A  	fcall	__pidataBANK0+1	;fetch initializer
   390     001A  00A7               	movwf	(__pdataBANK0+1)& (0+127)
   391     001B  120A  118A  2115  120A  118A  	fcall	__pidataBANK0+2	;fetch initializer
   392     0020  00A8               	movwf	(__pdataBANK0+2)& (0+127)
   393     0021  120A  118A  2116  120A  118A  	fcall	__pidataBANK0+3	;fetch initializer
   394     0026  00A9               	movwf	(__pdataBANK0+3)& (0+127)
   395                           
   396                           ; Clear objects allocated to BANK0
   397     0027  01AA               	clrf	__pbssBANK0& (0+127)
   398     0028  01AB               	clrf	(__pbssBANK0+1)& (0+127)
   399                           
   400                           ; Clear objects allocated to COMMON
   401     0029  01F6               	clrf	__pbssCOMMON& (0+127)
   402     002A  01F7               	clrf	(__pbssCOMMON+1)& (0+127)
   403     002B                     end_of_initialization:	
   404                           ;End of C runtime variable initialization code
   405                           
   406     002B                     __end_of__initialization:
   407     002B  0183               	clrf	3
   408     002C  120A  118A  28BB   	ljmp	_main	;jump to C main() function
   409                           
   410                           	psect	bssCOMMON
   411     0076                     __pbssCOMMON:
   412     0076                     _count1:
   413     0076                     	ds	2
   414                           
   415                           	psect	bssBANK0
   416     002A                     __pbssBANK0:
   417     002A                     isr@count2:
   418     002A                     	ds	2
   419                           
   420                           	psect	dataBANK0
   421     0026                     __pdataBANK0:
   422     0026                     main@ssd:
   423     0026                     	ds	4
   424                           
   425                           	psect	cstackCOMMON
   426     0070                     __pcstackCOMMON:
   427     0070                     ?_init_ssd:
   428     0070                     ?_init_timer0:	
   429                           ; 1 bytes @ 0x0
   430                           
   431     0070                     ?_display:	
   432                           ; 1 bytes @ 0x0
   433                           
   434     0070                     ?_init_config:	
   435                           ; 1 bytes @ 0x0
   436                           
   437     0070                     ?_main:	
   438                           ; 1 bytes @ 0x0
   439                           
   440     0070                     ?_isr:	
   441                           ; 1 bytes @ 0x0
   442                           
   443     0070                     ??_isr:	
   444                           ; 1 bytes @ 0x0
   445                           
   446                           
   447                           ; 1 bytes @ 0x0
   448     0070                     	ds	2
   449     0072                     ??_init_ssd:
   450     0072                     ??_init_timer0:	
   451                           ; 1 bytes @ 0x2
   452                           
   453     0072                     ??_display:	
   454                           ; 1 bytes @ 0x2
   455                           
   456     0072                     ??_init_config:	
   457                           ; 1 bytes @ 0x2
   458                           
   459                           
   460                           ; 1 bytes @ 0x2
   461     0072                     	ds	4
   462     0076                     ??_main:
   463                           
   464                           	psect	cstackBANK0
   465     0020                     __pcstackBANK0:	
   466                           ; 1 bytes @ 0x6
   467                           
   468     0020                     display@wait:
   469                           
   470                           ; 4 bytes @ 0x0
   471     0020                     	ds	4
   472     0024                     display@data:
   473                           
   474                           ; 1 bytes @ 0x4
   475     0024                     	ds	1
   476     0025                     display@digit:
   477                           
   478                           ; 1 bytes @ 0x5
   479     0025                     	ds	1
   480                           
   481                           	psect	maintext
   482     00BB                     __pmaintext:	
   483 ;;
   484 ;;Main: autosize = 0, tempsize = 0, incstack = 0, save=0
   485 ;;
   486 ;; *************** function _main *****************
   487 ;; Defined at:
   488 ;;		line 30 in file "main.c"
   489 ;; Parameters:    Size  Location     Type
   490 ;;		None
   491 ;; Auto vars:     Size  Location     Type
   492 ;;		None
   493 ;; Return value:  Size  Location     Type
   494 ;;                  1    wreg      void 
   495 ;; Registers used:
   496 ;;		wreg, fsr0l, fsr0h, status,2, status,0, btemp+1, pclath, cstack
   497 ;; Tracked objects:
   498 ;;		On entry : B00/0
   499 ;;		On exit  : 0/0
   500 ;;		Unchanged: 0/0
   501 ;; Data sizes:     COMMON   BANK0   BANK1   BANK3   BANK2
   502 ;;      Params:         0       0       0       0       0
   503 ;;      Locals:         0       0       0       0       0
   504 ;;      Temps:          0       0       0       0       0
   505 ;;      Totals:         0       0       0       0       0
   506 ;;Total ram usage:        0 bytes
   507 ;; Hardware stack levels required when called: 3
   508 ;; This function calls:
   509 ;;		_display
   510 ;;		_init_config
   511 ;; This function is called by:
   512 ;;		Startup code after reset
   513 ;; This function uses a non-reentrant model
   514 ;;
   515                           
   516     00BB                     _main:	
   517                           ;psect for function _main
   518                           
   519     00BB                     l835:	
   520                           ;incstack = 0
   521                           ; Regs used in _main: [wreg-fsr0h+status,2+status,0+btemp+1+pclath+cstack]
   522                           
   523                           
   524                           ;main.c: 32:             display(ssd);;main.c: 33:         }
   525     00BB  120A  118A  20EA  120A  118A  	fcall	_init_config
   526     00C0                     l837:
   527     00C0  0877               	movf	_count1+1,w
   528     00C1  3A80               	xorlw	128
   529     00C2  00FF               	movwf	btemp+1
   530     00C3  3080               	movlw	128
   531     00C4  027F               	subwf	btemp+1,w
   532     00C5  1D03               	skipz
   533     00C6  28C9               	goto	u215
   534     00C7  3006               	movlw	6
   535     00C8  0276               	subwf	_count1,w
   536     00C9                     u215:
   537     00C9  1C03               	skipc
   538     00CA  28CC               	goto	u211
   539     00CB  28CD               	goto	u210
   540     00CC                     u211:
   541     00CC  28D3               	goto	l843
   542     00CD                     u210:
   543     00CD                     l839:
   544     00CD  128B               	bcf	11,5	;volatile
   545     00CE                     l841:
   546     00CE  1283               	bcf	3,5	;RP0=0, select bank0
   547     00CF  1303               	bcf	3,6	;RP1=0, select bank0
   548     00D0  0186               	clrf	6	;volatile
   549     00D1  0188               	clrf	8	;volatile
   550     00D2  0063               	sleep	;# 
   551     00D3                     l843:
   552     00D3  0877               	movf	_count1+1,w
   553     00D4  3A80               	xorlw	128
   554     00D5  00FF               	movwf	btemp+1
   555     00D6  3080               	movlw	128
   556     00D7  027F               	subwf	btemp+1,w
   557     00D8  1D03               	skipz
   558     00D9  28DC               	goto	u225
   559     00DA  3006               	movlw	6
   560     00DB  0276               	subwf	_count1,w
   561     00DC                     u225:
   562     00DC  1803               	skipnc
   563     00DD  28DF               	goto	u221
   564     00DE  28E0               	goto	u220
   565     00DF                     u221:
   566     00DF  28C0               	goto	l837
   567     00E0                     u220:
   568     00E0                     l845:
   569     00E0  3026               	movlw	(low (main@ssd| 0))& (0+255)
   570     00E1  120A  118A  202F  120A  118A  	fcall	_display
   571     00E6  28C0               	goto	l837
   572     00E7  120A  118A  280C   	ljmp	start
   573     00EA                     __end_of_main:
   574                           
   575                           	psect	text1
   576     00EA                     __ptext1:	
   577 ;; *************** function _init_config *****************
   578 ;; Defined at:
   579 ;;		line 17 in file "main.c"
   580 ;; Parameters:    Size  Location     Type
   581 ;;		None
   582 ;; Auto vars:     Size  Location     Type
   583 ;;		None
   584 ;; Return value:  Size  Location     Type
   585 ;;                  1    wreg      void 
   586 ;; Registers used:
   587 ;;		wreg, status,2, status,0, pclath, cstack
   588 ;; Tracked objects:
   589 ;;		On entry : 0/0
   590 ;;		On exit  : 0/0
   591 ;;		Unchanged: 0/0
   592 ;; Data sizes:     COMMON   BANK0   BANK1   BANK3   BANK2
   593 ;;      Params:         0       0       0       0       0
   594 ;;      Locals:         0       0       0       0       0
   595 ;;      Temps:          0       0       0       0       0
   596 ;;      Totals:         0       0       0       0       0
   597 ;;Total ram usage:        0 bytes
   598 ;; Hardware stack levels used: 1
   599 ;; Hardware stack levels required when called: 2
   600 ;; This function calls:
   601 ;;		_init_ssd
   602 ;;		_init_timer0
   603 ;; This function is called by:
   604 ;;		_main
   605 ;; This function uses a non-reentrant model
   606 ;;
   607                           
   608     00EA                     _init_config:	
   609                           ;psect for function _init_config
   610                           
   611     00EA                     l759:	
   612                           ;incstack = 0
   613                           ; Regs used in _init_config: [wreg+status,2+status,0+pclath+cstack]
   614                           
   615                           
   616                           ;main.c: 19:     while (1) {
   617     00EA  1683               	bsf	3,5	;RP0=1, select bank1
   618     00EB  1303               	bcf	3,6	;RP1=0, select bank1
   619     00EC  1386               	bcf	6,7	;volatile
   620     00ED                     l761:
   621                           
   622                           ;main.c: 20: 
   623     00ED  120A  118A  20FD  120A  118A  	fcall	_init_ssd
   624                           
   625                           ;main.c: 21:         if( count1 > 5)
   626     00F2  120A  118A  2109  120A  118A  	fcall	_init_timer0
   627     00F7                     l763:
   628                           
   629                           ;main.c: 22:         {
   630     00F7  1283               	bcf	3,5	;RP0=0, select bank0
   631     00F8  1303               	bcf	3,6	;RP1=0, select bank0
   632     00F9  1386               	bcf	6,7	;volatile
   633     00FA                     l765:
   634                           
   635                           ;main.c: 25:             PORTB = 0x00;
   636     00FA  178B               	bsf	11,7	;volatile
   637     00FB                     l767:
   638                           
   639                           ;main.c: 27:             __asm("sleep");
   640     00FB  160B               	bsf	11,4	;volatile
   641     00FC                     l25:
   642     00FC  0008               	return
   643     00FD                     __end_of_init_config:
   644                           
   645                           	psect	text2
   646     0109                     __ptext2:	
   647 ;; *************** function _init_timer0 *****************
   648 ;; Defined at:
   649 ;;		line 10 in file "timers.c"
   650 ;; Parameters:    Size  Location     Type
   651 ;;		None
   652 ;; Auto vars:     Size  Location     Type
   653 ;;		None
   654 ;; Return value:  Size  Location     Type
   655 ;;                  1    wreg      void 
   656 ;; Registers used:
   657 ;;		wreg
   658 ;; Tracked objects:
   659 ;;		On entry : 0/0
   660 ;;		On exit  : 0/0
   661 ;;		Unchanged: 0/0
   662 ;; Data sizes:     COMMON   BANK0   BANK1   BANK3   BANK2
   663 ;;      Params:         0       0       0       0       0
   664 ;;      Locals:         0       0       0       0       0
   665 ;;      Temps:          0       0       0       0       0
   666 ;;      Totals:         0       0       0       0       0
   667 ;;Total ram usage:        0 bytes
   668 ;; Hardware stack levels used: 1
   669 ;; Hardware stack levels required when called: 1
   670 ;; This function calls:
   671 ;;		Nothing
   672 ;; This function is called by:
   673 ;;		_init_config
   674 ;; This function uses a non-reentrant model
   675 ;;
   676                           
   677     0109                     _init_timer0:	
   678                           ;psect for function _init_timer0
   679                           
   680     0109                     l753:	
   681                           ;incstack = 0
   682                           ; Regs used in _init_timer0: [wreg]
   683                           
   684                           
   685                           ;timers.c: 13:     T0CS = 0;
   686     0109  1683               	bsf	3,5	;RP0=1, select bank1
   687     010A  1303               	bcf	3,6	;RP1=0, select bank1
   688     010B  1281               	bcf	1,5	;volatile
   689                           
   690                           ;timers.c: 16:     PSA = 1;
   691     010C  1581               	bsf	1,3	;volatile
   692     010D                     l755:
   693                           
   694                           ;timers.c: 18:     TMR0 = 6;
   695     010D  3006               	movlw	6
   696     010E  1283               	bcf	3,5	;RP0=0, select bank0
   697     010F  1303               	bcf	3,6	;RP1=0, select bank0
   698     0110  0081               	movwf	1	;volatile
   699     0111                     l757:
   700                           
   701                           ;timers.c: 21:     TMR0IE = 1;
   702     0111  168B               	bsf	11,5	;volatile
   703     0112                     l48:
   704     0112  0008               	return
   705     0113                     __end_of_init_timer0:
   706                           
   707                           	psect	text3
   708     00FD                     __ptext3:	
   709 ;; *************** function _init_ssd *****************
   710 ;; Defined at:
   711 ;;		line 11 in file "ssd.c"
   712 ;; Parameters:    Size  Location     Type
   713 ;;		None
   714 ;; Auto vars:     Size  Location     Type
   715 ;;		None
   716 ;; Return value:  Size  Location     Type
   717 ;;                  1    wreg      void 
   718 ;; Registers used:
   719 ;;		wreg, status,2
   720 ;; Tracked objects:
   721 ;;		On entry : 0/0
   722 ;;		On exit  : 0/0
   723 ;;		Unchanged: 0/0
   724 ;; Data sizes:     COMMON   BANK0   BANK1   BANK3   BANK2
   725 ;;      Params:         0       0       0       0       0
   726 ;;      Locals:         0       0       0       0       0
   727 ;;      Temps:          0       0       0       0       0
   728 ;;      Totals:         0       0       0       0       0
   729 ;;Total ram usage:        0 bytes
   730 ;; Hardware stack levels used: 1
   731 ;; Hardware stack levels required when called: 1
   732 ;; This function calls:
   733 ;;		Nothing
   734 ;; This function is called by:
   735 ;;		_init_config
   736 ;; This function uses a non-reentrant model
   737 ;;
   738                           
   739     00FD                     _init_ssd:	
   740                           ;psect for function _init_ssd
   741                           
   742     00FD                     l747:	
   743                           ;incstack = 0
   744                           ; Regs used in _init_ssd: [wreg+status,2]
   745                           
   746                           
   747                           ;ssd.c: 14:     TRISD = 0x00;
   748     00FD  1683               	bsf	3,5	;RP0=1, select bank1
   749     00FE  1303               	bcf	3,6	;RP1=0, select bank1
   750     00FF  0188               	clrf	8	;volatile
   751     0100                     l749:
   752                           
   753                           ;ssd.c: 17:     TRISA = TRISA & 0x03;
   754     0100  0805               	movf	5,w	;volatile
   755     0101  3903               	andlw	3
   756     0102  0085               	movwf	5	;volatile
   757     0103                     l751:
   758                           
   759                           ;ssd.c: 19:     PORTA = PORTA & 0x03;
   760     0103  1283               	bcf	3,5	;RP0=0, select bank0
   761     0104  1303               	bcf	3,6	;RP1=0, select bank0
   762     0105  0805               	movf	5,w	;volatile
   763     0106  3903               	andlw	3
   764     0107  0085               	movwf	5	;volatile
   765     0108                     l59:
   766     0108  0008               	return
   767     0109                     __end_of_init_ssd:
   768                           
   769                           	psect	text4
   770     002F                     __ptext4:	
   771 ;; *************** function _display *****************
   772 ;; Defined at:
   773 ;;		line 22 in file "ssd.c"
   774 ;; Parameters:    Size  Location     Type
   775 ;;  data            1    wreg     PTR unsigned char 
   776 ;;		 -> main@ssd(4), 
   777 ;; Auto vars:     Size  Location     Type
   778 ;;  data            1    4[BANK0 ] PTR unsigned char 
   779 ;;		 -> main@ssd(4), 
   780 ;;  wait            4    0[BANK0 ] unsigned long 
   781 ;;  digit           1    5[BANK0 ] unsigned char 
   782 ;; Return value:  Size  Location     Type
   783 ;;                  1    wreg      void 
   784 ;; Registers used:
   785 ;;		wreg, fsr0l, fsr0h, status,2, status,0, btemp+1
   786 ;; Tracked objects:
   787 ;;		On entry : 0/0
   788 ;;		On exit  : 0/0
   789 ;;		Unchanged: 0/0
   790 ;; Data sizes:     COMMON   BANK0   BANK1   BANK3   BANK2
   791 ;;      Params:         0       0       0       0       0
   792 ;;      Locals:         0       6       0       0       0
   793 ;;      Temps:          4       0       0       0       0
   794 ;;      Totals:         4       6       0       0       0
   795 ;;Total ram usage:       10 bytes
   796 ;; Hardware stack levels used: 1
   797 ;; Hardware stack levels required when called: 1
   798 ;; This function calls:
   799 ;;		Nothing
   800 ;; This function is called by:
   801 ;;		_main
   802 ;; This function uses a non-reentrant model
   803 ;;
   804                           
   805     002F                     _display:	
   806                           ;psect for function _display
   807                           
   808                           
   809                           ;incstack = 0
   810                           ; Regs used in _display: [wreg-fsr0h+status,2+status,0+btemp+1]
   811                           ;display@data stored from wreg
   812     002F  1283               	bcf	3,5	;RP0=0, select bank0
   813     0030  1303               	bcf	3,6	;RP1=0, select bank0
   814     0031  00A4               	movwf	display@data
   815     0032                     l817:
   816                           
   817                           ;ssd.c: 22: void display(unsigned char data[]);ssd.c: 23: {;ssd.c: 24:     unsigned char
      +                           digit;;ssd.c: 26:     for (digit = 0; digit < 4; digit++)
   818     0032  01A5               	clrf	display@digit
   819     0033                     l823:
   820                           
   821                           ;ssd.c: 27:     {;ssd.c: 28:         PORTD = data[digit];
   822     0033  0825               	movf	display@digit,w
   823     0034  0724               	addwf	display@data,w
   824     0035  00F2               	movwf	??_display
   825     0036  0872               	movf	??_display,w
   826     0037  0084               	movwf	4
   827     0038  1383               	bcf	3,7	;select IRP bank0
   828     0039  0800               	movf	0,w
   829     003A  0088               	movwf	8	;volatile
   830     003B                     l825:
   831                           
   832                           ;ssd.c: 29:         PORTA = (PORTA & 0x03) | (0x04 << digit);
   833     003B  3004               	movlw	4
   834     003C  00F2               	movwf	??_display
   835     003D  0A25               	incf	display@digit,w
   836     003E  2841               	goto	u174
   837     003F                     u175:
   838     003F  1003               	clrc
   839     0040  0DF2               	rlf	??_display,f
   840     0041                     u174:
   841     0041  3EFF               	addlw	-1
   842     0042  1D03               	skipz
   843     0043  283F               	goto	u175
   844     0044  0805               	movf	5,w	;volatile
   845     0045  3903               	andlw	3
   846     0046  0472               	iorwf	??_display,w
   847     0047  0085               	movwf	5	;volatile
   848     0048                     l827:
   849                           
   850                           ;ssd.c: 31:        for (unsigned long int wait = 400;wait-- ; );
   851     0048  3000               	movlw	0
   852     0049  00A3               	movwf	display@wait+3
   853     004A  3000               	movlw	0
   854     004B  00A2               	movwf	display@wait+2
   855     004C  3001               	movlw	1
   856     004D  00A1               	movwf	display@wait+1
   857     004E  3090               	movlw	144
   858     004F  00A0               	movwf	display@wait
   859     0050                     l829:
   860     0050  3001               	movlw	1
   861     0051  00F2               	movwf	??_display
   862     0052  3000               	movlw	0
   863     0053  00F3               	movwf	??_display+1
   864     0054  3000               	movlw	0
   865     0055  00F4               	movwf	??_display+2
   866     0056  3000               	movlw	0
   867     0057  00F5               	movwf	??_display+3
   868     0058  0872               	movf	??_display,w
   869     0059  1283               	bcf	3,5	;RP0=0, select bank0
   870     005A  1303               	bcf	3,6	;RP1=0, select bank0
   871     005B  02A0               	subwf	display@wait,f
   872     005C  0873               	movf	??_display+1,w
   873     005D  1C03               	skipc
   874     005E  0F73               	incfsz	??_display+1,w
   875     005F  2861               	goto	u185
   876     0060  2862               	goto	u186
   877     0061                     u185:
   878     0061  02A1               	subwf	display@wait+1,f
   879     0062                     u186:
   880     0062  0874               	movf	??_display+2,w
   881     0063  1C03               	skipc
   882     0064  0F74               	incfsz	??_display+2,w
   883     0065  2867               	goto	u187
   884     0066  2868               	goto	u188
   885     0067                     u187:
   886     0067  02A2               	subwf	display@wait+2,f
   887     0068                     u188:
   888     0068  0875               	movf	??_display+3,w
   889     0069  1C03               	skipc
   890     006A  0F75               	incfsz	??_display+3,w
   891     006B  286D               	goto	u189
   892     006C  286E               	goto	u180
   893     006D                     u189:
   894     006D  02A3               	subwf	display@wait+3,f
   895     006E                     u180:
   896     006E  0A20               	incf	display@wait,w
   897     006F  1D03               	skipz
   898     0070  287B               	goto	u191
   899     0071  0A21               	incf	display@wait+1,w
   900     0072  1D03               	skipz
   901     0073  287B               	goto	u191
   902     0074  0A22               	incf	display@wait+2,w
   903     0075  1D03               	skipz
   904     0076  287B               	goto	u191
   905     0077  0A23               	incf	display@wait+3,w
   906     0078  1D03               	btfss	3,2
   907     0079  287B               	goto	u191
   908     007A  287C               	goto	u190
   909     007B                     u191:
   910     007B  2850               	goto	l829
   911     007C                     u190:
   912     007C                     l831:
   913                           
   914                           ;ssd.c: 32:     }
   915     007C  3001               	movlw	1
   916     007D  00FF               	movwf	btemp+1
   917     007E  087F               	movf	btemp+1,w
   918     007F  1283               	bcf	3,5	;RP0=0, select bank0
   919     0080  1303               	bcf	3,6	;RP1=0, select bank0
   920     0081  07A5               	addwf	display@digit,f
   921     0082                     l833:
   922     0082  3004               	movlw	4
   923     0083  0225               	subwf	display@digit,w
   924     0084  1C03               	skipc
   925     0085  2887               	goto	u201
   926     0086  2888               	goto	u200
   927     0087                     u201:
   928     0087  2833               	goto	l823
   929     0088                     u200:
   930     0088                     l67:
   931     0088  0008               	return
   932     0089                     __end_of_display:
   933                           
   934                           	psect	text5
   935     0089                     __ptext5:	
   936 ;; *************** function _isr *****************
   937 ;; Defined at:
   938 ;;		line 13 in file "isr.c"
   939 ;; Parameters:    Size  Location     Type
   940 ;;		None
   941 ;; Auto vars:     Size  Location     Type
   942 ;;		None
   943 ;; Return value:  Size  Location     Type
   944 ;;                  1    wreg      void 
   945 ;; Registers used:
   946 ;;		wreg, status,2, status,0
   947 ;; Tracked objects:
   948 ;;		On entry : 0/0
   949 ;;		On exit  : 0/0
   950 ;;		Unchanged: 0/0
   951 ;; Data sizes:     COMMON   BANK0   BANK1   BANK3   BANK2
   952 ;;      Params:         0       0       0       0       0
   953 ;;      Locals:         0       0       0       0       0
   954 ;;      Temps:          2       0       0       0       0
   955 ;;      Totals:         2       0       0       0       0
   956 ;;Total ram usage:        2 bytes
   957 ;; Hardware stack levels used: 1
   958 ;; This function calls:
   959 ;;		Nothing
   960 ;; This function is called by:
   961 ;;		Interrupt level 1
   962 ;; This function uses a non-reentrant model
   963 ;;
   964                           
   965     0089                     _isr:	
   966                           ;psect for function _isr
   967                           
   968     0089                     i1l799:
   969                           
   970                           ;isr.c: 15:     static unsigned int count2 = 0;;isr.c: 16:     if (TMR0IF == 1)
   971     0089  1D0B               	btfss	11,2	;volatile
   972     008A  288C               	goto	u14_21
   973     008B  288D               	goto	u14_20
   974     008C                     u14_21:
   975     008C  28B4               	goto	i1l89
   976     008D                     u14_20:
   977     008D                     i1l801:
   978                           
   979                           ;isr.c: 17:     {;isr.c: 18:         TMR0 = TMR0 + 6 + 2;
   980     008D  1283               	bcf	3,5	;RP0=0, select bank0
   981     008E  1303               	bcf	3,6	;RP1=0, select bank0
   982     008F  0801               	movf	1,w	;volatile
   983     0090  3E08               	addlw	8
   984     0091  0081               	movwf	1	;volatile
   985                           
   986                           ;isr.c: 19:         if (++count2 == 15000)
   987     0092  3001               	movlw	1
   988     0093  07AA               	addwf	isr@count2,f
   989     0094  1803               	skipnc
   990     0095  0AAB               	incf	isr@count2+1,f
   991     0096  3000               	movlw	0
   992     0097  07AB               	addwf	isr@count2+1,f
   993     0098  3098               	movlw	152
   994     0099  062A               	xorwf	isr@count2,w
   995     009A  303A               	movlw	58
   996     009B  1903               	skipnz
   997     009C  062B               	xorwf	isr@count2+1,w
   998     009D  1D03               	btfss	3,2
   999     009E  28A0               	goto	u15_21
  1000     009F  28A1               	goto	u15_20
  1001     00A0                     u15_21:
  1002     00A0  28B3               	goto	i1l815
  1003     00A1                     u15_20:
  1004     00A1                     i1l803:
  1005                           
  1006                           ;isr.c: 20:         {;isr.c: 21:             if(INTF == 1)
  1007     00A1  1C8B               	btfss	11,1	;volatile
  1008     00A2  28A4               	goto	u16_21
  1009     00A3  28A5               	goto	u16_20
  1010     00A4                     u16_21:
  1011     00A4  28A9               	goto	i1l811
  1012     00A5                     u16_20:
  1013     00A5                     i1l805:
  1014                           
  1015                           ;isr.c: 22:             {;isr.c: 23:                 count1 = 0;
  1016     00A5  01F6               	clrf	_count1
  1017     00A6  01F7               	clrf	_count1+1
  1018     00A7                     i1l807:
  1019                           
  1020                           ;isr.c: 24:                 INTF = 0;
  1021     00A7  108B               	bcf	11,1	;volatile
  1022     00A8                     i1l809:
  1023                           
  1024                           ;isr.c: 25:                 TMR0IE = 1;
  1025     00A8  168B               	bsf	11,5	;volatile
  1026     00A9                     i1l811:
  1027                           
  1028                           ;isr.c: 28:             count1++;
  1029     00A9  3001               	movlw	1
  1030     00AA  07F6               	addwf	_count1,f
  1031     00AB  1803               	skipnc
  1032     00AC  0AF7               	incf	_count1+1,f
  1033     00AD  3000               	movlw	0
  1034     00AE  07F7               	addwf	_count1+1,f
  1035     00AF                     i1l813:
  1036                           
  1037                           ;isr.c: 30:             count2 = 0;
  1038     00AF  01AA               	clrf	isr@count2
  1039     00B0  01AB               	clrf	isr@count2+1
  1040                           
  1041                           ;isr.c: 31:             RB7 = !RB7;
  1042     00B1  3080               	movlw	128
  1043     00B2  0686               	xorwf	6,f
  1044     00B3                     i1l815:
  1045                           
  1046                           ;isr.c: 34:         TMR0IF = 0;
  1047     00B3  110B               	bcf	11,2	;volatile
  1048     00B4                     i1l89:
  1049     00B4  0871               	movf	??_isr+1,w
  1050     00B5  008A               	movwf	10
  1051     00B6  0E70               	swapf	??_isr,w
  1052     00B7  0083               	movwf	3
  1053     00B8  0EFE               	swapf	btemp,f
  1054     00B9  0E7E               	swapf	btemp,w
  1055     00BA  0009               	retfie
  1056     00BB                     __end_of_isr:
  1057     007E                     btemp	set	126	;btemp
  1058     007E                     wtemp0	set	126
  1059                           
  1060                           	psect	intentry
  1061     0004                     __pintentry:	
  1062                           ;incstack = 0
  1063                           ; Regs used in _isr: [wreg+status,2+status,0]
  1064                           
  1065     0004                     interrupt_function:
  1066     007E                     saved_w	set	btemp
  1067     0004  00FE               	movwf	btemp
  1068     0005  0E03               	swapf	3,w
  1069     0006  00F0               	movwf	??_isr
  1070     0007  080A               	movf	10,w
  1071     0008  00F1               	movwf	??_isr+1
  1072     0009  120A  118A  2889   	ljmp	_isr
  1073                           
  1074                           	psect	config
  1075                           
  1076                           ;Config register CONFIG @ 0x2007
  1077                           ;	Oscillator Selection bits
  1078                           ;	FOSC = 0x3, unprogrammed default
  1079                           ;	Watchdog Timer Enable bit
  1080                           ;	WDTE = OFF, WDT disabled
  1081                           ;	Power-up Timer Enable bit
  1082                           ;	PWRTE = 0x1, unprogrammed default
  1083                           ;	Brown-out Reset Enable bit
  1084                           ;	BOREN = 0x1, unprogrammed default
  1085                           ;	Low-Voltage (Single-Supply) In-Circuit Serial Programming Enable bit
  1086                           ;	LVP = 0x1, unprogrammed default
  1087                           ;	Data EEPROM Memory Code Protection bit
  1088                           ;	CPD = 0x1, unprogrammed default
  1089                           ;	Flash Program Memory Write Enable bits
  1090                           ;	WRT = 0x3, unprogrammed default
  1091                           ;	In-Circuit Debugger Mode bit
  1092                           ;	DEBUG = 0x1, unprogrammed default
  1093                           ;	Flash Program Memory Code Protection bit
  1094                           ;	CP = 0x1, unprogrammed default
  1095     2007                     	org	8199
  1096     2007  3FFB               	dw	16379

Data Sizes:
    Strings     0
    Constant    0
    Data        4
    BSS         4
    Persistent  0
    Stack       0

Auto Spaces:
    Space          Size  Autos    Used
    COMMON           14      6       8
    BANK0            80      6      12
    BANK1            80      0       0
    BANK3            96      0       0
    BANK2            96      0       0

Pointer List with Targets:

    display@data	PTR unsigned char  size(1) Largest target is 4
		 -> main@ssd(BANK0[4]), 


Critical Paths under _main in COMMON

    _main->_display

Critical Paths under _isr in COMMON

    None.

Critical Paths under _main in BANK0

    _main->_display

Critical Paths under _isr in BANK0

    None.

Critical Paths under _main in BANK1

    None.

Critical Paths under _isr in BANK1

    None.

Critical Paths under _main in BANK3

    None.

Critical Paths under _isr in BANK3

    None.

Critical Paths under _main in BANK2

    None.

Critical Paths under _isr in BANK2

    None.

Call Graph Tables:

 ---------------------------------------------------------------------------------
 (Depth) Function   	        Calls       Base Space   Used Autos Params    Refs
 ---------------------------------------------------------------------------------
 (0) _main                                                 0     0      0     231
                            _display
                        _init_config
 ---------------------------------------------------------------------------------
 (1) _init_config                                          0     0      0       0
                           _init_ssd
                        _init_timer0
 ---------------------------------------------------------------------------------
 (2) _init_timer0                                          0     0      0       0
 ---------------------------------------------------------------------------------
 (2) _init_ssd                                             0     0      0       0
 ---------------------------------------------------------------------------------
 (1) _display                                             10    10      0     231
                                              2 COMMON     4     4      0
                                              0 BANK0      6     6      0
 ---------------------------------------------------------------------------------
 Estimated maximum stack depth 2
 ---------------------------------------------------------------------------------
 (Depth) Function   	        Calls       Base Space   Used Autos Params    Refs
 ---------------------------------------------------------------------------------
 (3) _isr                                                  2     2      0       0
                                              0 COMMON     2     2      0
 ---------------------------------------------------------------------------------
 Estimated maximum stack depth 3
 ---------------------------------------------------------------------------------

 Call Graph Graphs:

 _main (ROOT)
   _display
   _init_config
     _init_ssd
     _init_timer0

 _isr (ROOT)

 Address spaces:
Name               Size   Autos  Total    Cost      Usage
BANK3               60      0       0       9        0.0%
BITBANK3            60      0       0       8        0.0%
SFR3                 0      0       0       4        0.0%
BITSFR3              0      0       0       4        0.0%
BANK2               60      0       0      11        0.0%
BITBANK2            60      0       0      10        0.0%
SFR2                 0      0       0       5        0.0%
BITSFR2              0      0       0       5        0.0%
BANK1               50      0       0       7        0.0%
BITBANK1            50      0       0       6        0.0%
SFR1                 0      0       0       2        0.0%
BITSFR1              0      0       0       2        0.0%
BANK0               50      6       C       5       15.0%
BITBANK0            50      0       0       4        0.0%
SFR0                 0      0       0       1        0.0%
BITSFR0              0      0       0       1        0.0%
COMMON               E      6       8       1       57.1%
BITCOMMON            E      0       0       0        0.0%
CODE                 0      0       0       0        0.0%
DATA                 0      0      14      12        0.0%
ABS                  0      0      14       3        0.0%
NULL                 0      0       0       0        0.0%
STACK                0      0       0       2        0.0%
EEDATA             100      0       0       0        0.0%


Microchip Technology PIC Macro Assembler V2.41 build 20230208172133 
Symbol Table                                                                                   Sun Jun 11 22:11:23 2023

                     l25 00FC                       l48 0112                       l67 0088  
                     l59 0108                      l831 007C                      l823 0033  
                    l751 0103                      l833 0082                      l825 003B  
                    l817 0032                      l753 0109                      l761 00ED  
                    l841 00CE                      l827 0048                      l747 00FD  
                    l755 010D                      l763 00F7                      l843 00D3  
                    l835 00BB                      l829 0050                      l749 0100  
                    l757 0111                      l765 00FA                      l845 00E0  
                    l837 00C0                      l767 00FB                      l759 00EA  
                    l839 00CD                      _GIE 005F                      _RB7 0037  
                    u200 0088                      u201 0087                      u210 00CD  
                    u211 00CC                      u220 00E0                      u221 00DF  
                    u215 00C9                      u225 00DC                      u180 006E  
                    u190 007C                      u174 0041                      u191 007B  
                    u175 003F                      u185 0061                      u186 0062  
                    u187 0067                      u188 0068                      u189 006D  
                    _PSA 040B                      _isr 0089                      fsr0 0004  
                    indf 0000                     ?_isr 0070                     _T0CS 040D  
                   _INTE 005C                     _INTF 0059                     i1l89 00B4  
                   _TMR0 0001              display@data 0024              display@wait 0020  
                   _main 00BB                     btemp 007E                     start 000C  
                  ??_isr 0070                    ?_main 0070                    i1l801 008D  
           ?_init_config 0070                    i1l811 00A9                    i1l803 00A1  
                  i1l813 00AF                    i1l805 00A5                    i1l807 00A7  
                  i1l815 00B3                    i1l809 00A8                    i1l799 0089  
                  u14_20 008D                    u14_21 008C                    u15_20 00A1  
                  u15_21 00A0                    u16_20 00A5                    u16_21 00A4  
                  _PORTA 0005                    _PORTB 0006                    _PORTD 0008  
                  _TRISA 0085                    _TRISD 0088             ?_init_timer0 0070  
           display@digit 0025          __end_of_display 0089                    pclath 000A  
                  status 0003                    wtemp0 007E          __initialization 000F  
           __end_of_main 00EA                   ??_main 0076                   _TMR0IE 005D  
                 _TMR0IF 005A                   _TRISB7 0437                   _count1 0076  
       __end_of_init_ssd 0109                ??_display 0072                   saved_w 007E  
__end_of__initialization 002B           __pcstackCOMMON 0070             __pidataBANK0 0113  
             __pbssBANK0 002A               __pmaintext 00BB               __pintentry 0004  
              ?_init_ssd 0070                  __ptext1 00EA                  __ptext2 0109  
                __ptext3 00FD                  __ptext4 002F                  __ptext5 0089  
                _display 002F                  main@ssd 0026     end_of_initialization 002B  
             ??_init_ssd 0072      start_initialization 000F              __end_of_isr 00BB  
            __pdataBANK0 0026            ??_init_config 0072            ??_init_timer0 0072  
            __pbssCOMMON 0076                ___latbits 0002            __pcstackBANK0 0020  
               ?_display 0070      __end_of_init_config 00FD      __end_of_init_timer0 0113  
      interrupt_function 0004                isr@count2 002A              _init_config 00EA  
            _init_timer0 0109                 _init_ssd 00FD                 intlevel1 0000  
