

Microchip MPLAB XC8 Assembler V2.20 build 20200408173844 
                                                                                               Thu Jun  1 21:03:15 2023

Microchip MPLAB XC8 C Compiler v2.20 (Free license) build 20200408173844 Og1 
     1                           	processor	16F877A
     2                           	pagewidth 120
     3                           	opt	flic
     4                           	psect	idataBANK0,global,class=CODE,delta=2,noexec
     5                           	psect	cinit,global,class=CODE,merge=1,delta=2
     6                           	psect	dataBANK0,global,class=BANK0,space=1,delta=1,noexec
     7                           	psect	inittext,global,class=CODE,delta=2
     8                           	psect	cstackCOMMON,global,class=COMMON,space=1,delta=1,noexec
     9                           	psect	cstackBANK0,global,class=BANK0,space=1,delta=1,noexec
    10                           	psect	maintext,global,class=CODE,split=1,delta=2
    11                           	psect	text1,local,class=CODE,merge=1,delta=2
    12                           	psect	text2,local,class=CODE,merge=1,delta=2
    13                           	psect	text3,local,class=CODE,merge=1,delta=2
    14                           	psect	text4,local,class=CODE,merge=1,delta=2
    15                           	psect	text5,local,class=CODE,merge=1,delta=2
    16                           	psect	text6,local,class=CODE,merge=1,delta=2,group=1
    17                           	psect	config,global,abs,ovrld,class=CONFIG,space=4,delta=2,noexec
    18                           	dabs	1,0x7E,2
    19  0000                     
    20                           ; Version 2.20
    21                           ; Generated 12/02/2020 GMT
    22                           ; 
    23                           ; Copyright © 2020, Microchip Technology Inc. and its subsidiaries ("Microchip")
    24                           ; All rights reserved.
    25                           ; 
    26                           ; This software is developed by Microchip Technology Inc. and its subsidiaries ("Microch
      +                          ip").
    27                           ; 
    28                           ; Redistribution and use in source and binary forms, with or without modification, are
    29                           ; permitted provided that the following conditions are met:
    30                           ; 
    31                           ;     1. Redistributions of source code must retain the above copyright notice, this lis
      +                          t of
    32                           ;        conditions and the following disclaimer.
    33                           ; 
    34                           ;     2. Redistributions in binary form must reproduce the above copyright notice, this 
      +                          list
    35                           ;        of conditions and the following disclaimer in the documentation and/or other
    36                           ;        materials provided with the distribution.
    37                           ; 
    38                           ;     3. Microchip's name may not be used to endorse or promote products derived from th
      +                          is
    39                           ;        software without specific prior written permission.
    40                           ; 
    41                           ; THIS SOFTWARE IS PROVIDED BY MICROCHIP "AS IS" AND ANY EXPRESS OR IMPLIED WARRANTIES,
    42                           ; INCLUDING, BUT NOT LIMITED TO, THE IMPLIED WARRANTIES OF MERCHANTABILITY AND FITNESS F
      +                          OR
    43                           ; PURPOSE ARE DISCLAIMED.  IN NO EVENT SHALL MICROCHIP BE LIABLE FOR ANY DIRECT, INDIREC
      +                          T,
    44                           ; INCIDENTAL, SPECIAL, EXEMPLARY, OR CONSEQUENTIAL DAMAGES (INCLUDING BUT NOT LIMITED TO
    45                           ; PROCUREMENT OF SUBSTITUTE GOODS OR SERVICES; LOSS OF USE, DATA OR PROFITS; OR BUSINESS
    46                           ; INTERRUPTION) HOWSOEVER CAUSED AND ON ANY THEORY OF LIABILITY, WHETHER IN CONTRACT, ST
      +                          RICT
    47                           ; LIABILITY, OR TORT (INCLUDING NEGLIGENCE OR OTHERWISE) ARISING IN ANY WAY OUT OF THE U
      +                          SE OF
    48                           ; THIS SOFTWARE, EVEN IF ADVISED OF THE POSSIBILITY OF SUCH DAMAGE.
    49                           ; 
    50                           ; 
    51                           ; Code-generator required, PIC16F877A Definitions
    52                           ; 
    53                           ; SFR Addresses
    54  0000                     	;# 
    55  0001                     	;# 
    56  0002                     	;# 
    57  0003                     	;# 
    58  0004                     	;# 
    59  0005                     	;# 
    60  0006                     	;# 
    61  0007                     	;# 
    62  0008                     	;# 
    63  0009                     	;# 
    64  000A                     	;# 
    65  000B                     	;# 
    66  000C                     	;# 
    67  000D                     	;# 
    68  000E                     	;# 
    69  000E                     	;# 
    70  000F                     	;# 
    71  0010                     	;# 
    72  0011                     	;# 
    73  0012                     	;# 
    74  0013                     	;# 
    75  0014                     	;# 
    76  0015                     	;# 
    77  0015                     	;# 
    78  0016                     	;# 
    79  0017                     	;# 
    80  0018                     	;# 
    81  0019                     	;# 
    82  001A                     	;# 
    83  001B                     	;# 
    84  001B                     	;# 
    85  001C                     	;# 
    86  001D                     	;# 
    87  001E                     	;# 
    88  001F                     	;# 
    89  0081                     	;# 
    90  0085                     	;# 
    91  0086                     	;# 
    92  0087                     	;# 
    93  0088                     	;# 
    94  0089                     	;# 
    95  008C                     	;# 
    96  008D                     	;# 
    97  008E                     	;# 
    98  0091                     	;# 
    99  0092                     	;# 
   100  0093                     	;# 
   101  0094                     	;# 
   102  0098                     	;# 
   103  0099                     	;# 
   104  009C                     	;# 
   105  009D                     	;# 
   106  009E                     	;# 
   107  009F                     	;# 
   108  010C                     	;# 
   109  010D                     	;# 
   110  010E                     	;# 
   111  010F                     	;# 
   112  018C                     	;# 
   113  018D                     	;# 
   114  0000                     	;# 
   115  0001                     	;# 
   116  0002                     	;# 
   117  0003                     	;# 
   118  0004                     	;# 
   119  0005                     	;# 
   120  0006                     	;# 
   121  0007                     	;# 
   122  0008                     	;# 
   123  0009                     	;# 
   124  000A                     	;# 
   125  000B                     	;# 
   126  000C                     	;# 
   127  000D                     	;# 
   128  000E                     	;# 
   129  000E                     	;# 
   130  000F                     	;# 
   131  0010                     	;# 
   132  0011                     	;# 
   133  0012                     	;# 
   134  0013                     	;# 
   135  0014                     	;# 
   136  0015                     	;# 
   137  0015                     	;# 
   138  0016                     	;# 
   139  0017                     	;# 
   140  0018                     	;# 
   141  0019                     	;# 
   142  001A                     	;# 
   143  001B                     	;# 
   144  001B                     	;# 
   145  001C                     	;# 
   146  001D                     	;# 
   147  001E                     	;# 
   148  001F                     	;# 
   149  0081                     	;# 
   150  0085                     	;# 
   151  0086                     	;# 
   152  0087                     	;# 
   153  0088                     	;# 
   154  0089                     	;# 
   155  008C                     	;# 
   156  008D                     	;# 
   157  008E                     	;# 
   158  0091                     	;# 
   159  0092                     	;# 
   160  0093                     	;# 
   161  0094                     	;# 
   162  0098                     	;# 
   163  0099                     	;# 
   164  009C                     	;# 
   165  009D                     	;# 
   166  009E                     	;# 
   167  009F                     	;# 
   168  010C                     	;# 
   169  010D                     	;# 
   170  010E                     	;# 
   171  010F                     	;# 
   172  018C                     	;# 
   173  018D                     	;# 
   174  0000                     	;# 
   175  0001                     	;# 
   176  0002                     	;# 
   177  0003                     	;# 
   178  0004                     	;# 
   179  0005                     	;# 
   180  0006                     	;# 
   181  0007                     	;# 
   182  0008                     	;# 
   183  0009                     	;# 
   184  000A                     	;# 
   185  000B                     	;# 
   186  000C                     	;# 
   187  000D                     	;# 
   188  000E                     	;# 
   189  000E                     	;# 
   190  000F                     	;# 
   191  0010                     	;# 
   192  0011                     	;# 
   193  0012                     	;# 
   194  0013                     	;# 
   195  0014                     	;# 
   196  0015                     	;# 
   197  0015                     	;# 
   198  0016                     	;# 
   199  0017                     	;# 
   200  0018                     	;# 
   201  0019                     	;# 
   202  001A                     	;# 
   203  001B                     	;# 
   204  001B                     	;# 
   205  001C                     	;# 
   206  001D                     	;# 
   207  001E                     	;# 
   208  001F                     	;# 
   209  0081                     	;# 
   210  0085                     	;# 
   211  0086                     	;# 
   212  0087                     	;# 
   213  0088                     	;# 
   214  0089                     	;# 
   215  008C                     	;# 
   216  008D                     	;# 
   217  008E                     	;# 
   218  0091                     	;# 
   219  0092                     	;# 
   220  0093                     	;# 
   221  0094                     	;# 
   222  0098                     	;# 
   223  0099                     	;# 
   224  009C                     	;# 
   225  009D                     	;# 
   226  009E                     	;# 
   227  009F                     	;# 
   228  010C                     	;# 
   229  010D                     	;# 
   230  010E                     	;# 
   231  010F                     	;# 
   232  018C                     	;# 
   233  018D                     	;# 
   234  0000                     	;# 
   235  0001                     	;# 
   236  0002                     	;# 
   237  0003                     	;# 
   238  0004                     	;# 
   239  0005                     	;# 
   240  0006                     	;# 
   241  0007                     	;# 
   242  0008                     	;# 
   243  0009                     	;# 
   244  000A                     	;# 
   245  000B                     	;# 
   246  000C                     	;# 
   247  000D                     	;# 
   248  000E                     	;# 
   249  000E                     	;# 
   250  000F                     	;# 
   251  0010                     	;# 
   252  0011                     	;# 
   253  0012                     	;# 
   254  0013                     	;# 
   255  0014                     	;# 
   256  0015                     	;# 
   257  0015                     	;# 
   258  0016                     	;# 
   259  0017                     	;# 
   260  0018                     	;# 
   261  0019                     	;# 
   262  001A                     	;# 
   263  001B                     	;# 
   264  001B                     	;# 
   265  001C                     	;# 
   266  001D                     	;# 
   267  001E                     	;# 
   268  001F                     	;# 
   269  0081                     	;# 
   270  0085                     	;# 
   271  0086                     	;# 
   272  0087                     	;# 
   273  0088                     	;# 
   274  0089                     	;# 
   275  008C                     	;# 
   276  008D                     	;# 
   277  008E                     	;# 
   278  0091                     	;# 
   279  0092                     	;# 
   280  0093                     	;# 
   281  0094                     	;# 
   282  0098                     	;# 
   283  0099                     	;# 
   284  009C                     	;# 
   285  009D                     	;# 
   286  009E                     	;# 
   287  009F                     	;# 
   288  010C                     	;# 
   289  010D                     	;# 
   290  010E                     	;# 
   291  010F                     	;# 
   292  018C                     	;# 
   293  018D                     	;# 
   294                           
   295                           	psect	idataBANK0
   296  0618                     __pidataBANK0:
   297                           
   298                           ;initializer for main@F861
   299  0618  343F               	retlw	63
   300  0619  3400               	retlw	0
   301  061A  3406               	retlw	6
   302  061B  3400               	retlw	0
   303  061C  345B               	retlw	91
   304  061D  3400               	retlw	0
   305  061E  344F               	retlw	79
   306  061F  3400               	retlw	0
   307  0620  3466               	retlw	102
   308  0621  3400               	retlw	0
   309  0622  346D               	retlw	109
   310  0623  3400               	retlw	0
   311  0624  347D               	retlw	125
   312  0625  3400               	retlw	0
   313  0626  3407               	retlw	7
   314  0627  3400               	retlw	0
   315  0628  347F               	retlw	127
   316  0629  3400               	retlw	0
   317  062A  346F               	retlw	111
   318  062B  3400               	retlw	0
   319  062C  3408               	retlw	8
   320  062D  3400               	retlw	0
   321  062E  3408               	retlw	8
   322  062F  3400               	retlw	0
   323                           
   324                           ;initializer for read_digital_keypad@once
   325  0630  3401               	retlw	1
   326  0006                     _PORTB	set	6
   327  0008                     _PORTD	set	8
   328  0005                     _PORTA	set	5
   329  0086                     _TRISB	set	134
   330  0085                     _TRISA	set	133
   331  0088                     _TRISD	set	136
   332                           
   333                           	psect	cinit
   334  07EE                     start_initialization:	
   335                           ; #config settings
   336                           
   337  07EE                     __initialization:
   338                           
   339                           ; Initialize objects allocated to BANK0
   340  07EE  1383               	bcf	3,7	;select IRP bank0
   341  07EF  305C               	movlw	low (__pdataBANK0+25)
   342  07F0  00FD               	movwf	btemp+-1
   343  07F1  3006               	movlw	high __pidataBANK0
   344  07F2  00FE               	movwf	btemp
   345  07F3  3018               	movlw	low __pidataBANK0
   346  07F4  00FF               	movwf	btemp+1
   347  07F5  3043               	movlw	low __pdataBANK0
   348  07F6  0084               	movwf	4
   349  07F7  120A  118A  2609  120A  118A  	fcall	init_ram0
   350  07FC                     end_of_initialization:	
   351                           ;End of C runtime variable initialization code
   352                           
   353  07FC                     __end_of__initialization:
   354  07FC  0183               	clrf	3
   355  07FD  120A  118A  2EEB   	ljmp	_main	;jump to C main() function
   356                           
   357                           	psect	dataBANK0
   358  0043                     __pdataBANK0:
   359  0043                     main@F861:
   360  0043                     	ds	24
   361  005B                     read_digital_keypad@once:
   362  005B                     	ds	1
   363                           
   364                           	psect	inittext
   365  0605                     init_fetch0:	
   366                           ;	Called with low address in FSR and high address in W
   367                           
   368  0605  087E               	movf	btemp,w
   369  0606  008A               	movwf	10
   370  0607  087F               	movf	btemp+1,w
   371  0608  0082               	movwf	2
   372  0609                     init_ram0:	
   373                           ;Called with:
   374                           ;	high address of idata address in btemp 
   375                           ;	low address of idata address in btemp+1 
   376                           ;	low address of data in FSR
   377                           ;	high address + 1 of data in btemp-1
   378                           
   379  0609  120A  118A  2605  120A  118A  	fcall	init_fetch0
   380  060E  0080               	movwf	0
   381  060F  0A84               	incf	4,f
   382  0610  0804               	movf	4,w
   383  0611  067D               	xorwf	btemp+-1,w
   384  0612  1903               	btfsc	3,2
   385  0613  3400               	retlw	0
   386  0614  0AFF               	incf	btemp+1,f
   387  0615  1903               	btfsc	3,2
   388  0616  0AFE               	incf	btemp,f
   389  0617  2E09               	goto	init_ram0
   390                           
   391                           	psect	cstackCOMMON
   392  0070                     __pcstackCOMMON:
   393  0070                     ?_init_ssd:
   394  0070                     ??_init_ssd:	
   395                           ; 1 bytes @ 0x0
   396                           
   397  0070                     ?_init_digital_keypad:	
   398                           ; 1 bytes @ 0x0
   399                           
   400  0070                     ??_init_digital_keypad:	
   401                           ; 1 bytes @ 0x0
   402                           
   403  0070                     ?_read_digital_keypad:	
   404                           ; 1 bytes @ 0x0
   405                           
   406  0070                     ??_read_digital_keypad:	
   407                           ; 1 bytes @ 0x0
   408                           
   409  0070                     ?_display:	
   410                           ; 1 bytes @ 0x0
   411                           
   412  0070                     ??_display:	
   413                           ; 1 bytes @ 0x0
   414                           
   415  0070                     ?_init_config:	
   416                           ; 1 bytes @ 0x0
   417                           
   418  0070                     ??_init_config:	
   419                           ; 1 bytes @ 0x0
   420                           
   421  0070                     ?_main:	
   422                           ; 1 bytes @ 0x0
   423                           
   424  0070                     ?___lwmod:	
   425                           ; 1 bytes @ 0x0
   426                           
   427  0070                     ___lwmod@divisor:	
   428                           ; 2 bytes @ 0x0
   429                           
   430                           
   431                           ; 2 bytes @ 0x0
   432  0070                     	ds	1
   433  0071                     read_digital_keypad@mode:
   434                           
   435                           ; 1 bytes @ 0x1
   436  0071                     	ds	1
   437  0072                     ___lwmod@dividend:
   438                           
   439                           ; 2 bytes @ 0x2
   440  0072                     	ds	2
   441  0074                     ??___lwmod:
   442  0074                     ___lwmod@counter:	
   443                           ; 1 bytes @ 0x4
   444                           
   445  0074                     display@wait:	
   446                           ; 1 bytes @ 0x4
   447                           
   448                           
   449                           ; 4 bytes @ 0x4
   450  0074                     	ds	4
   451  0078                     display@data:
   452                           
   453                           ; 1 bytes @ 0x8
   454  0078                     	ds	1
   455  0079                     display@digit:
   456                           
   457                           ; 1 bytes @ 0x9
   458  0079                     	ds	1
   459  007A                     ??_main:
   460                           
   461                           ; 1 bytes @ 0xA
   462  007A                     	ds	4
   463                           
   464                           	psect	cstackBANK0
   465  0020                     __pcstackBANK0:
   466  0020                     main@digit:
   467                           
   468                           ; 24 bytes @ 0x0
   469  0020                     	ds	24
   470  0038                     main@ssd:
   471                           
   472                           ; 4 bytes @ 0x18
   473  0038                     	ds	4
   474  003C                     main@wait:
   475                           
   476                           ; 2 bytes @ 0x1C
   477  003C                     	ds	2
   478  003E                     main@cur_key:
   479                           
   480                           ; 1 bytes @ 0x1E
   481  003E                     	ds	1
   482  003F                     main@flag:
   483                           
   484                           ; 1 bytes @ 0x1F
   485  003F                     	ds	1
   486  0040                     main@key:
   487                           
   488                           ; 1 bytes @ 0x20
   489  0040                     	ds	1
   490  0041                     main@count:
   491                           
   492                           ; 2 bytes @ 0x21
   493  0041                     	ds	2
   494                           
   495                           	psect	maintext
   496  06EB                     __pmaintext:	
   497 ;;
   498 ;;Main: autosize = 0, tempsize = 4, incstack = 0, save=0
   499 ;;
   500 ;; *************** function _main *****************
   501 ;; Defined at:
   502 ;;		line 20 in file "main.c"
   503 ;; Parameters:    Size  Location     Type
   504 ;;		None
   505 ;; Auto vars:     Size  Location     Type
   506 ;;  digit          24    0[BANK0 ] unsigned int [12]
   507 ;;  ssd             4   24[BANK0 ] unsigned char [4]
   508 ;;  count           2   33[BANK0 ] unsigned int 
   509 ;;  wait            2   28[BANK0 ] unsigned int 
   510 ;;  key             1   32[BANK0 ] unsigned char 
   511 ;;  flag            1   31[BANK0 ] unsigned char 
   512 ;;  cur_key         1   30[BANK0 ] unsigned char 
   513 ;; Return value:  Size  Location     Type
   514 ;;                  1    wreg      void 
   515 ;; Registers used:
   516 ;;		wreg, fsr0l, fsr0h, status,2, status,0, btemp+1, pclath, cstack
   517 ;; Tracked objects:
   518 ;;		On entry : B00/0
   519 ;;		On exit  : 0/0
   520 ;;		Unchanged: 0/0
   521 ;; Data sizes:     COMMON   BANK0   BANK1   BANK3   BANK2
   522 ;;      Params:         0       0       0       0       0
   523 ;;      Locals:         0      35       0       0       0
   524 ;;      Temps:          4       0       0       0       0
   525 ;;      Totals:         4      35       0       0       0
   526 ;;Total ram usage:       39 bytes
   527 ;; Hardware stack levels required when called:    2
   528 ;; This function calls:
   529 ;;		___lwmod
   530 ;;		_display
   531 ;;		_init_config
   532 ;;		_read_digital_keypad
   533 ;; This function is called by:
   534 ;;		Startup code after reset
   535 ;; This function uses a non-reentrant model
   536 ;;
   537                           
   538                           
   539                           ;psect for function _main
   540  06EB                     _main:
   541  06EB                     l869:	
   542                           ;incstack = 0
   543                           ; Regs used in _main: [wreg-fsr0h+status,2+status,0+btemp+1+pclath+cstack]
   544                           
   545                           
   546                           ;main.c: 23:             cur_key = key;
   547  06EB  120A  118A  25EE  120A  118A  	fcall	_init_config
   548  06F0                     l871:
   549                           
   550                           ;main.c: 24:         };main.c: 25:         else if (key == 0x3B)
   551  06F0  303E               	movlw	62
   552  06F1  00FF               	movwf	btemp+1
   553  06F2  087F               	movf	btemp+1,w
   554  06F3  1283               	bcf	3,5	;RP0=0, select bank0
   555  06F4  1303               	bcf	3,6	;RP1=0, select bank0
   556  06F5  00BE               	movwf	main@cur_key
   557  06F6                     l873:
   558                           
   559                           ;main.c: 26:         {
   560  06F6  3020               	movlw	main@digit& (0+255)
   561  06F7  0084               	movwf	4
   562  06F8  3043               	movlw	low main@F861
   563  06F9  00FA               	movwf	??_main
   564  06FA  0804               	movf	4,w
   565  06FB  00FB               	movwf	??_main+1
   566  06FC  3018               	movlw	24
   567  06FD  00FC               	movwf	??_main+2
   568  06FE                     u410:
   569  06FE  087A               	movf	??_main,w
   570  06FF  0084               	movwf	4
   571  0700  1383               	bcf	3,7	;select IRP bank0
   572  0701  0800               	movf	0,w
   573  0702  00FD               	movwf	??_main+3
   574  0703  0AFA               	incf	??_main,f
   575  0704  087B               	movf	??_main+1,w
   576  0705  0084               	movwf	4
   577  0706  087D               	movf	??_main+3,w
   578  0707  0080               	movwf	0
   579  0708  0AFB               	incf	??_main+1,f
   580  0709  0BFC               	decfsz	??_main+2,f
   581  070A  2EFE               	goto	u410
   582  070B                     l875:
   583                           
   584                           ;main.c: 27: 
   585  070B  01BC               	clrf	main@wait
   586  070C  01BD               	clrf	main@wait+1
   587  070D                     l877:
   588  070D  01C1               	clrf	main@count
   589  070E  01C2               	clrf	main@count+1
   590  070F                     l879:
   591                           
   592                           ;main.c: 28:             flag = !flag;
   593  070F  01BF               	clrf	main@flag
   594  0710  0ABF               	incf	main@flag,f
   595  0711                     l881:
   596                           
   597                           ;main.c: 31:         if (flag);main.c: 32:         {
   598  0711  3001               	movlw	1
   599  0712  120A  118A  2631  120A  118A  	fcall	_read_digital_keypad
   600  0717  00FF               	movwf	btemp+1
   601  0718  087F               	movf	btemp+1,w
   602  0719  1283               	bcf	3,5	;RP0=0, select bank0
   603  071A  1303               	bcf	3,6	;RP1=0, select bank0
   604  071B  00C0               	movwf	main@key
   605  071C                     l883:
   606                           
   607                           ;main.c: 34:             {
   608  071C  303E               	movlw	62
   609  071D  0640               	xorwf	main@key,w
   610  071E  1903               	btfsc	3,2
   611  071F  2F21               	goto	u421
   612  0720  2F22               	goto	u420
   613  0721                     u421:
   614  0721  2F28               	goto	l887
   615  0722                     u420:
   616  0722                     l885:
   617  0722  303D               	movlw	61
   618  0723  0640               	xorwf	main@key,w
   619  0724  1D03               	btfss	3,2
   620  0725  2F27               	goto	u431
   621  0726  2F28               	goto	u430
   622  0727                     u431:
   623  0727  2F2D               	goto	l889
   624  0728                     u430:
   625  0728                     l887:
   626                           
   627                           ;main.c: 35:                 wait = 0;;main.c: 37: 
   628  0728  0840               	movf	main@key,w
   629  0729  00FF               	movwf	btemp+1
   630  072A  087F               	movf	btemp+1,w
   631  072B  00BE               	movwf	main@cur_key
   632                           
   633                           ;main.c: 38: 
   634  072C  2F3D               	goto	l893
   635  072D                     l889:
   636  072D  303B               	movlw	59
   637  072E  0640               	xorwf	main@key,w
   638  072F  1D03               	btfss	3,2
   639  0730  2F32               	goto	u441
   640  0731  2F33               	goto	u440
   641  0732                     u441:
   642  0732  2F3D               	goto	l893
   643  0733                     u440:
   644  0733                     l891:
   645                           
   646                           ;main.c: 40:                 {;main.c: 42:                     {
   647  0733  083F               	movf	main@flag,w
   648  0734  1903               	btfsc	3,2
   649  0735  2F37               	goto	u451
   650  0736  2F39               	goto	u450
   651  0737                     u451:
   652  0737  3001               	movlw	1
   653  0738  2F3A               	goto	u460
   654  0739                     u450:
   655  0739  3000               	movlw	0
   656  073A                     u460:
   657  073A  00FF               	movwf	btemp+1
   658  073B  087F               	movf	btemp+1,w
   659  073C  00BF               	movwf	main@flag
   660  073D                     l893:
   661                           
   662                           ;main.c: 45:                 }
   663  073D  083F               	movf	main@flag,w
   664  073E  1903               	btfsc	3,2
   665  073F  2F41               	goto	u471
   666  0740  2F42               	goto	u470
   667  0741                     u471:
   668  0741  2F83               	goto	l911
   669  0742                     u470:
   670  0742                     l895:
   671                           
   672                           ;main.c: 46: ;main.c: 47:                 else if (cur_key == 0x3D)
   673  0742  3001               	movlw	1
   674  0743  07BC               	addwf	main@wait,f
   675  0744  1803               	skipnc
   676  0745  0ABD               	incf	main@wait+1,f
   677  0746  3000               	movlw	0
   678  0747  07BD               	addwf	main@wait+1,f
   679  0748  30C9               	movlw	201
   680  0749  063C               	xorwf	main@wait,w
   681  074A  043D               	iorwf	main@wait+1,w
   682  074B  1D03               	btfss	3,2
   683  074C  2F4E               	goto	u481
   684  074D  2F4F               	goto	u480
   685  074E                     u481:
   686  074E  2F83               	goto	l911
   687  074F                     u480:
   688  074F                     l897:
   689                           
   690                           ;main.c: 48:                 {;main.c: 49:                     if (count-- <= 0)
   691  074F  01BC               	clrf	main@wait
   692  0750  01BD               	clrf	main@wait+1
   693  0751                     l899:
   694                           
   695                           ;main.c: 53:                 }
   696  0751  303E               	movlw	62
   697  0752  063E               	xorwf	main@cur_key,w
   698  0753  1D03               	btfss	3,2
   699  0754  2F56               	goto	u491
   700  0755  2F57               	goto	u490
   701  0756                     u491:
   702  0756  2F6A               	goto	l905
   703  0757                     u490:
   704  0757                     l901:
   705                           
   706                           ;main.c: 54:             };main.c: 55:         }
   707  0757  0842               	movf	main@count+1,w
   708  0758  00FB               	movwf	??_main+1
   709  0759  0841               	movf	main@count,w
   710  075A  00FA               	movwf	??_main
   711  075B  0AC1               	incf	main@count,f
   712  075C  1903               	skipnz
   713  075D  0AC2               	incf	main@count+1,f
   714  075E  3000               	movlw	0
   715  075F  027B               	subwf	??_main+1,w
   716  0760  300B               	movlw	11
   717  0761  1903               	skipnz
   718  0762  027A               	subwf	??_main,w
   719  0763  1C03               	skipc
   720  0764  2F66               	goto	u501
   721  0765  2F67               	goto	u500
   722  0766                     u501:
   723  0766  2F83               	goto	l911
   724  0767                     u500:
   725  0767                     l903:
   726                           
   727                           ;main.c: 56: ;main.c: 57: 
   728  0767  01C1               	clrf	main@count
   729  0768  01C2               	clrf	main@count+1
   730  0769  2F83               	goto	l911
   731  076A                     l905:
   732  076A  303D               	movlw	61
   733  076B  063E               	xorwf	main@cur_key,w
   734  076C  1D03               	btfss	3,2
   735  076D  2F6F               	goto	u511
   736  076E  2F70               	goto	u510
   737  076F                     u511:
   738  076F  2F83               	goto	l25
   739  0770                     u510:
   740  0770                     l907:
   741                           
   742                           ;main.c: 62: ;main.c: 63:         display(ssd);
   743  0770  3001               	movlw	1
   744  0771  02C1               	subwf	main@count,f
   745  0772  3000               	movlw	0
   746  0773  1C03               	skipc
   747  0774  03C2               	decf	main@count+1,f
   748  0775  02C2               	subwf	main@count+1,f
   749  0776  0A41               	incf	main@count,w
   750  0777  1D03               	skipz
   751  0778  2F7D               	goto	u521
   752  0779  0A42               	incf	main@count+1,w
   753  077A  1D03               	btfss	3,2
   754  077B  2F7D               	goto	u521
   755  077C  2F7E               	goto	u520
   756  077D                     u521:
   757  077D  2F83               	goto	l25
   758  077E                     u520:
   759  077E                     l909:
   760                           
   761                           ;main.c: 64:     };main.c: 65: 
   762  077E  300B               	movlw	11
   763  077F  00C1               	movwf	main@count
   764  0780  3000               	movlw	0
   765  0781  00C2               	movwf	main@count+1
   766  0782  2F83               	goto	l911
   767  0783                     l25:
   768  0783                     l911:
   769  0783  0841               	movf	main@count,w
   770  0784  00FA               	movwf	??_main
   771  0785  077A               	addwf	??_main,w
   772  0786  3E20               	addlw	(low (main@digit| 0))& (0+255)
   773  0787  0084               	movwf	4
   774  0788  1383               	bcf	3,7	;select IRP bank0
   775  0789  0800               	movf	0,w
   776  078A  00FF               	movwf	btemp+1
   777  078B  087F               	movf	btemp+1,w
   778  078C  00B8               	movwf	main@ssd
   779  078D                     l913:
   780  078D  300C               	movlw	12
   781  078E  00F0               	movwf	___lwmod@divisor
   782  078F  3000               	movlw	0
   783  0790  00F1               	movwf	___lwmod@divisor+1
   784  0791  0841               	movf	main@count,w
   785  0792  3E01               	addlw	1
   786  0793  00F2               	movwf	___lwmod@dividend
   787  0794  0842               	movf	main@count+1,w
   788  0795  1803               	skipnc
   789  0796  3E01               	addlw	1
   790  0797  3E00               	addlw	0
   791  0798  00F3               	movwf	___lwmod@dividend+1
   792  0799  120A  118A  265B  120A  118A  	fcall	___lwmod
   793  079E  0870               	movf	?___lwmod,w
   794  079F  00FA               	movwf	??_main
   795  07A0  077A               	addwf	??_main,w
   796  07A1  3E20               	addlw	(low (main@digit| 0))& (0+255)
   797  07A2  0084               	movwf	4
   798  07A3  1383               	bcf	3,7	;select IRP bank0
   799  07A4  0800               	movf	0,w
   800  07A5  00FF               	movwf	btemp+1
   801  07A6  087F               	movf	btemp+1,w
   802  07A7  1283               	bcf	3,5	;RP0=0, select bank0
   803  07A8  1303               	bcf	3,6	;RP1=0, select bank0
   804  07A9  00B9               	movwf	main@ssd+1
   805  07AA                     l915:
   806  07AA  300C               	movlw	12
   807  07AB  00F0               	movwf	___lwmod@divisor
   808  07AC  3000               	movlw	0
   809  07AD  00F1               	movwf	___lwmod@divisor+1
   810  07AE  0841               	movf	main@count,w
   811  07AF  3E02               	addlw	2
   812  07B0  00F2               	movwf	___lwmod@dividend
   813  07B1  0842               	movf	main@count+1,w
   814  07B2  1803               	skipnc
   815  07B3  3E01               	addlw	1
   816  07B4  3E00               	addlw	0
   817  07B5  00F3               	movwf	___lwmod@dividend+1
   818  07B6  120A  118A  265B  120A  118A  	fcall	___lwmod
   819  07BB  0870               	movf	?___lwmod,w
   820  07BC  00FA               	movwf	??_main
   821  07BD  077A               	addwf	??_main,w
   822  07BE  3E20               	addlw	(low (main@digit| 0))& (0+255)
   823  07BF  0084               	movwf	4
   824  07C0  1383               	bcf	3,7	;select IRP bank0
   825  07C1  0800               	movf	0,w
   826  07C2  00FF               	movwf	btemp+1
   827  07C3  087F               	movf	btemp+1,w
   828  07C4  1283               	bcf	3,5	;RP0=0, select bank0
   829  07C5  1303               	bcf	3,6	;RP1=0, select bank0
   830  07C6  00BA               	movwf	main@ssd+2
   831  07C7                     l917:
   832  07C7  300C               	movlw	12
   833  07C8  00F0               	movwf	___lwmod@divisor
   834  07C9  3000               	movlw	0
   835  07CA  00F1               	movwf	___lwmod@divisor+1
   836  07CB  0841               	movf	main@count,w
   837  07CC  3E03               	addlw	3
   838  07CD  00F2               	movwf	___lwmod@dividend
   839  07CE  0842               	movf	main@count+1,w
   840  07CF  1803               	skipnc
   841  07D0  3E01               	addlw	1
   842  07D1  3E00               	addlw	0
   843  07D2  00F3               	movwf	___lwmod@dividend+1
   844  07D3  120A  118A  265B  120A  118A  	fcall	___lwmod
   845  07D8  0870               	movf	?___lwmod,w
   846  07D9  00FA               	movwf	??_main
   847  07DA  077A               	addwf	??_main,w
   848  07DB  3E20               	addlw	(low (main@digit| 0))& (0+255)
   849  07DC  0084               	movwf	4
   850  07DD  1383               	bcf	3,7	;select IRP bank0
   851  07DE  0800               	movf	0,w
   852  07DF  00FF               	movwf	btemp+1
   853  07E0  087F               	movf	btemp+1,w
   854  07E1  1283               	bcf	3,5	;RP0=0, select bank0
   855  07E2  1303               	bcf	3,6	;RP1=0, select bank0
   856  07E3  00BB               	movwf	main@ssd+3
   857  07E4                     l919:
   858  07E4  3038               	movlw	(low (main@ssd| 0))& (0+255)
   859  07E5  120A  118A  2695  120A  118A  	fcall	_display
   860  07EA  2F11               	goto	l881
   861  07EB  120A  118A  2800   	ljmp	start
   862  07EE                     __end_of_main:
   863                           
   864                           	psect	text1
   865  0631                     __ptext1:	
   866 ;; *************** function _read_digital_keypad *****************
   867 ;; Defined at:
   868 ;;		line 18 in file "digital_keypad.c"
   869 ;; Parameters:    Size  Location     Type
   870 ;;  mode            1    wreg     unsigned char 
   871 ;; Auto vars:     Size  Location     Type
   872 ;;  mode            1    1[COMMON] unsigned char 
   873 ;; Return value:  Size  Location     Type
   874 ;;                  1    wreg      unsigned char 
   875 ;; Registers used:
   876 ;;		wreg, status,2, status,0
   877 ;; Tracked objects:
   878 ;;		On entry : 0/0
   879 ;;		On exit  : 0/0
   880 ;;		Unchanged: 0/0
   881 ;; Data sizes:     COMMON   BANK0   BANK1   BANK3   BANK2
   882 ;;      Params:         0       0       0       0       0
   883 ;;      Locals:         1       0       0       0       0
   884 ;;      Temps:          1       0       0       0       0
   885 ;;      Totals:         2       0       0       0       0
   886 ;;Total ram usage:        2 bytes
   887 ;; Hardware stack levels used:    1
   888 ;; This function calls:
   889 ;;		Nothing
   890 ;; This function is called by:
   891 ;;		_main
   892 ;; This function uses a non-reentrant model
   893 ;;
   894                           
   895                           
   896                           ;psect for function _read_digital_keypad
   897  0631                     _read_digital_keypad:
   898                           
   899                           ;incstack = 0
   900                           ; Regs used in _read_digital_keypad: [wreg+status,2+status,0]
   901                           ;read_digital_keypad@mode stored from wreg
   902  0631  00F1               	movwf	read_digital_keypad@mode
   903  0632                     l801:
   904                           
   905                           ;digital_keypad.c: 18: unsigned char read_digital_keypad(unsigned char mode);digital_key
      +                          pad.c: 19: {;digital_keypad.c: 20:     static unsigned char once = 1;;digital_keypad.c: 
      +                          22:     if (mode == 0)
   906  0632  0871               	movf	read_digital_keypad@mode,w
   907  0633  1D03               	btfss	3,2
   908  0634  2E36               	goto	u271
   909  0635  2E37               	goto	u270
   910  0636                     u271:
   911  0636  2E3C               	goto	l809
   912  0637                     u270:
   913  0637                     l803:
   914                           
   915                           ;digital_keypad.c: 23:     {;digital_keypad.c: 24:         return PORTB & 0x3F;
   916  0637  1283               	bcf	3,5	;RP0=0, select bank0
   917  0638  1303               	bcf	3,6	;RP1=0, select bank0
   918  0639  0806               	movf	6,w	;volatile
   919  063A  393F               	andlw	63
   920  063B  2E5A               	goto	l65
   921  063C                     l809:
   922                           
   923                           ;digital_keypad.c: 27:     {;digital_keypad.c: 28:         if (((PORTB & 0x3F) != 0x3F) 
      +                          && once)
   924  063C  303F               	movlw	63
   925  063D  1283               	bcf	3,5	;RP0=0, select bank0
   926  063E  1303               	bcf	3,6	;RP1=0, select bank0
   927  063F  0506               	andwf	6,w	;volatile
   928  0640  00F0               	movwf	??_read_digital_keypad
   929  0641  303F               	movlw	63
   930  0642  0670               	xorwf	??_read_digital_keypad,w
   931  0643  1903               	btfsc	3,2
   932  0644  2E46               	goto	u281
   933  0645  2E47               	goto	u280
   934  0646                     u281:
   935  0646  2E4E               	goto	l821
   936  0647                     u280:
   937  0647                     l811:
   938  0647  085B               	movf	read_digital_keypad@once,w
   939  0648  1903               	btfsc	3,2
   940  0649  2E4B               	goto	u291
   941  064A  2E4C               	goto	u290
   942  064B                     u291:
   943  064B  2E4E               	goto	l821
   944  064C                     u290:
   945  064C                     l813:
   946                           
   947                           ;digital_keypad.c: 29:         {;digital_keypad.c: 30:             once = 0;
   948  064C  01DB               	clrf	read_digital_keypad@once
   949  064D  2E37               	goto	l803
   950  064E                     l821:
   951  064E  303F               	movlw	63
   952  064F  0506               	andwf	6,w	;volatile
   953  0650  00F0               	movwf	??_read_digital_keypad
   954  0651  303F               	movlw	63
   955  0652  0670               	xorwf	??_read_digital_keypad,w
   956  0653  1D03               	btfss	3,2
   957  0654  2E56               	goto	u301
   958  0655  2E57               	goto	u300
   959  0656                     u301:
   960  0656  2E59               	goto	l825
   961  0657                     u300:
   962  0657                     l823:
   963                           
   964                           ;digital_keypad.c: 35:         {;digital_keypad.c: 36:             once = 1;
   965  0657  01DB               	clrf	read_digital_keypad@once
   966  0658  0ADB               	incf	read_digital_keypad@once,f
   967  0659                     l825:
   968                           
   969                           ;digital_keypad.c: 40:     return 0x3F;
   970  0659  303F               	movlw	63
   971  065A                     l65:
   972  065A  0008               	return
   973  065B                     __end_of_read_digital_keypad:
   974                           
   975                           	psect	text2
   976  05EE                     __ptext2:	
   977 ;; *************** function _init_config *****************
   978 ;; Defined at:
   979 ;;		line 14 in file "main.c"
   980 ;; Parameters:    Size  Location     Type
   981 ;;		None
   982 ;; Auto vars:     Size  Location     Type
   983 ;;		None
   984 ;; Return value:  Size  Location     Type
   985 ;;                  1    wreg      void 
   986 ;; Registers used:
   987 ;;		wreg, status,2, status,0, pclath, cstack
   988 ;; Tracked objects:
   989 ;;		On entry : 0/0
   990 ;;		On exit  : 0/0
   991 ;;		Unchanged: 0/0
   992 ;; Data sizes:     COMMON   BANK0   BANK1   BANK3   BANK2
   993 ;;      Params:         0       0       0       0       0
   994 ;;      Locals:         0       0       0       0       0
   995 ;;      Temps:          0       0       0       0       0
   996 ;;      Totals:         0       0       0       0       0
   997 ;;Total ram usage:        0 bytes
   998 ;; Hardware stack levels used:    1
   999 ;; Hardware stack levels required when called:    1
  1000 ;; This function calls:
  1001 ;;		_init_digital_keypad
  1002 ;;		_init_ssd
  1003 ;; This function is called by:
  1004 ;;		_main
  1005 ;; This function uses a non-reentrant model
  1006 ;;
  1007                           
  1008                           
  1009                           ;psect for function _init_config
  1010  05EE                     _init_config:
  1011  05EE                     l799:	
  1012                           ;incstack = 0
  1013                           ; Regs used in _init_config: [wreg+status,2+status,0+pclath+cstack]
  1014                           
  1015                           
  1016                           ;main.c: 16:     while (1)
  1017  05EE  120A  118A  25F9  120A  118A  	fcall	_init_ssd
  1018                           
  1019                           ;main.c: 17:     {
  1020  05F3  120A  118A  25E8  120A  118A  	fcall	_init_digital_keypad
  1021  05F8                     l11:
  1022  05F8  0008               	return
  1023  05F9                     __end_of_init_config:
  1024                           
  1025                           	psect	text3
  1026  05F9                     __ptext3:	
  1027 ;; *************** function _init_ssd *****************
  1028 ;; Defined at:
  1029 ;;		line 12 in file "ssd.c"
  1030 ;; Parameters:    Size  Location     Type
  1031 ;;		None
  1032 ;; Auto vars:     Size  Location     Type
  1033 ;;		None
  1034 ;; Return value:  Size  Location     Type
  1035 ;;                  1    wreg      void 
  1036 ;; Registers used:
  1037 ;;		wreg, status,2
  1038 ;; Tracked objects:
  1039 ;;		On entry : 0/0
  1040 ;;		On exit  : 0/0
  1041 ;;		Unchanged: 0/0
  1042 ;; Data sizes:     COMMON   BANK0   BANK1   BANK3   BANK2
  1043 ;;      Params:         0       0       0       0       0
  1044 ;;      Locals:         0       0       0       0       0
  1045 ;;      Temps:          0       0       0       0       0
  1046 ;;      Totals:         0       0       0       0       0
  1047 ;;Total ram usage:        0 bytes
  1048 ;; Hardware stack levels used:    1
  1049 ;; This function calls:
  1050 ;;		Nothing
  1051 ;; This function is called by:
  1052 ;;		_init_config
  1053 ;; This function uses a non-reentrant model
  1054 ;;
  1055                           
  1056                           
  1057                           ;psect for function _init_ssd
  1058  05F9                     _init_ssd:
  1059  05F9                     l791:	
  1060                           ;incstack = 0
  1061                           ; Regs used in _init_ssd: [wreg+status,2]
  1062                           
  1063                           
  1064                           ;ssd.c: 15:     TRISD = 0x00;
  1065  05F9  1683               	bsf	3,5	;RP0=1, select bank1
  1066  05FA  1303               	bcf	3,6	;RP1=0, select bank1
  1067  05FB  0188               	clrf	8	;volatile
  1068  05FC                     l793:
  1069                           
  1070                           ;ssd.c: 18:     TRISA = TRISA & 0x03;
  1071  05FC  0805               	movf	5,w	;volatile
  1072  05FD  3903               	andlw	3
  1073  05FE  0085               	movwf	5	;volatile
  1074  05FF                     l795:
  1075                           
  1076                           ;ssd.c: 20:     PORTA = PORTA & 0x03;
  1077  05FF  1283               	bcf	3,5	;RP0=0, select bank0
  1078  0600  1303               	bcf	3,6	;RP1=0, select bank0
  1079  0601  0805               	movf	5,w	;volatile
  1080  0602  3903               	andlw	3
  1081  0603  0085               	movwf	5	;volatile
  1082  0604                     l44:
  1083  0604  0008               	return
  1084  0605                     __end_of_init_ssd:
  1085                           
  1086                           	psect	text4
  1087  05E8                     __ptext4:	
  1088 ;; *************** function _init_digital_keypad *****************
  1089 ;; Defined at:
  1090 ;;		line 12 in file "digital_keypad.c"
  1091 ;; Parameters:    Size  Location     Type
  1092 ;;		None
  1093 ;; Auto vars:     Size  Location     Type
  1094 ;;		None
  1095 ;; Return value:  Size  Location     Type
  1096 ;;                  1    wreg      void 
  1097 ;; Registers used:
  1098 ;;		wreg, status,2
  1099 ;; Tracked objects:
  1100 ;;		On entry : 0/0
  1101 ;;		On exit  : 0/0
  1102 ;;		Unchanged: 0/0
  1103 ;; Data sizes:     COMMON   BANK0   BANK1   BANK3   BANK2
  1104 ;;      Params:         0       0       0       0       0
  1105 ;;      Locals:         0       0       0       0       0
  1106 ;;      Temps:          0       0       0       0       0
  1107 ;;      Totals:         0       0       0       0       0
  1108 ;;Total ram usage:        0 bytes
  1109 ;; Hardware stack levels used:    1
  1110 ;; This function calls:
  1111 ;;		Nothing
  1112 ;; This function is called by:
  1113 ;;		_init_config
  1114 ;; This function uses a non-reentrant model
  1115 ;;
  1116                           
  1117                           
  1118                           ;psect for function _init_digital_keypad
  1119  05E8                     _init_digital_keypad:
  1120  05E8                     l797:	
  1121                           ;incstack = 0
  1122                           ; Regs used in _init_digital_keypad: [wreg+status,2]
  1123                           
  1124                           
  1125                           ;digital_keypad.c: 15:     TRISB = TRISB | 0x3F;
  1126  05E8  1683               	bsf	3,5	;RP0=1, select bank1
  1127  05E9  1303               	bcf	3,6	;RP1=0, select bank1
  1128  05EA  0806               	movf	6,w	;volatile
  1129  05EB  383F               	iorlw	63
  1130  05EC  0086               	movwf	6	;volatile
  1131  05ED                     l59:
  1132  05ED  0008               	return
  1133  05EE                     __end_of_init_digital_keypad:
  1134                           
  1135                           	psect	text5
  1136  0695                     __ptext5:	
  1137 ;; *************** function _display *****************
  1138 ;; Defined at:
  1139 ;;		line 23 in file "ssd.c"
  1140 ;; Parameters:    Size  Location     Type
  1141 ;;  data            1    wreg     PTR unsigned char 
  1142 ;;		 -> main@ssd(4), 
  1143 ;; Auto vars:     Size  Location     Type
  1144 ;;  data            1    8[COMMON] PTR unsigned char 
  1145 ;;		 -> main@ssd(4), 
  1146 ;;  wait            4    4[COMMON] unsigned long 
  1147 ;;  digit           1    9[COMMON] unsigned char 
  1148 ;; Return value:  Size  Location     Type
  1149 ;;                  1    wreg      void 
  1150 ;; Registers used:
  1151 ;;		wreg, fsr0l, fsr0h, status,2, status,0, btemp+1
  1152 ;; Tracked objects:
  1153 ;;		On entry : 0/0
  1154 ;;		On exit  : 0/0
  1155 ;;		Unchanged: 0/0
  1156 ;; Data sizes:     COMMON   BANK0   BANK1   BANK3   BANK2
  1157 ;;      Params:         0       0       0       0       0
  1158 ;;      Locals:         6       0       0       0       0
  1159 ;;      Temps:          4       0       0       0       0
  1160 ;;      Totals:        10       0       0       0       0
  1161 ;;Total ram usage:       10 bytes
  1162 ;; Hardware stack levels used:    1
  1163 ;; This function calls:
  1164 ;;		Nothing
  1165 ;; This function is called by:
  1166 ;;		_main
  1167 ;; This function uses a non-reentrant model
  1168 ;;
  1169                           
  1170                           
  1171                           ;psect for function _display
  1172  0695                     _display:
  1173                           
  1174                           ;incstack = 0
  1175                           ; Regs used in _display: [wreg-fsr0h+status,2+status,0+btemp+1]
  1176                           ;display@data stored from wreg
  1177  0695  00F8               	movwf	display@data
  1178  0696                     l829:
  1179                           
  1180                           ;ssd.c: 23: void display(unsigned char data[]);ssd.c: 24: {;ssd.c: 25:     unsigned char
      +                           digit;;ssd.c: 27:     for (digit = 0; digit < 4; digit++)
  1181  0696  01F9               	clrf	display@digit
  1182  0697                     l835:
  1183                           
  1184                           ;ssd.c: 28:     {;ssd.c: 29:         PORTD = data[digit];
  1185  0697  0879               	movf	display@digit,w
  1186  0698  0778               	addwf	display@data,w
  1187  0699  00F0               	movwf	??_display
  1188  069A  0870               	movf	??_display,w
  1189  069B  0084               	movwf	4
  1190  069C  1383               	bcf	3,7	;select IRP bank0
  1191  069D  0800               	movf	0,w
  1192  069E  1283               	bcf	3,5	;RP0=0, select bank0
  1193  069F  1303               	bcf	3,6	;RP1=0, select bank0
  1194  06A0  0088               	movwf	8	;volatile
  1195  06A1                     l837:
  1196                           
  1197                           ;ssd.c: 30:         PORTA = (PORTA & 0x03) | (0x04 << digit);
  1198  06A1  3004               	movlw	4
  1199  06A2  00F0               	movwf	??_display
  1200  06A3  0A79               	incf	display@digit,w
  1201  06A4  2EA7               	goto	u314
  1202  06A5                     u315:
  1203  06A5  1003               	clrc
  1204  06A6  0DF0               	rlf	??_display,f
  1205  06A7                     u314:
  1206  06A7  3EFF               	addlw	-1
  1207  06A8  1D03               	skipz
  1208  06A9  2EA5               	goto	u315
  1209  06AA  0805               	movf	5,w	;volatile
  1210  06AB  3903               	andlw	3
  1211  06AC  0470               	iorwf	??_display,w
  1212  06AD  0085               	movwf	5	;volatile
  1213  06AE                     l839:
  1214                           
  1215                           ;ssd.c: 32:        for (unsigned long int wait = 200; wait--; );
  1216  06AE  3000               	movlw	0
  1217  06AF  00F7               	movwf	display@wait+3
  1218  06B0  3000               	movlw	0
  1219  06B1  00F6               	movwf	display@wait+2
  1220  06B2  3000               	movlw	0
  1221  06B3  00F5               	movwf	display@wait+1
  1222  06B4  30C8               	movlw	200
  1223  06B5  00F4               	movwf	display@wait
  1224  06B6                     l841:
  1225  06B6  3001               	movlw	1
  1226  06B7  00F0               	movwf	??_display
  1227  06B8  3000               	movlw	0
  1228  06B9  00F1               	movwf	??_display+1
  1229  06BA  3000               	movlw	0
  1230  06BB  00F2               	movwf	??_display+2
  1231  06BC  3000               	movlw	0
  1232  06BD  00F3               	movwf	??_display+3
  1233  06BE  0870               	movf	??_display,w
  1234  06BF  02F4               	subwf	display@wait,f
  1235  06C0  0871               	movf	??_display+1,w
  1236  06C1  1C03               	skipc
  1237  06C2  0F71               	incfsz	??_display+1,w
  1238  06C3  2EC5               	goto	u325
  1239  06C4  2EC6               	goto	u326
  1240  06C5                     u325:
  1241  06C5  02F5               	subwf	display@wait+1,f
  1242  06C6                     u326:
  1243  06C6  0872               	movf	??_display+2,w
  1244  06C7  1C03               	skipc
  1245  06C8  0F72               	incfsz	??_display+2,w
  1246  06C9  2ECB               	goto	u327
  1247  06CA  2ECC               	goto	u328
  1248  06CB                     u327:
  1249  06CB  02F6               	subwf	display@wait+2,f
  1250  06CC                     u328:
  1251  06CC  0873               	movf	??_display+3,w
  1252  06CD  1C03               	skipc
  1253  06CE  0F73               	incfsz	??_display+3,w
  1254  06CF  2ED1               	goto	u329
  1255  06D0  2ED2               	goto	u320
  1256  06D1                     u329:
  1257  06D1  02F7               	subwf	display@wait+3,f
  1258  06D2                     u320:
  1259  06D2  0A74               	incf	display@wait,w
  1260  06D3  1D03               	skipz
  1261  06D4  2EDF               	goto	u331
  1262  06D5  0A75               	incf	display@wait+1,w
  1263  06D6  1D03               	skipz
  1264  06D7  2EDF               	goto	u331
  1265  06D8  0A76               	incf	display@wait+2,w
  1266  06D9  1D03               	skipz
  1267  06DA  2EDF               	goto	u331
  1268  06DB  0A77               	incf	display@wait+3,w
  1269  06DC  1D03               	btfss	3,2
  1270  06DD  2EDF               	goto	u331
  1271  06DE  2EE0               	goto	u330
  1272  06DF                     u331:
  1273  06DF  2EB6               	goto	l841
  1274  06E0                     u330:
  1275  06E0                     l843:
  1276                           
  1277                           ;ssd.c: 33:     }
  1278  06E0  3001               	movlw	1
  1279  06E1  00FF               	movwf	btemp+1
  1280  06E2  087F               	movf	btemp+1,w
  1281  06E3  07F9               	addwf	display@digit,f
  1282  06E4                     l845:
  1283  06E4  3004               	movlw	4
  1284  06E5  0279               	subwf	display@digit,w
  1285  06E6  1C03               	skipc
  1286  06E7  2EE9               	goto	u341
  1287  06E8  2EEA               	goto	u340
  1288  06E9                     u341:
  1289  06E9  2E97               	goto	l835
  1290  06EA                     u340:
  1291  06EA                     l52:
  1292  06EA  0008               	return
  1293  06EB                     __end_of_display:
  1294                           
  1295                           	psect	text6
  1296  065B                     __ptext6:	
  1297 ;; *************** function ___lwmod *****************
  1298 ;; Defined at:
  1299 ;;		line 5 in file "/opt/microchip/xc8/v2.20/pic/sources/c90/common/lwmod.c"
  1300 ;; Parameters:    Size  Location     Type
  1301 ;;  divisor         2    0[COMMON] unsigned int 
  1302 ;;  dividend        2    2[COMMON] unsigned int 
  1303 ;; Auto vars:     Size  Location     Type
  1304 ;;  counter         1    4[COMMON] unsigned char 
  1305 ;; Return value:  Size  Location     Type
  1306 ;;                  2    0[COMMON] unsigned int 
  1307 ;; Registers used:
  1308 ;;		wreg, status,2, status,0, btemp+1
  1309 ;; Tracked objects:
  1310 ;;		On entry : 0/0
  1311 ;;		On exit  : 0/0
  1312 ;;		Unchanged: 0/0
  1313 ;; Data sizes:     COMMON   BANK0   BANK1   BANK3   BANK2
  1314 ;;      Params:         4       0       0       0       0
  1315 ;;      Locals:         1       0       0       0       0
  1316 ;;      Temps:          0       0       0       0       0
  1317 ;;      Totals:         5       0       0       0       0
  1318 ;;Total ram usage:        5 bytes
  1319 ;; Hardware stack levels used:    1
  1320 ;; This function calls:
  1321 ;;		Nothing
  1322 ;; This function is called by:
  1323 ;;		_main
  1324 ;; This function uses a non-reentrant model
  1325 ;;
  1326                           
  1327                           
  1328                           ;psect for function ___lwmod
  1329  065B                     ___lwmod:
  1330  065B                     l847:	
  1331                           ;incstack = 0
  1332                           ; Regs used in ___lwmod: [wreg+status,2+status,0+btemp+1]
  1333                           
  1334  065B  0870               	movf	___lwmod@divisor,w
  1335  065C  0471               	iorwf	___lwmod@divisor+1,w
  1336  065D  1903               	btfsc	3,2
  1337  065E  2E60               	goto	u351
  1338  065F  2E61               	goto	u350
  1339  0660                     u351:
  1340  0660  2E90               	goto	l865
  1341  0661                     u350:
  1342  0661                     l849:
  1343  0661  01F4               	clrf	___lwmod@counter
  1344  0662  0AF4               	incf	___lwmod@counter,f
  1345  0663  2E6F               	goto	l855
  1346  0664                     l851:
  1347  0664  3001               	movlw	1
  1348  0665                     u365:
  1349  0665  1003               	clrc
  1350  0666  0DF0               	rlf	___lwmod@divisor,f
  1351  0667  0DF1               	rlf	___lwmod@divisor+1,f
  1352  0668  3EFF               	addlw	-1
  1353  0669  1D03               	skipz
  1354  066A  2E65               	goto	u365
  1355  066B                     l853:
  1356  066B  3001               	movlw	1
  1357  066C  00FF               	movwf	btemp+1
  1358  066D  087F               	movf	btemp+1,w
  1359  066E  07F4               	addwf	___lwmod@counter,f
  1360  066F                     l855:
  1361  066F  1FF1               	btfss	___lwmod@divisor+1,7
  1362  0670  2E72               	goto	u371
  1363  0671  2E73               	goto	u370
  1364  0672                     u371:
  1365  0672  2E64               	goto	l851
  1366  0673                     u370:
  1367  0673                     l857:
  1368  0673  0871               	movf	___lwmod@divisor+1,w
  1369  0674  0273               	subwf	___lwmod@dividend+1,w
  1370  0675  1D03               	skipz
  1371  0676  2E79               	goto	u385
  1372  0677  0870               	movf	___lwmod@divisor,w
  1373  0678  0272               	subwf	___lwmod@dividend,w
  1374  0679                     u385:
  1375  0679  1C03               	skipc
  1376  067A  2E7C               	goto	u381
  1377  067B  2E7D               	goto	u380
  1378  067C                     u381:
  1379  067C  2E83               	goto	l861
  1380  067D                     u380:
  1381  067D                     l859:
  1382  067D  0870               	movf	___lwmod@divisor,w
  1383  067E  02F2               	subwf	___lwmod@dividend,f
  1384  067F  0871               	movf	___lwmod@divisor+1,w
  1385  0680  1C03               	skipc
  1386  0681  03F3               	decf	___lwmod@dividend+1,f
  1387  0682  02F3               	subwf	___lwmod@dividend+1,f
  1388  0683                     l861:
  1389  0683  3001               	movlw	1
  1390  0684                     u395:
  1391  0684  1003               	clrc
  1392  0685  0CF1               	rrf	___lwmod@divisor+1,f
  1393  0686  0CF0               	rrf	___lwmod@divisor,f
  1394  0687  3EFF               	addlw	-1
  1395  0688  1D03               	skipz
  1396  0689  2E84               	goto	u395
  1397  068A                     l863:
  1398  068A  3001               	movlw	1
  1399  068B  02F4               	subwf	___lwmod@counter,f
  1400  068C  1D03               	btfss	3,2
  1401  068D  2E8F               	goto	u401
  1402  068E  2E90               	goto	u400
  1403  068F                     u401:
  1404  068F  2E73               	goto	l857
  1405  0690                     u400:
  1406  0690                     l865:
  1407  0690  0873               	movf	___lwmod@dividend+1,w
  1408  0691  00F1               	movwf	?___lwmod+1
  1409  0692  0872               	movf	___lwmod@dividend,w
  1410  0693  00F0               	movwf	?___lwmod
  1411  0694                     l437:
  1412  0694  0008               	return
  1413  0695                     __end_of___lwmod:
  1414  007E                     btemp	set	126	;btemp
  1415  007E                     wtemp0	set	126
  1416                           
  1417                           	psect	config
  1418                           
  1419                           ;Config register CONFIG @ 0x2007
  1420                           ;	Oscillator Selection bits
  1421                           ;	FOSC = 0x3, unprogrammed default
  1422                           ;	Watchdog Timer Enable bit
  1423                           ;	WDTE = OFF, WDT disabled
  1424                           ;	Power-up Timer Enable bit
  1425                           ;	PWRTE = 0x1, unprogrammed default
  1426                           ;	Brown-out Reset Enable bit
  1427                           ;	BOREN = 0x1, unprogrammed default
  1428                           ;	Low-Voltage (Single-Supply) In-Circuit Serial Programming Enable bit
  1429                           ;	LVP = 0x1, unprogrammed default
  1430                           ;	Data EEPROM Memory Code Protection bit
  1431                           ;	CPD = 0x1, unprogrammed default
  1432                           ;	Flash Program Memory Write Enable bits
  1433                           ;	WRT = 0x3, unprogrammed default
  1434                           ;	In-Circuit Debugger Mode bit
  1435                           ;	DEBUG = 0x1, unprogrammed default
  1436                           ;	Flash Program Memory Code Protection bit
  1437                           ;	CP = 0x1, unprogrammed default
  1438  2007                     	org	8199
  1439  2007  3FFB               	dw	16379

Data Sizes:
    Strings     0
    Constant    0
    Data        25
    BSS         0
    Persistent  0
    Stack       0

Auto Spaces:
    Space          Size  Autos    Used
    COMMON           14     14      14
    BANK0            80     35      60
    BANK1            80      0       0
    BANK3            96      0       0
    BANK2            96      0       0

Pointer List with Targets:

    display@data	PTR unsigned char  size(1) Largest target is 4
		 -> main@ssd(BANK0[4]), 


Critical Paths under _main in COMMON

    _main->_display

Critical Paths under _main in BANK0

    None.

Critical Paths under _main in BANK1

    None.

Critical Paths under _main in BANK3

    None.

Critical Paths under _main in BANK2

    None.

Call Graph Tables:

 ---------------------------------------------------------------------------------
 (Depth) Function   	        Calls       Base Space   Used Autos Params    Refs
 ---------------------------------------------------------------------------------
 (0) _main                                                39    39      0    1334
                                             10 COMMON     4     4      0
                                              0 BANK0     35    35      0
                            ___lwmod
                            _display
                        _init_config
                _read_digital_keypad
 ---------------------------------------------------------------------------------
 (1) _read_digital_keypad                                  2     2      0      22
                                              0 COMMON     2     2      0
 ---------------------------------------------------------------------------------
 (1) _init_config                                          0     0      0       0
                _init_digital_keypad
                           _init_ssd
 ---------------------------------------------------------------------------------
 (2) _init_ssd                                             0     0      0       0
 ---------------------------------------------------------------------------------
 (2) _init_digital_keypad                                  0     0      0       0
 ---------------------------------------------------------------------------------
 (1) _display                                             10    10      0     168
                                              0 COMMON    10    10      0
 ---------------------------------------------------------------------------------
 (1) ___lwmod                                              5     1      4     615
                                              0 COMMON     5     1      4
 ---------------------------------------------------------------------------------
 Estimated maximum stack depth 2
 ---------------------------------------------------------------------------------

 Call Graph Graphs:

 _main (ROOT)
   ___lwmod
   _display
   _init_config
     _init_digital_keypad
     _init_ssd
   _read_digital_keypad

 Address spaces:
Name               Size   Autos  Total    Cost      Usage
BANK3               60      0       0       9        0.0%
BITBANK3            60      0       0       8        0.0%
SFR3                 0      0       0       4        0.0%
BITSFR3              0      0       0       4        0.0%
BANK2               60      0       0      11        0.0%
BITBANK2            60      0       0      10        0.0%
SFR2                 0      0       0       5        0.0%
BITSFR2              0      0       0       5        0.0%
BANK1               50      0       0       7        0.0%
BITBANK1            50      0       0       6        0.0%
SFR1                 0      0       0       2        0.0%
BITSFR1              0      0       0       2        0.0%
BANK0               50     23      3C       5       75.0%
BITBANK0            50      0       0       4        0.0%
SFR0                 0      0       0       1        0.0%
BITSFR0              0      0       0       1        0.0%
COMMON               E      E       E       1      100.0%
BITCOMMON            E      0       0       0        0.0%
CODE                 0      0       0       0        0.0%
DATA                 0      0      4A      12        0.0%
ABS                  0      0      4A       3        0.0%
NULL                 0      0       0       0        0.0%
STACK                0      0       0       2        0.0%
EEDATA             100      0       0       0        0.0%


Microchip Technology PIC Macro Assembler V2.20 build 20200408173844 
Symbol Table                                                                                   Thu Jun  1 21:03:15 2023

                           pc 0002                            l11 05F8                            l25 0783  
                          l52 06EA                            l44 0604                            l65 065A  
                          l59 05ED                            fsr 0004                           l437 0694  
                         l801 0632                           l811 0647                           l803 0637  
                         l813 064C                           l821 064E                           l901 0757  
                         l823 0657                           l903 0767                           l911 0783  
                         l841 06B6                           l825 0659                           l809 063C  
                         l913 078D                           l905 076A                           l851 0664  
                         l843 06E0                           l835 0697                           l915 07AA  
                         l907 0770                           l861 0683                           l853 066B  
                         l845 06E4                           l837 06A1                           l829 0696  
                         l917 07C7                           l909 077E                           l863 068A  
                         l855 066F                           l847 065B                           l839 06AE  
                         l791 05F9                           l919 07E4                           l871 06F0  
                         l857 0673                           l849 0661                           l865 0690  
                         l793 05FC                           l881 0711                           l873 06F6  
                         l859 067D                           l795 05FF                           l891 0733  
                         l883 071C                           l875 070B                           l797 05E8  
                         l893 073D                           l885 0722                           l877 070D  
                         l869 06EB                           l799 05EE                           l895 0742  
                         l887 0728                           l879 070F                           l897 074F  
                         l889 072D                           l899 0751                           u300 0657  
                         u301 0656                           u400 0690                           u320 06D2  
                         u401 068F                           u330 06E0                           u314 06A7  
                         u410 06FE                           u331 06DF                           u315 06A5  
                         u340 06EA                           u500 0767                           u420 0722  
                         u341 06E9                           u325 06C5                           u501 0766  
                         u421 0721                           u350 0661                           u326 06C6  
                         u270 0637                           u510 0770                           u430 0728  
                         u351 0660                           u327 06CB                           u271 0636  
                         u511 076F                           u431 0727                           u328 06CC  
                         u280 0647                           u520 077E                           u440 0733  
                         u329 06D1                           u281 0646                           u521 077D  
                         u441 0732                           u370 0673                           u290 064C  
                         u450 0739                           u371 0672                           u291 064B  
                         u451 0737                           u380 067D                           u460 073A  
                         u381 067C                           u365 0665                           u470 0742  
                         u471 0741                           u480 074F                           u385 0679  
                         u481 074E                           u490 0757                           u395 0684  
                         u491 0756                           fsr0 0004                           indf 0000  
       ??_read_digital_keypad 0070                   main@cur_key 003E                   display@data 0078  
                 display@wait 0074                          _main 06EB                          btemp 007E  
                        start 0000                         ?_main 0070               __end_of___lwmod 0695  
                ?_init_config 0070                         _PORTA 0005                         _PORTB 0006  
                       _PORTD 0008                         _TRISA 0085                         _TRISB 0086  
                       _TRISD 0088                  display@digit 0079               __end_of_display 06EB  
                       pclath 000A                         status 0003                         wtemp0 007E  
             __initialization 07EE                  __end_of_main 07EE                        ??_main 007A  
 __end_of_init_digital_keypad 05EE                     ??___lwmod 0074              __end_of_init_ssd 0605  
                   ??_display 0070       __end_of__initialization 07FC                __pcstackCOMMON 0070  
                __pidataBANK0 0618          __size_of_init_config 000B                    __pmaintext 06EB  
 __end_of_read_digital_keypad 065B                     ?_init_ssd 0070                       ___lwmod 065B  
                     __ptext1 0631                       __ptext2 05EE                       __ptext3 05F9  
                     __ptext4 05E8                       __ptext5 0695                       __ptext6 065B  
                     _display 0695                       main@key 0040                       main@ssd 0038  
        end_of_initialization 07FC                    ??_init_ssd 0070  __size_of_init_digital_keypad 0006  
         start_initialization 07EE                    init_fetch0 0605                   __pdataBANK0 0043  
               ??_init_config 0070                     ___latbits 0002                 __pcstackBANK0 0020  
           __size_of_init_ssd 000C                      ?___lwmod 0070                      ?_display 0070  
         __end_of_init_config 05F9  __size_of_read_digital_keypad 002A                     main@digit 0020  
                   main@count 0041           _init_digital_keypad 05E8          ?_init_digital_keypad 0070  
            __size_of___lwmod 003A                   _init_config 05EE              __size_of_display 0056  
               __size_of_main 0103                      _init_ssd 05F9       read_digital_keypad@mode 0071  
     read_digital_keypad@once 005B                      main@F861 0043         ??_init_digital_keypad 0070  
                    main@flag 003F                      main@wait 003C                      init_ram0 0609  
            ___lwmod@dividend 0072           _read_digital_keypad 0631               ___lwmod@divisor 0070  
             ___lwmod@counter 0074          ?_read_digital_keypad 0070  
